[0.657s] Invoking command in '/home/bushwookie/ws_orbot/src/pick_apple': PYTHONPATH=/home/bushwookie/ws_orbot/build/pick_apple/prefix_override:/home/bushwookie/ws_orbot/install/pick_apple/lib/python3.10/site-packages:${PYTHONPATH} WSLENV=ELECTRON_RUN_AS_NODE/w: /usr/bin/python3 -W ignore:setup.py install is deprecated setup.py egg_info --egg-base ../../build/pick_apple build --build-base /home/bushwookie/ws_orbot/build/pick_apple/build install --record /home/bushwookie/ws_orbot/build/pick_apple/install.log --single-version-externally-managed install_data
[0.801s] running egg_info
[0.802s] writing ../../build/pick_apple/pick_apple.egg-info/PKG-INFO
[0.802s] writing dependency_links to ../../build/pick_apple/pick_apple.egg-info/dependency_links.txt
[0.802s] writing entry points to ../../build/pick_apple/pick_apple.egg-info/entry_points.txt
[0.802s] writing requirements to ../../build/pick_apple/pick_apple.egg-info/requires.txt
[0.802s] writing top-level names to ../../build/pick_apple/pick_apple.egg-info/top_level.txt
[0.803s] reading manifest file '../../build/pick_apple/pick_apple.egg-info/SOURCES.txt'
[0.804s] adding license file 'LICENSE'
[0.804s] writing manifest file '../../build/pick_apple/pick_apple.egg-info/SOURCES.txt'
[0.804s] running build
[0.804s] running build_py
[0.805s] running install
[0.805s] running install_lib
[0.806s] running install_data
[0.806s] running install_egg_info
[0.807s] removing '/home/bushwookie/ws_orbot/install/pick_apple/lib/python3.10/site-packages/pick_apple-0.0.0-py3.10.egg-info' (and everything under it)
[0.807s] Copying ../../build/pick_apple/pick_apple.egg-info to /home/bushwookie/ws_orbot/install/pick_apple/lib/python3.10/site-packages/pick_apple-0.0.0-py3.10.egg-info
[0.808s] running install_scripts
[0.825s] writing list of installed files to '/home/bushwookie/ws_orbot/build/pick_apple/install.log'
[0.850s] Invoked command in '/home/bushwookie/ws_orbot/src/pick_apple' returned '0': PYTHONPATH=/home/bushwookie/ws_orbot/build/pick_apple/prefix_override:/home/bushwookie/ws_orbot/install/pick_apple/lib/python3.10/site-packages:${PYTHONPATH} WSLENV=ELECTRON_RUN_AS_NODE/w: /usr/bin/python3 -W ignore:setup.py install is deprecated setup.py egg_info --egg-base ../../build/pick_apple build --build-base /home/bushwookie/ws_orbot/build/pick_apple/build install --record /home/bushwookie/ws_orbot/build/pick_apple/install.log --single-version-externally-managed install_data
