[0.865s] Invoking command in '/home/bushwookie/ws_orbot/src/image_processing': PYTHONPATH=/home/bushwookie/ws_orbot/build/image_processing/prefix_override:/home/bushwookie/ws_orbot/install/image_processing/lib/python3.10/site-packages:${PYTHONPATH} WSLENV=ELECTRON_RUN_AS_NODE/w: /usr/bin/python3 -W ignore:setup.py install is deprecated setup.py egg_info --egg-base ../../build/image_processing build --build-base /home/bushwookie/ws_orbot/build/image_processing/build install --record /home/bushwookie/ws_orbot/build/image_processing/install.log --single-version-externally-managed install_data
[1.101s] running egg_info
[1.101s] writing ../../build/image_processing/image_processing.egg-info/PKG-INFO
[1.102s] writing dependency_links to ../../build/image_processing/image_processing.egg-info/dependency_links.txt
[1.102s] writing entry points to ../../build/image_processing/image_processing.egg-info/entry_points.txt
[1.102s] writing requirements to ../../build/image_processing/image_processing.egg-info/requires.txt
[1.102s] writing top-level names to ../../build/image_processing/image_processing.egg-info/top_level.txt
[1.104s] reading manifest file '../../build/image_processing/image_processing.egg-info/SOURCES.txt'
[1.104s] adding license file 'LICENSE'
[1.105s] writing manifest file '../../build/image_processing/image_processing.egg-info/SOURCES.txt'
[1.106s] running build
[1.106s] running build_py
[1.106s] copying image_processing/test_client_function.py -> /home/bushwookie/ws_orbot/build/image_processing/build/lib/image_processing
[1.106s] copying image_processing/service_function.py -> /home/bushwookie/ws_orbot/build/image_processing/build/lib/image_processing
[1.106s] running install
[1.107s] running install_lib
[1.108s] copying /home/bushwookie/ws_orbot/build/image_processing/build/lib/image_processing/test_client_function.py -> /home/bushwookie/ws_orbot/install/image_processing/lib/python3.10/site-packages/image_processing
[1.108s] copying /home/bushwookie/ws_orbot/build/image_processing/build/lib/image_processing/service_function.py -> /home/bushwookie/ws_orbot/install/image_processing/lib/python3.10/site-packages/image_processing
[1.109s] byte-compiling /home/bushwookie/ws_orbot/install/image_processing/lib/python3.10/site-packages/image_processing/test_client_function.py to test_client_function.cpython-310.pyc
[1.110s] byte-compiling /home/bushwookie/ws_orbot/install/image_processing/lib/python3.10/site-packages/image_processing/service_function.py to service_function.cpython-310.pyc
[1.111s] running install_data
[1.111s] running install_egg_info
[1.115s] removing '/home/bushwookie/ws_orbot/install/image_processing/lib/python3.10/site-packages/image_processing-0.0.0-py3.10.egg-info' (and everything under it)
[1.115s] Copying ../../build/image_processing/image_processing.egg-info to /home/bushwookie/ws_orbot/install/image_processing/lib/python3.10/site-packages/image_processing-0.0.0-py3.10.egg-info
[1.116s] running install_scripts
[1.153s] Installing rgb_image_service script to /home/bushwookie/ws_orbot/install/image_processing/lib/image_processing
[1.154s] Installing test_client script to /home/bushwookie/ws_orbot/install/image_processing/lib/image_processing
[1.155s] writing list of installed files to '/home/bushwookie/ws_orbot/build/image_processing/install.log'
[1.198s] Invoked command in '/home/bushwookie/ws_orbot/src/image_processing' returned '0': PYTHONPATH=/home/bushwookie/ws_orbot/build/image_processing/prefix_override:/home/bushwookie/ws_orbot/install/image_processing/lib/python3.10/site-packages:${PYTHONPATH} WSLENV=ELECTRON_RUN_AS_NODE/w: /usr/bin/python3 -W ignore:setup.py install is deprecated setup.py egg_info --egg-base ../../build/image_processing build --build-base /home/bushwookie/ws_orbot/build/image_processing/build install --record /home/bushwookie/ws_orbot/build/image_processing/install.log --single-version-externally-managed install_data
