running egg_info
writing ../../build/image_processing/image_processing.egg-info/PKG-INFO
writing dependency_links to ../../build/image_processing/image_processing.egg-info/dependency_links.txt
writing entry points to ../../build/image_processing/image_processing.egg-info/entry_points.txt
writing requirements to ../../build/image_processing/image_processing.egg-info/requires.txt
writing top-level names to ../../build/image_processing/image_processing.egg-info/top_level.txt
reading manifest file '../../build/image_processing/image_processing.egg-info/SOURCES.txt'
adding license file 'LICENSE'
writing manifest file '../../build/image_processing/image_processing.egg-info/SOURCES.txt'
running build
running build_py
copying image_processing/ImageProcess.py -> /home/bushwookie/ws_orbot/build/image_processing/build/lib/image_processing
copying image_processing/test_client_function.py -> /home/bushwookie/ws_orbot/build/image_processing/build/lib/image_processing
copying image_processing/service_function.py -> /home/bushwookie/ws_orbot/build/image_processing/build/lib/image_processing
running install
running install_lib
copying /home/bushwookie/ws_orbot/build/image_processing/build/lib/image_processing/ImageProcess.py -> /home/bushwookie/ws_orbot/install/image_processing/lib/python3.10/site-packages/image_processing
copying /home/bushwookie/ws_orbot/build/image_processing/build/lib/image_processing/test_client_function.py -> /home/bushwookie/ws_orbot/install/image_processing/lib/python3.10/site-packages/image_processing
copying /home/bushwookie/ws_orbot/build/image_processing/build/lib/image_processing/service_function.py -> /home/bushwookie/ws_orbot/install/image_processing/lib/python3.10/site-packages/image_processing
byte-compiling /home/bushwookie/ws_orbot/install/image_processing/lib/python3.10/site-packages/image_processing/ImageProcess.py to ImageProcess.cpython-310.pyc
byte-compiling /home/bushwookie/ws_orbot/install/image_processing/lib/python3.10/site-packages/image_processing/test_client_function.py to test_client_function.cpython-310.pyc
byte-compiling /home/bushwookie/ws_orbot/install/image_processing/lib/python3.10/site-packages/image_processing/service_function.py to service_function.cpython-310.pyc
running install_data
running install_egg_info
removing '/home/bushwookie/ws_orbot/install/image_processing/lib/python3.10/site-packages/image_processing-0.0.0-py3.10.egg-info' (and everything under it)
Copying ../../build/image_processing/image_processing.egg-info to /home/bushwookie/ws_orbot/install/image_processing/lib/python3.10/site-packages/image_processing-0.0.0-py3.10.egg-info
running install_scripts
Installing rgb_image_service script to /home/bushwookie/ws_orbot/install/image_processing/lib/image_processing
Installing test_client script to /home/bushwookie/ws_orbot/install/image_processing/lib/image_processing
writing list of installed files to '/home/bushwookie/ws_orbot/build/image_processing/install.log'
