[0.027s] Invoking command in '/home/bushwookie/ws_orbot/build/image_interfaces': CMAKE_PREFIX_PATH=/opt/ros/humble WSLENV=ELECTRON_RUN_AS_NODE/w: /usr/bin/cmake --build /home/bushwookie/ws_orbot/build/image_interfaces -- -j16 -l16
[0.375s] [  9%] Built target image_interfaces__rosidl_generator_c
[0.375s] [ 12%] Built target image_interfaces__cpp
[0.375s] [ 12%] Built target ament_cmake_python_copy_image_interfaces
[0.375s] [ 22%] Built target image_interfaces__rosidl_typesupport_introspection_c
[0.375s] [ 32%] Built target image_interfaces__rosidl_typesupport_c
[0.375s] [ 41%] Built target image_interfaces__rosidl_typesupport_cpp
[0.375s] [ 51%] Built target image_interfaces__rosidl_typesupport_fastrtps_c
[0.375s] [ 61%] Built target image_interfaces__rosidl_typesupport_fastrtps_cpp
[0.375s] [ 70%] Built target image_interfaces__rosidl_typesupport_introspection_cpp
[0.375s] [ 70%] Built target image_interfaces
[0.375s] [ 74%] Built target image_interfaces__py
[0.376s] [ 80%] Built target image_interfaces__rosidl_generator_py
[0.376s] [ 87%] Built target image_interfaces__rosidl_typesupport_introspection_c__pyext
[0.376s] [ 93%] Built target image_interfaces__rosidl_typesupport_fastrtps_c__pyext
[0.376s] [100%] Built target image_interfaces__rosidl_typesupport_c__pyext
[0.376s] running egg_info
[0.376s] writing image_interfaces.egg-info/PKG-INFO
[0.376s] writing dependency_links to image_interfaces.egg-info/dependency_links.txt
[0.376s] writing top-level names to image_interfaces.egg-info/top_level.txt
[0.376s] reading manifest file 'image_interfaces.egg-info/SOURCES.txt'
[0.376s] writing manifest file 'image_interfaces.egg-info/SOURCES.txt'
[0.376s] [100%] Built target ament_cmake_python_build_image_interfaces_egg
[0.376s] Invoked command in '/home/bushwookie/ws_orbot/build/image_interfaces' returned '0': CMAKE_PREFIX_PATH=/opt/ros/humble WSLENV=ELECTRON_RUN_AS_NODE/w: /usr/bin/cmake --build /home/bushwookie/ws_orbot/build/image_interfaces -- -j16 -l16
[0.443s] Invoking command in '/home/bushwookie/ws_orbot/build/image_interfaces': CMAKE_PREFIX_PATH=/opt/ros/humble WSLENV=ELECTRON_RUN_AS_NODE/w: /usr/bin/cmake --install /home/bushwookie/ws_orbot/build/image_interfaces
[0.448s] -- Install configuration: ""
[0.448s] -- Up-to-date: /home/bushwookie/ws_orbot/install/image_interfaces/share/ament_index/resource_index/rosidl_interfaces/image_interfaces
[0.449s] -- Up-to-date: /home/bushwookie/ws_orbot/install/image_interfaces/include/image_interfaces/image_interfaces
[0.449s] -- Up-to-date: /home/bushwookie/ws_orbot/install/image_interfaces/include/image_interfaces/image_interfaces/srv
[0.449s] -- Up-to-date: /home/bushwookie/ws_orbot/install/image_interfaces/include/image_interfaces/image_interfaces/srv/detail
[0.451s] -- Up-to-date: /home/bushwookie/ws_orbot/install/image_interfaces/include/image_interfaces/image_interfaces/srv/detail/image_request__type_support.h
[0.451s] -- Up-to-date: /home/bushwookie/ws_orbot/install/image_interfaces/include/image_interfaces/image_interfaces/srv/detail/image_request__functions.h
[0.451s] -- Up-to-date: /home/bushwookie/ws_orbot/install/image_interfaces/include/image_interfaces/image_interfaces/srv/detail/image_request__functions.c
[0.452s] -- Up-to-date: /home/bushwookie/ws_orbot/install/image_interfaces/include/image_interfaces/image_interfaces/srv/detail/image_request__struct.h
[0.452s] -- Up-to-date: /home/bushwookie/ws_orbot/install/image_interfaces/include/image_interfaces/image_interfaces/srv/image_request.h
[0.452s] -- Up-to-date: /home/bushwookie/ws_orbot/install/image_interfaces/include/image_interfaces/image_interfaces/msg
[0.452s] -- Up-to-date: /home/bushwookie/ws_orbot/install/image_interfaces/include/image_interfaces/image_interfaces/msg/rosidl_generator_c__visibility_control.h
[0.452s] -- Up-to-date: /home/bushwookie/ws_orbot/install/image_interfaces/share/image_interfaces/environment/library_path.sh
[0.452s] -- Up-to-date: /home/bushwookie/ws_orbot/install/image_interfaces/share/image_interfaces/environment/library_path.dsv
[0.452s] -- Up-to-date: /home/bushwookie/ws_orbot/install/image_interfaces/lib/libimage_interfaces__rosidl_generator_c.so
[0.452s] -- Up-to-date: /home/bushwookie/ws_orbot/install/image_interfaces/include/image_interfaces/image_interfaces
[0.452s] -- Up-to-date: /home/bushwookie/ws_orbot/install/image_interfaces/include/image_interfaces/image_interfaces/srv
[0.452s] -- Up-to-date: /home/bushwookie/ws_orbot/install/image_interfaces/include/image_interfaces/image_interfaces/srv/detail
[0.452s] -- Up-to-date: /home/bushwookie/ws_orbot/install/image_interfaces/include/image_interfaces/image_interfaces/srv/detail/image_request__rosidl_typesupport_fastrtps_c.h
[0.452s] -- Up-to-date: /home/bushwookie/ws_orbot/install/image_interfaces/include/image_interfaces/image_interfaces/msg
[0.452s] -- Up-to-date: /home/bushwookie/ws_orbot/install/image_interfaces/include/image_interfaces/image_interfaces/msg/rosidl_typesupport_fastrtps_c__visibility_control.h
[0.452s] -- Up-to-date: /home/bushwookie/ws_orbot/install/image_interfaces/lib/libimage_interfaces__rosidl_typesupport_fastrtps_c.so
[0.452s] -- Up-to-date: /home/bushwookie/ws_orbot/install/image_interfaces/include/image_interfaces/image_interfaces
[0.452s] -- Up-to-date: /home/bushwookie/ws_orbot/install/image_interfaces/include/image_interfaces/image_interfaces/srv
[0.452s] -- Up-to-date: /home/bushwookie/ws_orbot/install/image_interfaces/include/image_interfaces/image_interfaces/srv/detail
[0.452s] -- Up-to-date: /home/bushwookie/ws_orbot/install/image_interfaces/include/image_interfaces/image_interfaces/srv/detail/image_request__rosidl_typesupport_introspection_c.h
[0.452s] -- Up-to-date: /home/bushwookie/ws_orbot/install/image_interfaces/include/image_interfaces/image_interfaces/srv/detail/image_request__type_support.c
[0.453s] -- Up-to-date: /home/bushwookie/ws_orbot/install/image_interfaces/include/image_interfaces/image_interfaces/msg
[0.453s] -- Up-to-date: /home/bushwookie/ws_orbot/install/image_interfaces/include/image_interfaces/image_interfaces/msg/rosidl_typesupport_introspection_c__visibility_control.h
[0.453s] -- Up-to-date: /home/bushwookie/ws_orbot/install/image_interfaces/lib/libimage_interfaces__rosidl_typesupport_introspection_c.so
[0.453s] -- Up-to-date: /home/bushwookie/ws_orbot/install/image_interfaces/lib/libimage_interfaces__rosidl_typesupport_c.so
[0.453s] -- Up-to-date: /home/bushwookie/ws_orbot/install/image_interfaces/include/image_interfaces/image_interfaces
[0.453s] -- Up-to-date: /home/bushwookie/ws_orbot/install/image_interfaces/include/image_interfaces/image_interfaces/srv
[0.453s] -- Up-to-date: /home/bushwookie/ws_orbot/install/image_interfaces/include/image_interfaces/image_interfaces/srv/detail
[0.453s] -- Up-to-date: /home/bushwookie/ws_orbot/install/image_interfaces/include/image_interfaces/image_interfaces/srv/detail/image_request__traits.hpp
[0.453s] -- Up-to-date: /home/bushwookie/ws_orbot/install/image_interfaces/include/image_interfaces/image_interfaces/srv/detail/image_request__builder.hpp
[0.453s] -- Up-to-date: /home/bushwookie/ws_orbot/install/image_interfaces/include/image_interfaces/image_interfaces/srv/detail/image_request__struct.hpp
[0.453s] -- Up-to-date: /home/bushwookie/ws_orbot/install/image_interfaces/include/image_interfaces/image_interfaces/srv/image_request.hpp
[0.453s] -- Up-to-date: /home/bushwookie/ws_orbot/install/image_interfaces/include/image_interfaces/image_interfaces
[0.454s] -- Up-to-date: /home/bushwookie/ws_orbot/install/image_interfaces/include/image_interfaces/image_interfaces/srv
[0.454s] -- Up-to-date: /home/bushwookie/ws_orbot/install/image_interfaces/include/image_interfaces/image_interfaces/srv/detail
[0.454s] -- Up-to-date: /home/bushwookie/ws_orbot/install/image_interfaces/include/image_interfaces/image_interfaces/srv/detail/image_request__rosidl_typesupport_fastrtps_cpp.hpp
[0.454s] -- Up-to-date: /home/bushwookie/ws_orbot/install/image_interfaces/include/image_interfaces/image_interfaces/srv/detail/dds_fastrtps
[0.454s] -- Up-to-date: /home/bushwookie/ws_orbot/install/image_interfaces/include/image_interfaces/image_interfaces/msg
[0.455s] -- Up-to-date: /home/bushwookie/ws_orbot/install/image_interfaces/include/image_interfaces/image_interfaces/msg/rosidl_typesupport_fastrtps_cpp__visibility_control.h
[0.455s] -- Up-to-date: /home/bushwookie/ws_orbot/install/image_interfaces/lib/libimage_interfaces__rosidl_typesupport_fastrtps_cpp.so
[0.455s] -- Up-to-date: /home/bushwookie/ws_orbot/install/image_interfaces/include/image_interfaces/image_interfaces
[0.455s] -- Up-to-date: /home/bushwookie/ws_orbot/install/image_interfaces/include/image_interfaces/image_interfaces/srv
[0.455s] -- Up-to-date: /home/bushwookie/ws_orbot/install/image_interfaces/include/image_interfaces/image_interfaces/srv/detail
[0.456s] -- Up-to-date: /home/bushwookie/ws_orbot/install/image_interfaces/include/image_interfaces/image_interfaces/srv/detail/image_request__rosidl_typesupport_introspection_cpp.hpp
[0.456s] -- Up-to-date: /home/bushwookie/ws_orbot/install/image_interfaces/include/image_interfaces/image_interfaces/srv/detail/image_request__type_support.cpp
[0.456s] -- Up-to-date: /home/bushwookie/ws_orbot/install/image_interfaces/lib/libimage_interfaces__rosidl_typesupport_introspection_cpp.so
[0.456s] -- Up-to-date: /home/bushwookie/ws_orbot/install/image_interfaces/lib/libimage_interfaces__rosidl_typesupport_cpp.so
[0.457s] -- Up-to-date: /home/bushwookie/ws_orbot/install/image_interfaces/share/image_interfaces/environment/pythonpath.sh
[0.457s] -- Up-to-date: /home/bushwookie/ws_orbot/install/image_interfaces/share/image_interfaces/environment/pythonpath.dsv
[0.457s] -- Up-to-date: /home/bushwookie/ws_orbot/install/image_interfaces/local/lib/python3.10/dist-packages/image_interfaces-0.0.0-py3.10.egg-info
[0.457s] -- Installing: /home/bushwookie/ws_orbot/install/image_interfaces/local/lib/python3.10/dist-packages/image_interfaces-0.0.0-py3.10.egg-info/SOURCES.txt
[0.457s] -- Installing: /home/bushwookie/ws_orbot/install/image_interfaces/local/lib/python3.10/dist-packages/image_interfaces-0.0.0-py3.10.egg-info/dependency_links.txt
[0.457s] -- Installing: /home/bushwookie/ws_orbot/install/image_interfaces/local/lib/python3.10/dist-packages/image_interfaces-0.0.0-py3.10.egg-info/PKG-INFO
[0.458s] -- Installing: /home/bushwookie/ws_orbot/install/image_interfaces/local/lib/python3.10/dist-packages/image_interfaces-0.0.0-py3.10.egg-info/top_level.txt
[0.458s] -- Up-to-date: /home/bushwookie/ws_orbot/install/image_interfaces/local/lib/python3.10/dist-packages/image_interfaces
[0.458s] -- Up-to-date: /home/bushwookie/ws_orbot/install/image_interfaces/local/lib/python3.10/dist-packages/image_interfaces/image_interfaces_s__rosidl_typesupport_introspection_c.cpython-310-x86_64-linux-gnu.so
[0.458s] -- Up-to-date: /home/bushwookie/ws_orbot/install/image_interfaces/local/lib/python3.10/dist-packages/image_interfaces/_image_interfaces_s.ep.rosidl_typesupport_introspection_c.c
[0.458s] -- Up-to-date: /home/bushwookie/ws_orbot/install/image_interfaces/local/lib/python3.10/dist-packages/image_interfaces/image_interfaces_s__rosidl_typesupport_fastrtps_c.cpython-310-x86_64-linux-gnu.so
[0.459s] -- Up-to-date: /home/bushwookie/ws_orbot/install/image_interfaces/local/lib/python3.10/dist-packages/image_interfaces/srv
[0.459s] -- Up-to-date: /home/bushwookie/ws_orbot/install/image_interfaces/local/lib/python3.10/dist-packages/image_interfaces/srv/__init__.py
[0.459s] -- Up-to-date: /home/bushwookie/ws_orbot/install/image_interfaces/local/lib/python3.10/dist-packages/image_interfaces/srv/_image_request_s.c
[0.459s] -- Up-to-date: /home/bushwookie/ws_orbot/install/image_interfaces/local/lib/python3.10/dist-packages/image_interfaces/srv/_image_request.py
[0.459s] -- Up-to-date: /home/bushwookie/ws_orbot/install/image_interfaces/local/lib/python3.10/dist-packages/image_interfaces/_image_interfaces_s.ep.rosidl_typesupport_fastrtps_c.c
[0.459s] -- Up-to-date: /home/bushwookie/ws_orbot/install/image_interfaces/local/lib/python3.10/dist-packages/image_interfaces/_image_interfaces_s.ep.rosidl_typesupport_c.c
[0.459s] -- Up-to-date: /home/bushwookie/ws_orbot/install/image_interfaces/local/lib/python3.10/dist-packages/image_interfaces/libimage_interfaces__rosidl_generator_py.so
[0.459s] -- Up-to-date: /home/bushwookie/ws_orbot/install/image_interfaces/local/lib/python3.10/dist-packages/image_interfaces/__init__.py
[0.459s] -- Up-to-date: /home/bushwookie/ws_orbot/install/image_interfaces/local/lib/python3.10/dist-packages/image_interfaces/image_interfaces_s__rosidl_typesupport_c.cpython-310-x86_64-linux-gnu.so
[0.476s] Listing '/home/bushwookie/ws_orbot/install/image_interfaces/local/lib/python3.10/dist-packages/image_interfaces'...
[0.476s] Listing '/home/bushwookie/ws_orbot/install/image_interfaces/local/lib/python3.10/dist-packages/image_interfaces/srv'...
[0.481s] -- Up-to-date: /home/bushwookie/ws_orbot/install/image_interfaces/local/lib/python3.10/dist-packages/image_interfaces/image_interfaces_s__rosidl_typesupport_fastrtps_c.cpython-310-x86_64-linux-gnu.so
[0.481s] -- Up-to-date: /home/bushwookie/ws_orbot/install/image_interfaces/local/lib/python3.10/dist-packages/image_interfaces/image_interfaces_s__rosidl_typesupport_introspection_c.cpython-310-x86_64-linux-gnu.so
[0.482s] -- Up-to-date: /home/bushwookie/ws_orbot/install/image_interfaces/local/lib/python3.10/dist-packages/image_interfaces/image_interfaces_s__rosidl_typesupport_c.cpython-310-x86_64-linux-gnu.so
[0.482s] -- Up-to-date: /home/bushwookie/ws_orbot/install/image_interfaces/lib/libimage_interfaces__rosidl_generator_py.so
[0.482s] -- Up-to-date: /home/bushwookie/ws_orbot/install/image_interfaces/share/image_interfaces/srv/ImageRequest.idl
[0.483s] -- Up-to-date: /home/bushwookie/ws_orbot/install/image_interfaces/share/image_interfaces/srv/ImageRequest.srv
[0.483s] -- Up-to-date: /home/bushwookie/ws_orbot/install/image_interfaces/share/image_interfaces/srv/ImageRequest_Request.msg
[0.483s] -- Up-to-date: /home/bushwookie/ws_orbot/install/image_interfaces/share/image_interfaces/srv/ImageRequest_Response.msg
[0.483s] -- Up-to-date: /home/bushwookie/ws_orbot/install/image_interfaces/share/ament_index/resource_index/package_run_dependencies/image_interfaces
[0.483s] -- Up-to-date: /home/bushwookie/ws_orbot/install/image_interfaces/share/ament_index/resource_index/parent_prefix_path/image_interfaces
[0.483s] -- Up-to-date: /home/bushwookie/ws_orbot/install/image_interfaces/share/image_interfaces/environment/ament_prefix_path.sh
[0.483s] -- Up-to-date: /home/bushwookie/ws_orbot/install/image_interfaces/share/image_interfaces/environment/ament_prefix_path.dsv
[0.483s] -- Up-to-date: /home/bushwookie/ws_orbot/install/image_interfaces/share/image_interfaces/environment/path.sh
[0.483s] -- Up-to-date: /home/bushwookie/ws_orbot/install/image_interfaces/share/image_interfaces/environment/path.dsv
[0.483s] -- Up-to-date: /home/bushwookie/ws_orbot/install/image_interfaces/share/image_interfaces/local_setup.bash
[0.483s] -- Up-to-date: /home/bushwookie/ws_orbot/install/image_interfaces/share/image_interfaces/local_setup.sh
[0.484s] -- Up-to-date: /home/bushwookie/ws_orbot/install/image_interfaces/share/image_interfaces/local_setup.zsh
[0.484s] -- Up-to-date: /home/bushwookie/ws_orbot/install/image_interfaces/share/image_interfaces/local_setup.dsv
[0.484s] -- Installing: /home/bushwookie/ws_orbot/install/image_interfaces/share/image_interfaces/package.dsv
[0.484s] -- Up-to-date: /home/bushwookie/ws_orbot/install/image_interfaces/share/ament_index/resource_index/packages/image_interfaces
[0.484s] -- Up-to-date: /home/bushwookie/ws_orbot/install/image_interfaces/share/image_interfaces/cmake/export_image_interfaces__rosidl_generator_cExport.cmake
[0.484s] -- Up-to-date: /home/bushwookie/ws_orbot/install/image_interfaces/share/image_interfaces/cmake/export_image_interfaces__rosidl_generator_cExport-noconfig.cmake
[0.484s] -- Up-to-date: /home/bushwookie/ws_orbot/install/image_interfaces/share/image_interfaces/cmake/export_image_interfaces__rosidl_typesupport_fastrtps_cExport.cmake
[0.484s] -- Up-to-date: /home/bushwookie/ws_orbot/install/image_interfaces/share/image_interfaces/cmake/export_image_interfaces__rosidl_typesupport_fastrtps_cExport-noconfig.cmake
[0.484s] -- Up-to-date: /home/bushwookie/ws_orbot/install/image_interfaces/share/image_interfaces/cmake/image_interfaces__rosidl_typesupport_introspection_cExport.cmake
[0.484s] -- Up-to-date: /home/bushwookie/ws_orbot/install/image_interfaces/share/image_interfaces/cmake/image_interfaces__rosidl_typesupport_introspection_cExport-noconfig.cmake
[0.484s] -- Up-to-date: /home/bushwookie/ws_orbot/install/image_interfaces/share/image_interfaces/cmake/image_interfaces__rosidl_typesupport_cExport.cmake
[0.485s] -- Up-to-date: /home/bushwookie/ws_orbot/install/image_interfaces/share/image_interfaces/cmake/image_interfaces__rosidl_typesupport_cExport-noconfig.cmake
[0.485s] -- Up-to-date: /home/bushwookie/ws_orbot/install/image_interfaces/share/image_interfaces/cmake/export_image_interfaces__rosidl_generator_cppExport.cmake
[0.485s] -- Up-to-date: /home/bushwookie/ws_orbot/install/image_interfaces/share/image_interfaces/cmake/export_image_interfaces__rosidl_typesupport_fastrtps_cppExport.cmake
[0.486s] -- Up-to-date: /home/bushwookie/ws_orbot/install/image_interfaces/share/image_interfaces/cmake/export_image_interfaces__rosidl_typesupport_fastrtps_cppExport-noconfig.cmake
[0.487s] -- Up-to-date: /home/bushwookie/ws_orbot/install/image_interfaces/share/image_interfaces/cmake/image_interfaces__rosidl_typesupport_introspection_cppExport.cmake
[0.488s] -- Up-to-date: /home/bushwookie/ws_orbot/install/image_interfaces/share/image_interfaces/cmake/image_interfaces__rosidl_typesupport_introspection_cppExport-noconfig.cmake
[0.489s] -- Up-to-date: /home/bushwookie/ws_orbot/install/image_interfaces/share/image_interfaces/cmake/image_interfaces__rosidl_typesupport_cppExport.cmake
[0.490s] -- Up-to-date: /home/bushwookie/ws_orbot/install/image_interfaces/share/image_interfaces/cmake/image_interfaces__rosidl_typesupport_cppExport-noconfig.cmake
[0.491s] -- Up-to-date: /home/bushwookie/ws_orbot/install/image_interfaces/share/image_interfaces/cmake/export_image_interfaces__rosidl_generator_pyExport.cmake
[0.491s] -- Up-to-date: /home/bushwookie/ws_orbot/install/image_interfaces/share/image_interfaces/cmake/export_image_interfaces__rosidl_generator_pyExport-noconfig.cmake
[0.492s] -- Up-to-date: /home/bushwookie/ws_orbot/install/image_interfaces/share/image_interfaces/cmake/rosidl_cmake-extras.cmake
[0.492s] -- Up-to-date: /home/bushwookie/ws_orbot/install/image_interfaces/share/image_interfaces/cmake/ament_cmake_export_dependencies-extras.cmake
[0.492s] -- Up-to-date: /home/bushwookie/ws_orbot/install/image_interfaces/share/image_interfaces/cmake/ament_cmake_export_include_directories-extras.cmake
[0.492s] -- Up-to-date: /home/bushwookie/ws_orbot/install/image_interfaces/share/image_interfaces/cmake/ament_cmake_export_libraries-extras.cmake
[0.494s] -- Up-to-date: /home/bushwookie/ws_orbot/install/image_interfaces/share/image_interfaces/cmake/ament_cmake_export_targets-extras.cmake
[0.495s] -- Up-to-date: /home/bushwookie/ws_orbot/install/image_interfaces/share/image_interfaces/cmake/rosidl_cmake_export_typesupport_targets-extras.cmake
[0.495s] -- Up-to-date: /home/bushwookie/ws_orbot/install/image_interfaces/share/image_interfaces/cmake/rosidl_cmake_export_typesupport_libraries-extras.cmake
[0.496s] -- Up-to-date: /home/bushwookie/ws_orbot/install/image_interfaces/share/image_interfaces/cmake/image_interfacesConfig.cmake
[0.496s] -- Up-to-date: /home/bushwookie/ws_orbot/install/image_interfaces/share/image_interfaces/cmake/image_interfacesConfig-version.cmake
[0.496s] -- Up-to-date: /home/bushwookie/ws_orbot/install/image_interfaces/share/image_interfaces/package.xml
[0.504s] Invoked command in '/home/bushwookie/ws_orbot/build/image_interfaces' returned '0': CMAKE_PREFIX_PATH=/opt/ros/humble WSLENV=ELECTRON_RUN_AS_NODE/w: /usr/bin/cmake --install /home/bushwookie/ws_orbot/build/image_interfaces
