[0.133s] DEBUG:colcon:Command line arguments: ['/usr/bin/colcon', 'build']
[0.133s] DEBUG:colcon:Parsed command line arguments: Namespace(log_base=None, log_level=None, verb_name='build', build_base='build', install_base='install', merge_install=False, symlink_install=False, test_result_base=None, continue_on_error=False, executor='parallel', parallel_workers=16, event_handlers=None, ignore_user_meta=False, metas=['./colcon.meta'], base_paths=['.'], packages_ignore=None, packages_ignore_regex=None, paths=None, packages_up_to=None, packages_up_to_regex=None, packages_above=None, packages_above_and_dependencies=None, packages_above_depth=None, packages_select_by_dep=None, packages_skip_by_dep=None, packages_skip_up_to=None, packages_select_build_failed=False, packages_skip_build_finished=False, packages_select_test_failures=False, packages_skip_test_passed=False, packages_select=None, packages_skip=None, packages_select_regex=None, packages_skip_regex=None, packages_start=None, packages_end=None, allow_overriding=[], cmake_args=None, cmake_target=None, cmake_target_skip_unavailable=False, cmake_clean_cache=False, cmake_clean_first=False, cmake_force_configure=False, ament_cmake_args=None, catkin_cmake_args=None, catkin_skip_building_tests=False, verb_parser=<colcon_defaults.argument_parser.defaults.DefaultArgumentsDecorator object at 0x7f44a01afb20>, verb_extension=<colcon_core.verb.build.BuildVerb object at 0x7f44a01af550>, main=<bound method BuildVerb.main of <colcon_core.verb.build.BuildVerb object at 0x7f44a01af550>>)
[0.225s] Level 1:colcon.colcon_core.package_discovery:discover_packages(colcon_meta) check parameters
[0.225s] Level 1:colcon.colcon_core.package_discovery:discover_packages(recursive) check parameters
[0.225s] Level 1:colcon.colcon_core.package_discovery:discover_packages(ignore) check parameters
[0.225s] Level 1:colcon.colcon_core.package_discovery:discover_packages(path) check parameters
[0.225s] Level 1:colcon.colcon_core.package_discovery:discover_packages(colcon_meta) discover
[0.225s] Level 1:colcon.colcon_core.package_discovery:discover_packages(recursive) discover
[0.225s] INFO:colcon.colcon_core.package_discovery:Crawling recursively for packages in '/home/bushwookie/ws_orbot'
[0.225s] Level 1:colcon.colcon_core.package_identification:_identify(.) by extensions ['ignore', 'ignore_ament_install']
[0.226s] Level 1:colcon.colcon_core.package_identification:_identify(.) by extension 'ignore'
[0.226s] Level 1:colcon.colcon_core.package_identification:_identify(.) by extension 'ignore_ament_install'
[0.226s] Level 1:colcon.colcon_core.package_identification:_identify(.) by extensions ['colcon_pkg']
[0.226s] Level 1:colcon.colcon_core.package_identification:_identify(.) by extension 'colcon_pkg'
[0.226s] Level 1:colcon.colcon_core.package_identification:_identify(.) by extensions ['colcon_meta']
[0.226s] Level 1:colcon.colcon_core.package_identification:_identify(.) by extension 'colcon_meta'
[0.226s] Level 1:colcon.colcon_core.package_identification:_identify(.) by extensions ['ros']
[0.226s] Level 1:colcon.colcon_core.package_identification:_identify(.) by extension 'ros'
[0.234s] Level 1:colcon.colcon_core.package_identification:_identify(.) by extensions ['cmake', 'python']
[0.234s] Level 1:colcon.colcon_core.package_identification:_identify(.) by extension 'cmake'
[0.234s] Level 1:colcon.colcon_core.package_identification:_identify(.) by extension 'python'
[0.234s] Level 1:colcon.colcon_core.package_identification:_identify(.) by extensions ['python_setup_py']
[0.234s] Level 1:colcon.colcon_core.package_identification:_identify(.) by extension 'python_setup_py'
[0.235s] Level 1:colcon.colcon_core.package_identification:_identify(build) by extensions ['ignore', 'ignore_ament_install']
[0.235s] Level 1:colcon.colcon_core.package_identification:_identify(build) by extension 'ignore'
[0.235s] Level 1:colcon.colcon_core.package_identification:_identify(build) ignored
[0.235s] Level 1:colcon.colcon_core.package_identification:_identify(install) by extensions ['ignore', 'ignore_ament_install']
[0.235s] Level 1:colcon.colcon_core.package_identification:_identify(install) by extension 'ignore'
[0.235s] Level 1:colcon.colcon_core.package_identification:_identify(install) ignored
[0.235s] Level 1:colcon.colcon_core.package_identification:_identify(log) by extensions ['ignore', 'ignore_ament_install']
[0.235s] Level 1:colcon.colcon_core.package_identification:_identify(log) by extension 'ignore'
[0.235s] Level 1:colcon.colcon_core.package_identification:_identify(log) ignored
[0.235s] Level 1:colcon.colcon_core.package_identification:_identify(src) by extensions ['ignore', 'ignore_ament_install']
[0.235s] Level 1:colcon.colcon_core.package_identification:_identify(src) by extension 'ignore'
[0.235s] Level 1:colcon.colcon_core.package_identification:_identify(src) by extension 'ignore_ament_install'
[0.235s] Level 1:colcon.colcon_core.package_identification:_identify(src) by extensions ['colcon_pkg']
[0.235s] Level 1:colcon.colcon_core.package_identification:_identify(src) by extension 'colcon_pkg'
[0.235s] Level 1:colcon.colcon_core.package_identification:_identify(src) by extensions ['colcon_meta']
[0.235s] Level 1:colcon.colcon_core.package_identification:_identify(src) by extension 'colcon_meta'
[0.235s] Level 1:colcon.colcon_core.package_identification:_identify(src) by extensions ['ros']
[0.235s] Level 1:colcon.colcon_core.package_identification:_identify(src) by extension 'ros'
[0.235s] Level 1:colcon.colcon_core.package_identification:_identify(src) by extensions ['cmake', 'python']
[0.235s] Level 1:colcon.colcon_core.package_identification:_identify(src) by extension 'cmake'
[0.235s] Level 1:colcon.colcon_core.package_identification:_identify(src) by extension 'python'
[0.235s] Level 1:colcon.colcon_core.package_identification:_identify(src) by extensions ['python_setup_py']
[0.235s] Level 1:colcon.colcon_core.package_identification:_identify(src) by extension 'python_setup_py'
[0.235s] Level 1:colcon.colcon_core.package_identification:_identify(src/custom_interfaces) by extensions ['ignore', 'ignore_ament_install']
[0.236s] Level 1:colcon.colcon_core.package_identification:_identify(src/custom_interfaces) by extension 'ignore'
[0.236s] Level 1:colcon.colcon_core.package_identification:_identify(src/custom_interfaces) by extension 'ignore_ament_install'
[0.236s] Level 1:colcon.colcon_core.package_identification:_identify(src/custom_interfaces) by extensions ['colcon_pkg']
[0.236s] Level 1:colcon.colcon_core.package_identification:_identify(src/custom_interfaces) by extension 'colcon_pkg'
[0.236s] Level 1:colcon.colcon_core.package_identification:_identify(src/custom_interfaces) by extensions ['colcon_meta']
[0.236s] Level 1:colcon.colcon_core.package_identification:_identify(src/custom_interfaces) by extension 'colcon_meta'
[0.236s] Level 1:colcon.colcon_core.package_identification:_identify(src/custom_interfaces) by extensions ['ros']
[0.236s] Level 1:colcon.colcon_core.package_identification:_identify(src/custom_interfaces) by extension 'ros'
[0.237s] DEBUG:colcon.colcon_core.package_identification:Package 'src/custom_interfaces' with type 'ros.ament_cmake' and name 'custom_interfaces'
[0.237s] Level 1:colcon.colcon_core.package_identification:_identify(src/image_interfaces) by extensions ['ignore', 'ignore_ament_install']
[0.237s] Level 1:colcon.colcon_core.package_identification:_identify(src/image_interfaces) by extension 'ignore'
[0.238s] Level 1:colcon.colcon_core.package_identification:_identify(src/image_interfaces) by extension 'ignore_ament_install'
[0.238s] Level 1:colcon.colcon_core.package_identification:_identify(src/image_interfaces) by extensions ['colcon_pkg']
[0.238s] Level 1:colcon.colcon_core.package_identification:_identify(src/image_interfaces) by extension 'colcon_pkg'
[0.238s] Level 1:colcon.colcon_core.package_identification:_identify(src/image_interfaces) by extensions ['colcon_meta']
[0.238s] Level 1:colcon.colcon_core.package_identification:_identify(src/image_interfaces) by extension 'colcon_meta'
[0.238s] Level 1:colcon.colcon_core.package_identification:_identify(src/image_interfaces) by extensions ['ros']
[0.238s] Level 1:colcon.colcon_core.package_identification:_identify(src/image_interfaces) by extension 'ros'
[0.238s] DEBUG:colcon.colcon_core.package_identification:Package 'src/image_interfaces' with type 'ros.ament_cmake' and name 'image_interfaces'
[0.238s] Level 1:colcon.colcon_core.package_identification:_identify(src/image_processing) by extensions ['ignore', 'ignore_ament_install']
[0.238s] Level 1:colcon.colcon_core.package_identification:_identify(src/image_processing) by extension 'ignore'
[0.238s] Level 1:colcon.colcon_core.package_identification:_identify(src/image_processing) by extension 'ignore_ament_install'
[0.238s] Level 1:colcon.colcon_core.package_identification:_identify(src/image_processing) by extensions ['colcon_pkg']
[0.238s] Level 1:colcon.colcon_core.package_identification:_identify(src/image_processing) by extension 'colcon_pkg'
[0.238s] Level 1:colcon.colcon_core.package_identification:_identify(src/image_processing) by extensions ['colcon_meta']
[0.238s] Level 1:colcon.colcon_core.package_identification:_identify(src/image_processing) by extension 'colcon_meta'
[0.238s] Level 1:colcon.colcon_core.package_identification:_identify(src/image_processing) by extensions ['ros']
[0.238s] Level 1:colcon.colcon_core.package_identification:_identify(src/image_processing) by extension 'ros'
[0.239s] DEBUG:colcon.colcon_core.package_identification:Package 'src/image_processing' with type 'ros.ament_python' and name 'image_processing'
[0.239s] Level 1:colcon.colcon_core.package_identification:_identify(src/pick_apple) by extensions ['ignore', 'ignore_ament_install']
[0.239s] Level 1:colcon.colcon_core.package_identification:_identify(src/pick_apple) by extension 'ignore'
[0.239s] Level 1:colcon.colcon_core.package_identification:_identify(src/pick_apple) by extension 'ignore_ament_install'
[0.239s] Level 1:colcon.colcon_core.package_identification:_identify(src/pick_apple) by extensions ['colcon_pkg']
[0.239s] Level 1:colcon.colcon_core.package_identification:_identify(src/pick_apple) by extension 'colcon_pkg'
[0.239s] Level 1:colcon.colcon_core.package_identification:_identify(src/pick_apple) by extensions ['colcon_meta']
[0.239s] Level 1:colcon.colcon_core.package_identification:_identify(src/pick_apple) by extension 'colcon_meta'
[0.239s] Level 1:colcon.colcon_core.package_identification:_identify(src/pick_apple) by extensions ['ros']
[0.239s] Level 1:colcon.colcon_core.package_identification:_identify(src/pick_apple) by extension 'ros'
[0.239s] DEBUG:colcon.colcon_core.package_identification:Package 'src/pick_apple' with type 'ros.ament_python' and name 'pick_apple'
[0.240s] Level 1:colcon.colcon_core.package_discovery:discover_packages(recursive) using defaults
[0.240s] Level 1:colcon.colcon_core.package_discovery:discover_packages(ignore) discover
[0.240s] Level 1:colcon.colcon_core.package_discovery:discover_packages(ignore) using defaults
[0.240s] Level 1:colcon.colcon_core.package_discovery:discover_packages(path) discover
[0.240s] Level 1:colcon.colcon_core.package_discovery:discover_packages(path) using defaults
[0.253s] Level 1:colcon.colcon_core.package_discovery:discover_packages(prefix_path) check parameters
[0.253s] Level 1:colcon.colcon_core.package_discovery:discover_packages(prefix_path) discover
[0.255s] DEBUG:colcon.colcon_installed_package_information.package_discovery:Found 294 installed packages in /opt/ros/humble
[0.256s] Level 1:colcon.colcon_core.package_discovery:discover_packages(prefix_path) using defaults
[0.289s] Level 5:colcon.colcon_core.verb:set package 'custom_interfaces' build argument 'cmake_args' from command line to 'None'
[0.289s] Level 5:colcon.colcon_core.verb:set package 'custom_interfaces' build argument 'cmake_target' from command line to 'None'
[0.289s] Level 5:colcon.colcon_core.verb:set package 'custom_interfaces' build argument 'cmake_target_skip_unavailable' from command line to 'False'
[0.289s] Level 5:colcon.colcon_core.verb:set package 'custom_interfaces' build argument 'cmake_clean_cache' from command line to 'False'
[0.289s] Level 5:colcon.colcon_core.verb:set package 'custom_interfaces' build argument 'cmake_clean_first' from command line to 'False'
[0.289s] Level 5:colcon.colcon_core.verb:set package 'custom_interfaces' build argument 'cmake_force_configure' from command line to 'False'
[0.289s] Level 5:colcon.colcon_core.verb:set package 'custom_interfaces' build argument 'ament_cmake_args' from command line to 'None'
[0.289s] Level 5:colcon.colcon_core.verb:set package 'custom_interfaces' build argument 'catkin_cmake_args' from command line to 'None'
[0.289s] Level 5:colcon.colcon_core.verb:set package 'custom_interfaces' build argument 'catkin_skip_building_tests' from command line to 'False'
[0.290s] DEBUG:colcon.colcon_core.verb:Building package 'custom_interfaces' with the following arguments: {'ament_cmake_args': None, 'build_base': '/home/bushwookie/ws_orbot/build/custom_interfaces', 'catkin_cmake_args': None, 'catkin_skip_building_tests': False, 'cmake_args': None, 'cmake_clean_cache': False, 'cmake_clean_first': False, 'cmake_force_configure': False, 'cmake_target': None, 'cmake_target_skip_unavailable': False, 'install_base': '/home/bushwookie/ws_orbot/install/custom_interfaces', 'merge_install': False, 'path': '/home/bushwookie/ws_orbot/src/custom_interfaces', 'symlink_install': False, 'test_result_base': None}
[0.290s] Level 5:colcon.colcon_core.verb:set package 'image_interfaces' build argument 'cmake_args' from command line to 'None'
[0.290s] Level 5:colcon.colcon_core.verb:set package 'image_interfaces' build argument 'cmake_target' from command line to 'None'
[0.290s] Level 5:colcon.colcon_core.verb:set package 'image_interfaces' build argument 'cmake_target_skip_unavailable' from command line to 'False'
[0.290s] Level 5:colcon.colcon_core.verb:set package 'image_interfaces' build argument 'cmake_clean_cache' from command line to 'False'
[0.290s] Level 5:colcon.colcon_core.verb:set package 'image_interfaces' build argument 'cmake_clean_first' from command line to 'False'
[0.290s] Level 5:colcon.colcon_core.verb:set package 'image_interfaces' build argument 'cmake_force_configure' from command line to 'False'
[0.290s] Level 5:colcon.colcon_core.verb:set package 'image_interfaces' build argument 'ament_cmake_args' from command line to 'None'
[0.290s] Level 5:colcon.colcon_core.verb:set package 'image_interfaces' build argument 'catkin_cmake_args' from command line to 'None'
[0.290s] Level 5:colcon.colcon_core.verb:set package 'image_interfaces' build argument 'catkin_skip_building_tests' from command line to 'False'
[0.290s] DEBUG:colcon.colcon_core.verb:Building package 'image_interfaces' with the following arguments: {'ament_cmake_args': None, 'build_base': '/home/bushwookie/ws_orbot/build/image_interfaces', 'catkin_cmake_args': None, 'catkin_skip_building_tests': False, 'cmake_args': None, 'cmake_clean_cache': False, 'cmake_clean_first': False, 'cmake_force_configure': False, 'cmake_target': None, 'cmake_target_skip_unavailable': False, 'install_base': '/home/bushwookie/ws_orbot/install/image_interfaces', 'merge_install': False, 'path': '/home/bushwookie/ws_orbot/src/image_interfaces', 'symlink_install': False, 'test_result_base': None}
[0.290s] Level 5:colcon.colcon_core.verb:set package 'image_processing' build argument 'cmake_args' from command line to 'None'
[0.290s] Level 5:colcon.colcon_core.verb:set package 'image_processing' build argument 'cmake_target' from command line to 'None'
[0.290s] Level 5:colcon.colcon_core.verb:set package 'image_processing' build argument 'cmake_target_skip_unavailable' from command line to 'False'
[0.290s] Level 5:colcon.colcon_core.verb:set package 'image_processing' build argument 'cmake_clean_cache' from command line to 'False'
[0.290s] Level 5:colcon.colcon_core.verb:set package 'image_processing' build argument 'cmake_clean_first' from command line to 'False'
[0.290s] Level 5:colcon.colcon_core.verb:set package 'image_processing' build argument 'cmake_force_configure' from command line to 'False'
[0.290s] Level 5:colcon.colcon_core.verb:set package 'image_processing' build argument 'ament_cmake_args' from command line to 'None'
[0.290s] Level 5:colcon.colcon_core.verb:set package 'image_processing' build argument 'catkin_cmake_args' from command line to 'None'
[0.290s] Level 5:colcon.colcon_core.verb:set package 'image_processing' build argument 'catkin_skip_building_tests' from command line to 'False'
[0.290s] DEBUG:colcon.colcon_core.verb:Building package 'image_processing' with the following arguments: {'ament_cmake_args': None, 'build_base': '/home/bushwookie/ws_orbot/build/image_processing', 'catkin_cmake_args': None, 'catkin_skip_building_tests': False, 'cmake_args': None, 'cmake_clean_cache': False, 'cmake_clean_first': False, 'cmake_force_configure': False, 'cmake_target': None, 'cmake_target_skip_unavailable': False, 'install_base': '/home/bushwookie/ws_orbot/install/image_processing', 'merge_install': False, 'path': '/home/bushwookie/ws_orbot/src/image_processing', 'symlink_install': False, 'test_result_base': None}
[0.291s] Level 5:colcon.colcon_core.verb:set package 'pick_apple' build argument 'cmake_args' from command line to 'None'
[0.291s] Level 5:colcon.colcon_core.verb:set package 'pick_apple' build argument 'cmake_target' from command line to 'None'
[0.291s] Level 5:colcon.colcon_core.verb:set package 'pick_apple' build argument 'cmake_target_skip_unavailable' from command line to 'False'
[0.291s] Level 5:colcon.colcon_core.verb:set package 'pick_apple' build argument 'cmake_clean_cache' from command line to 'False'
[0.291s] Level 5:colcon.colcon_core.verb:set package 'pick_apple' build argument 'cmake_clean_first' from command line to 'False'
[0.291s] Level 5:colcon.colcon_core.verb:set package 'pick_apple' build argument 'cmake_force_configure' from command line to 'False'
[0.291s] Level 5:colcon.colcon_core.verb:set package 'pick_apple' build argument 'ament_cmake_args' from command line to 'None'
[0.291s] Level 5:colcon.colcon_core.verb:set package 'pick_apple' build argument 'catkin_cmake_args' from command line to 'None'
[0.291s] Level 5:colcon.colcon_core.verb:set package 'pick_apple' build argument 'catkin_skip_building_tests' from command line to 'False'
[0.291s] DEBUG:colcon.colcon_core.verb:Building package 'pick_apple' with the following arguments: {'ament_cmake_args': None, 'build_base': '/home/bushwookie/ws_orbot/build/pick_apple', 'catkin_cmake_args': None, 'catkin_skip_building_tests': False, 'cmake_args': None, 'cmake_clean_cache': False, 'cmake_clean_first': False, 'cmake_force_configure': False, 'cmake_target': None, 'cmake_target_skip_unavailable': False, 'install_base': '/home/bushwookie/ws_orbot/install/pick_apple', 'merge_install': False, 'path': '/home/bushwookie/ws_orbot/src/pick_apple', 'symlink_install': False, 'test_result_base': None}
[0.291s] INFO:colcon.colcon_core.executor:Executing jobs using 'parallel' executor
[0.292s] DEBUG:colcon.colcon_parallel_executor.executor.parallel:run_until_complete
[0.292s] INFO:colcon.colcon_ros.task.ament_cmake.build:Building ROS package in '/home/bushwookie/ws_orbot/src/custom_interfaces' with build type 'ament_cmake'
[0.292s] INFO:colcon.colcon_cmake.task.cmake.build:Building CMake package in '/home/bushwookie/ws_orbot/src/custom_interfaces'
[0.294s] INFO:colcon.colcon_core.plugin_system:Skipping extension 'colcon_core.shell.bat': Not used on non-Windows systems
[0.294s] INFO:colcon.colcon_core.shell:Skip shell extension 'powershell' for command environment: Not usable outside of PowerShell
[0.294s] DEBUG:colcon.colcon_core.shell:Skip shell extension 'dsv' for command environment
[0.297s] INFO:colcon.colcon_ros.task.ament_cmake.build:Building ROS package in '/home/bushwookie/ws_orbot/src/image_interfaces' with build type 'ament_cmake'
[0.297s] INFO:colcon.colcon_cmake.task.cmake.build:Building CMake package in '/home/bushwookie/ws_orbot/src/image_interfaces'
[0.297s] INFO:colcon.colcon_core.shell:Skip shell extension 'powershell' for command environment: Not usable outside of PowerShell
[0.297s] DEBUG:colcon.colcon_core.shell:Skip shell extension 'dsv' for command environment
[0.300s] INFO:colcon.colcon_ros.task.ament_python.build:Building ROS package in '/home/bushwookie/ws_orbot/src/image_processing' with build type 'ament_python'
[0.300s] Level 1:colcon.colcon_core.shell:create_environment_hook('image_processing', 'ament_prefix_path')
[0.300s] INFO:colcon.colcon_core.shell:Creating environment hook '/home/bushwookie/ws_orbot/install/image_processing/share/image_processing/hook/ament_prefix_path.ps1'
[0.301s] INFO:colcon.colcon_core.shell:Creating environment descriptor '/home/bushwookie/ws_orbot/install/image_processing/share/image_processing/hook/ament_prefix_path.dsv'
[0.301s] INFO:colcon.colcon_core.shell:Creating environment hook '/home/bushwookie/ws_orbot/install/image_processing/share/image_processing/hook/ament_prefix_path.sh'
[0.301s] INFO:colcon.colcon_core.shell:Skip shell extension 'powershell' for command environment: Not usable outside of PowerShell
[0.302s] DEBUG:colcon.colcon_core.shell:Skip shell extension 'dsv' for command environment
[0.303s] INFO:colcon.colcon_ros.task.ament_python.build:Building ROS package in '/home/bushwookie/ws_orbot/src/pick_apple' with build type 'ament_python'
[0.304s] Level 1:colcon.colcon_core.shell:create_environment_hook('pick_apple', 'ament_prefix_path')
[0.304s] INFO:colcon.colcon_core.shell:Creating environment hook '/home/bushwookie/ws_orbot/install/pick_apple/share/pick_apple/hook/ament_prefix_path.ps1'
[0.305s] INFO:colcon.colcon_core.shell:Creating environment descriptor '/home/bushwookie/ws_orbot/install/pick_apple/share/pick_apple/hook/ament_prefix_path.dsv'
[0.305s] INFO:colcon.colcon_core.shell:Creating environment hook '/home/bushwookie/ws_orbot/install/pick_apple/share/pick_apple/hook/ament_prefix_path.sh'
[0.306s] INFO:colcon.colcon_core.shell:Skip shell extension 'powershell' for command environment: Not usable outside of PowerShell
[0.306s] DEBUG:colcon.colcon_core.shell:Skip shell extension 'dsv' for command environment
[0.317s] DEBUG:colcon.colcon_core.event_handler.log_command:Invoking command in '/home/bushwookie/ws_orbot/build/custom_interfaces': CMAKE_PREFIX_PATH=/opt/ros/humble WSLENV=ELECTRON_RUN_AS_NODE/w: /usr/bin/cmake --build /home/bushwookie/ws_orbot/build/custom_interfaces -- -j16 -l16
[0.318s] DEBUG:colcon.colcon_core.event_handler.log_command:Invoking command in '/home/bushwookie/ws_orbot/build/image_interfaces': CMAKE_PREFIX_PATH=/opt/ros/humble WSLENV=ELECTRON_RUN_AS_NODE/w: /usr/bin/cmake --build /home/bushwookie/ws_orbot/build/image_interfaces -- -j16 -l16
[0.643s] INFO:colcon.colcon_core.task.python.build:Building Python package in '/home/bushwookie/ws_orbot/src/image_processing'
[0.644s] INFO:colcon.colcon_core.shell:Skip shell extension 'powershell' for command environment: Not usable outside of PowerShell
[0.644s] DEBUG:colcon.colcon_core.shell:Skip shell extension 'dsv' for command environment
[0.826s] INFO:colcon.colcon_core.task.python.build:Building Python package in '/home/bushwookie/ws_orbot/src/pick_apple'
[0.826s] INFO:colcon.colcon_core.shell:Skip shell extension 'powershell' for command environment: Not usable outside of PowerShell
[0.826s] DEBUG:colcon.colcon_core.shell:Skip shell extension 'dsv' for command environment
[0.832s] DEBUG:colcon.colcon_core.event_handler.log_command:Invoked command in '/home/bushwookie/ws_orbot/build/custom_interfaces' returned '0': CMAKE_PREFIX_PATH=/opt/ros/humble WSLENV=ELECTRON_RUN_AS_NODE/w: /usr/bin/cmake --build /home/bushwookie/ws_orbot/build/custom_interfaces -- -j16 -l16
[0.835s] DEBUG:colcon.colcon_core.event_handler.log_command:Invoked command in '/home/bushwookie/ws_orbot/build/image_interfaces' returned '0': CMAKE_PREFIX_PATH=/opt/ros/humble WSLENV=ELECTRON_RUN_AS_NODE/w: /usr/bin/cmake --build /home/bushwookie/ws_orbot/build/image_interfaces -- -j16 -l16
[0.893s] DEBUG:colcon.colcon_core.event_handler.log_command:Invoking command in '/home/bushwookie/ws_orbot/build/image_interfaces': CMAKE_PREFIX_PATH=/opt/ros/humble WSLENV=ELECTRON_RUN_AS_NODE/w: /usr/bin/cmake --install /home/bushwookie/ws_orbot/build/image_interfaces
[0.899s] DEBUG:colcon.colcon_core.event_handler.log_command:Invoking command in '/home/bushwookie/ws_orbot/build/custom_interfaces': CMAKE_PREFIX_PATH=/opt/ros/humble WSLENV=ELECTRON_RUN_AS_NODE/w: /usr/bin/cmake --install /home/bushwookie/ws_orbot/build/custom_interfaces
[0.971s] Level 1:colcon.colcon_core.environment:create_environment_scripts_only(image_interfaces)
[0.983s] DEBUG:colcon.colcon_core.event_handler.log_command:Invoked command in '/home/bushwookie/ws_orbot/build/image_interfaces' returned '0': CMAKE_PREFIX_PATH=/opt/ros/humble WSLENV=ELECTRON_RUN_AS_NODE/w: /usr/bin/cmake --install /home/bushwookie/ws_orbot/build/image_interfaces
[0.985s] Level 1:colcon.colcon_core.environment:checking '/home/bushwookie/ws_orbot/install/image_interfaces' for CMake module files
[0.985s] Level 1:colcon.colcon_core.environment:checking '/home/bushwookie/ws_orbot/install/image_interfaces' for CMake config files
[0.985s] Level 1:colcon.colcon_core.shell:create_environment_hook('image_interfaces', 'cmake_prefix_path')
[0.986s] INFO:colcon.colcon_core.shell:Creating environment hook '/home/bushwookie/ws_orbot/install/image_interfaces/share/image_interfaces/hook/cmake_prefix_path.ps1'
[0.986s] INFO:colcon.colcon_core.shell:Creating environment descriptor '/home/bushwookie/ws_orbot/install/image_interfaces/share/image_interfaces/hook/cmake_prefix_path.dsv'
[0.986s] INFO:colcon.colcon_core.shell:Creating environment hook '/home/bushwookie/ws_orbot/install/image_interfaces/share/image_interfaces/hook/cmake_prefix_path.sh'
[0.987s] Level 1:colcon.colcon_core.environment:checking '/home/bushwookie/ws_orbot/install/image_interfaces/lib'
[0.987s] Level 1:colcon.colcon_core.shell:create_environment_hook('image_interfaces', 'ld_library_path_lib')
[0.987s] INFO:colcon.colcon_core.shell:Creating environment hook '/home/bushwookie/ws_orbot/install/image_interfaces/share/image_interfaces/hook/ld_library_path_lib.ps1'
[0.988s] INFO:colcon.colcon_core.shell:Creating environment descriptor '/home/bushwookie/ws_orbot/install/image_interfaces/share/image_interfaces/hook/ld_library_path_lib.dsv'
[0.988s] INFO:colcon.colcon_core.shell:Creating environment hook '/home/bushwookie/ws_orbot/install/image_interfaces/share/image_interfaces/hook/ld_library_path_lib.sh'
[0.988s] Level 1:colcon.colcon_core.environment:checking '/home/bushwookie/ws_orbot/install/image_interfaces/bin'
[0.988s] Level 1:colcon.colcon_core.environment:checking '/home/bushwookie/ws_orbot/install/image_interfaces/lib/pkgconfig/image_interfaces.pc'
[0.988s] Level 1:colcon.colcon_core.environment:checking '/home/bushwookie/ws_orbot/install/image_interfaces/lib/python3.10/site-packages'
[0.989s] Level 1:colcon.colcon_core.environment:checking '/home/bushwookie/ws_orbot/install/image_interfaces/bin'
[0.989s] INFO:colcon.colcon_core.shell:Creating package script '/home/bushwookie/ws_orbot/install/image_interfaces/share/image_interfaces/package.ps1'
[0.990s] INFO:colcon.colcon_core.shell:Creating package descriptor '/home/bushwookie/ws_orbot/install/image_interfaces/share/image_interfaces/package.dsv'
[0.991s] INFO:colcon.colcon_core.shell:Creating package script '/home/bushwookie/ws_orbot/install/image_interfaces/share/image_interfaces/package.sh'
[0.991s] INFO:colcon.colcon_core.shell:Creating package script '/home/bushwookie/ws_orbot/install/image_interfaces/share/image_interfaces/package.bash'
[0.992s] INFO:colcon.colcon_core.shell:Creating package script '/home/bushwookie/ws_orbot/install/image_interfaces/share/image_interfaces/package.zsh'
[0.993s] Level 1:colcon.colcon_core.environment:create_file_with_runtime_dependencies(/home/bushwookie/ws_orbot/install/image_interfaces/share/colcon-core/packages/image_interfaces)
[0.996s] Level 1:colcon.colcon_core.environment:create_environment_scripts_only(custom_interfaces)
[0.997s] Level 1:colcon.colcon_core.environment:checking '/home/bushwookie/ws_orbot/install/custom_interfaces' for CMake module files
[0.998s] DEBUG:colcon.colcon_core.event_handler.log_command:Invoked command in '/home/bushwookie/ws_orbot/build/custom_interfaces' returned '0': CMAKE_PREFIX_PATH=/opt/ros/humble WSLENV=ELECTRON_RUN_AS_NODE/w: /usr/bin/cmake --install /home/bushwookie/ws_orbot/build/custom_interfaces
[0.998s] Level 1:colcon.colcon_core.environment:checking '/home/bushwookie/ws_orbot/install/custom_interfaces' for CMake config files
[0.998s] Level 1:colcon.colcon_core.shell:create_environment_hook('custom_interfaces', 'cmake_prefix_path')
[0.999s] INFO:colcon.colcon_core.shell:Creating environment hook '/home/bushwookie/ws_orbot/install/custom_interfaces/share/custom_interfaces/hook/cmake_prefix_path.ps1'
[0.999s] INFO:colcon.colcon_core.shell:Creating environment descriptor '/home/bushwookie/ws_orbot/install/custom_interfaces/share/custom_interfaces/hook/cmake_prefix_path.dsv'
[0.999s] INFO:colcon.colcon_core.shell:Creating environment hook '/home/bushwookie/ws_orbot/install/custom_interfaces/share/custom_interfaces/hook/cmake_prefix_path.sh'
[1.000s] Level 1:colcon.colcon_core.environment:checking '/home/bushwookie/ws_orbot/install/custom_interfaces/lib'
[1.000s] Level 1:colcon.colcon_core.shell:create_environment_hook('custom_interfaces', 'ld_library_path_lib')
[1.000s] INFO:colcon.colcon_core.shell:Creating environment hook '/home/bushwookie/ws_orbot/install/custom_interfaces/share/custom_interfaces/hook/ld_library_path_lib.ps1'
[1.001s] INFO:colcon.colcon_core.shell:Creating environment descriptor '/home/bushwookie/ws_orbot/install/custom_interfaces/share/custom_interfaces/hook/ld_library_path_lib.dsv'
[1.001s] INFO:colcon.colcon_core.shell:Creating environment hook '/home/bushwookie/ws_orbot/install/custom_interfaces/share/custom_interfaces/hook/ld_library_path_lib.sh'
[1.001s] Level 1:colcon.colcon_core.environment:checking '/home/bushwookie/ws_orbot/install/custom_interfaces/bin'
[1.001s] Level 1:colcon.colcon_core.environment:checking '/home/bushwookie/ws_orbot/install/custom_interfaces/lib/pkgconfig/custom_interfaces.pc'
[1.001s] Level 1:colcon.colcon_core.environment:checking '/home/bushwookie/ws_orbot/install/custom_interfaces/lib/python3.10/site-packages'
[1.002s] Level 1:colcon.colcon_core.environment:checking '/home/bushwookie/ws_orbot/install/custom_interfaces/bin'
[1.002s] INFO:colcon.colcon_core.shell:Creating package script '/home/bushwookie/ws_orbot/install/custom_interfaces/share/custom_interfaces/package.ps1'
[1.003s] INFO:colcon.colcon_core.shell:Creating package descriptor '/home/bushwookie/ws_orbot/install/custom_interfaces/share/custom_interfaces/package.dsv'
[1.003s] INFO:colcon.colcon_core.shell:Creating package script '/home/bushwookie/ws_orbot/install/custom_interfaces/share/custom_interfaces/package.sh'
[1.003s] INFO:colcon.colcon_core.shell:Creating package script '/home/bushwookie/ws_orbot/install/custom_interfaces/share/custom_interfaces/package.bash'
[1.004s] INFO:colcon.colcon_core.shell:Creating package script '/home/bushwookie/ws_orbot/install/custom_interfaces/share/custom_interfaces/package.zsh'
[1.004s] Level 1:colcon.colcon_core.environment:create_file_with_runtime_dependencies(/home/bushwookie/ws_orbot/install/custom_interfaces/share/colcon-core/packages/custom_interfaces)
[1.051s] Level 1:colcon.colcon_core.environment:create_environment_scripts_only(image_interfaces)
[1.051s] Level 1:colcon.colcon_core.environment:checking '/home/bushwookie/ws_orbot/install/image_interfaces' for CMake module files
[1.051s] Level 1:colcon.colcon_core.environment:checking '/home/bushwookie/ws_orbot/install/image_interfaces' for CMake config files
[1.052s] Level 1:colcon.colcon_core.shell:create_environment_hook('image_interfaces', 'cmake_prefix_path')
[1.052s] INFO:colcon.colcon_core.shell:Creating environment hook '/home/bushwookie/ws_orbot/install/image_interfaces/share/image_interfaces/hook/cmake_prefix_path.ps1'
[1.053s] INFO:colcon.colcon_core.shell:Creating environment descriptor '/home/bushwookie/ws_orbot/install/image_interfaces/share/image_interfaces/hook/cmake_prefix_path.dsv'
[1.053s] INFO:colcon.colcon_core.shell:Creating environment hook '/home/bushwookie/ws_orbot/install/image_interfaces/share/image_interfaces/hook/cmake_prefix_path.sh'
[1.053s] Level 1:colcon.colcon_core.environment:checking '/home/bushwookie/ws_orbot/install/image_interfaces/lib'
[1.053s] Level 1:colcon.colcon_core.shell:create_environment_hook('image_interfaces', 'ld_library_path_lib')
[1.054s] INFO:colcon.colcon_core.shell:Creating environment hook '/home/bushwookie/ws_orbot/install/image_interfaces/share/image_interfaces/hook/ld_library_path_lib.ps1'
[1.054s] INFO:colcon.colcon_core.shell:Creating environment descriptor '/home/bushwookie/ws_orbot/install/image_interfaces/share/image_interfaces/hook/ld_library_path_lib.dsv'
[1.054s] INFO:colcon.colcon_core.shell:Creating environment hook '/home/bushwookie/ws_orbot/install/image_interfaces/share/image_interfaces/hook/ld_library_path_lib.sh'
[1.054s] Level 1:colcon.colcon_core.environment:checking '/home/bushwookie/ws_orbot/install/image_interfaces/bin'
[1.055s] Level 1:colcon.colcon_core.environment:checking '/home/bushwookie/ws_orbot/install/image_interfaces/lib/pkgconfig/image_interfaces.pc'
[1.055s] Level 1:colcon.colcon_core.environment:checking '/home/bushwookie/ws_orbot/install/image_interfaces/lib/python3.10/site-packages'
[1.055s] Level 1:colcon.colcon_core.environment:checking '/home/bushwookie/ws_orbot/install/image_interfaces/bin'
[1.055s] INFO:colcon.colcon_core.shell:Creating package script '/home/bushwookie/ws_orbot/install/image_interfaces/share/image_interfaces/package.ps1'
[1.056s] INFO:colcon.colcon_core.shell:Creating package descriptor '/home/bushwookie/ws_orbot/install/image_interfaces/share/image_interfaces/package.dsv'
[1.056s] INFO:colcon.colcon_core.shell:Creating package script '/home/bushwookie/ws_orbot/install/image_interfaces/share/image_interfaces/package.sh'
[1.056s] INFO:colcon.colcon_core.shell:Creating package script '/home/bushwookie/ws_orbot/install/image_interfaces/share/image_interfaces/package.bash'
[1.057s] INFO:colcon.colcon_core.shell:Creating package script '/home/bushwookie/ws_orbot/install/image_interfaces/share/image_interfaces/package.zsh'
[1.057s] Level 1:colcon.colcon_core.environment:create_file_with_runtime_dependencies(/home/bushwookie/ws_orbot/install/image_interfaces/share/colcon-core/packages/image_interfaces)
[1.062s] Level 1:colcon.colcon_core.environment:create_environment_scripts_only(custom_interfaces)
[1.062s] Level 1:colcon.colcon_core.environment:checking '/home/bushwookie/ws_orbot/install/custom_interfaces' for CMake module files
[1.063s] Level 1:colcon.colcon_core.environment:checking '/home/bushwookie/ws_orbot/install/custom_interfaces' for CMake config files
[1.063s] Level 1:colcon.colcon_core.shell:create_environment_hook('custom_interfaces', 'cmake_prefix_path')
[1.063s] INFO:colcon.colcon_core.shell:Creating environment hook '/home/bushwookie/ws_orbot/install/custom_interfaces/share/custom_interfaces/hook/cmake_prefix_path.ps1'
[1.064s] INFO:colcon.colcon_core.shell:Creating environment descriptor '/home/bushwookie/ws_orbot/install/custom_interfaces/share/custom_interfaces/hook/cmake_prefix_path.dsv'
[1.064s] INFO:colcon.colcon_core.shell:Creating environment hook '/home/bushwookie/ws_orbot/install/custom_interfaces/share/custom_interfaces/hook/cmake_prefix_path.sh'
[1.065s] Level 1:colcon.colcon_core.environment:checking '/home/bushwookie/ws_orbot/install/custom_interfaces/lib'
[1.065s] Level 1:colcon.colcon_core.shell:create_environment_hook('custom_interfaces', 'ld_library_path_lib')
[1.065s] INFO:colcon.colcon_core.shell:Creating environment hook '/home/bushwookie/ws_orbot/install/custom_interfaces/share/custom_interfaces/hook/ld_library_path_lib.ps1'
[1.065s] INFO:colcon.colcon_core.shell:Creating environment descriptor '/home/bushwookie/ws_orbot/install/custom_interfaces/share/custom_interfaces/hook/ld_library_path_lib.dsv'
[1.066s] INFO:colcon.colcon_core.shell:Creating environment hook '/home/bushwookie/ws_orbot/install/custom_interfaces/share/custom_interfaces/hook/ld_library_path_lib.sh'
[1.066s] Level 1:colcon.colcon_core.environment:checking '/home/bushwookie/ws_orbot/install/custom_interfaces/bin'
[1.066s] Level 1:colcon.colcon_core.environment:checking '/home/bushwookie/ws_orbot/install/custom_interfaces/lib/pkgconfig/custom_interfaces.pc'
[1.067s] Level 1:colcon.colcon_core.environment:checking '/home/bushwookie/ws_orbot/install/custom_interfaces/lib/python3.10/site-packages'
[1.067s] Level 1:colcon.colcon_core.environment:checking '/home/bushwookie/ws_orbot/install/custom_interfaces/bin'
[1.067s] INFO:colcon.colcon_core.shell:Creating package script '/home/bushwookie/ws_orbot/install/custom_interfaces/share/custom_interfaces/package.ps1'
[1.068s] INFO:colcon.colcon_core.shell:Creating package descriptor '/home/bushwookie/ws_orbot/install/custom_interfaces/share/custom_interfaces/package.dsv'
[1.068s] INFO:colcon.colcon_core.shell:Creating package script '/home/bushwookie/ws_orbot/install/custom_interfaces/share/custom_interfaces/package.sh'
[1.069s] INFO:colcon.colcon_core.shell:Creating package script '/home/bushwookie/ws_orbot/install/custom_interfaces/share/custom_interfaces/package.bash'
[1.069s] INFO:colcon.colcon_core.shell:Creating package script '/home/bushwookie/ws_orbot/install/custom_interfaces/share/custom_interfaces/package.zsh'
[1.069s] Level 1:colcon.colcon_core.environment:create_file_with_runtime_dependencies(/home/bushwookie/ws_orbot/install/custom_interfaces/share/colcon-core/packages/custom_interfaces)
[1.164s] DEBUG:colcon.colcon_core.event_handler.log_command:Invoking command in '/home/bushwookie/ws_orbot/src/pick_apple': PYTHONPATH=/home/bushwookie/ws_orbot/build/pick_apple/prefix_override:/home/bushwookie/ws_orbot/install/pick_apple/lib/python3.10/site-packages:${PYTHONPATH} WSLENV=ELECTRON_RUN_AS_NODE/w: /usr/bin/python3 -W ignore:setup.py install is deprecated setup.py egg_info --egg-base ../../build/pick_apple build --build-base /home/bushwookie/ws_orbot/build/pick_apple/build install --record /home/bushwookie/ws_orbot/build/pick_apple/install.log --single-version-externally-managed install_data
[1.165s] DEBUG:colcon.colcon_core.event_handler.log_command:Invoking command in '/home/bushwookie/ws_orbot/src/image_processing': PYTHONPATH=/home/bushwookie/ws_orbot/build/image_processing/prefix_override:/home/bushwookie/ws_orbot/install/image_processing/lib/python3.10/site-packages:${PYTHONPATH} WSLENV=ELECTRON_RUN_AS_NODE/w: /usr/bin/python3 -W ignore:setup.py install is deprecated setup.py egg_info --egg-base ../../build/image_processing build --build-base /home/bushwookie/ws_orbot/build/image_processing/build install --record /home/bushwookie/ws_orbot/build/image_processing/install.log --single-version-externally-managed install_data
[1.468s] Level 1:colcon.colcon_core.environment:checking '/home/bushwookie/ws_orbot/install/pick_apple' for CMake module files
[1.470s] DEBUG:colcon.colcon_core.event_handler.log_command:Invoked command in '/home/bushwookie/ws_orbot/src/pick_apple' returned '0': PYTHONPATH=/home/bushwookie/ws_orbot/build/pick_apple/prefix_override:/home/bushwookie/ws_orbot/install/pick_apple/lib/python3.10/site-packages:${PYTHONPATH} WSLENV=ELECTRON_RUN_AS_NODE/w: /usr/bin/python3 -W ignore:setup.py install is deprecated setup.py egg_info --egg-base ../../build/pick_apple build --build-base /home/bushwookie/ws_orbot/build/pick_apple/build install --record /home/bushwookie/ws_orbot/build/pick_apple/install.log --single-version-externally-managed install_data
[1.470s] Level 1:colcon.colcon_core.environment:checking '/home/bushwookie/ws_orbot/install/pick_apple' for CMake config files
[1.471s] Level 1:colcon.colcon_core.environment:checking '/home/bushwookie/ws_orbot/install/pick_apple/lib'
[1.471s] Level 1:colcon.colcon_core.environment:checking '/home/bushwookie/ws_orbot/install/pick_apple/bin'
[1.471s] Level 1:colcon.colcon_core.environment:checking '/home/bushwookie/ws_orbot/install/pick_apple/lib/pkgconfig/pick_apple.pc'
[1.472s] Level 1:colcon.colcon_core.environment:checking '/home/bushwookie/ws_orbot/install/pick_apple/lib/python3.10/site-packages'
[1.472s] Level 1:colcon.colcon_core.shell:create_environment_hook('pick_apple', 'pythonpath')
[1.472s] INFO:colcon.colcon_core.shell:Creating environment hook '/home/bushwookie/ws_orbot/install/pick_apple/share/pick_apple/hook/pythonpath.ps1'
[1.473s] INFO:colcon.colcon_core.shell:Creating environment descriptor '/home/bushwookie/ws_orbot/install/pick_apple/share/pick_apple/hook/pythonpath.dsv'
[1.474s] INFO:colcon.colcon_core.shell:Creating environment hook '/home/bushwookie/ws_orbot/install/pick_apple/share/pick_apple/hook/pythonpath.sh'
[1.475s] Level 1:colcon.colcon_core.environment:checking '/home/bushwookie/ws_orbot/install/pick_apple/bin'
[1.475s] Level 1:colcon.colcon_core.environment:create_environment_scripts_only(pick_apple)
[1.476s] INFO:colcon.colcon_core.shell:Creating package script '/home/bushwookie/ws_orbot/install/pick_apple/share/pick_apple/package.ps1'
[1.476s] INFO:colcon.colcon_core.shell:Creating package descriptor '/home/bushwookie/ws_orbot/install/pick_apple/share/pick_apple/package.dsv'
[1.477s] INFO:colcon.colcon_core.shell:Creating package script '/home/bushwookie/ws_orbot/install/pick_apple/share/pick_apple/package.sh'
[1.478s] INFO:colcon.colcon_core.shell:Creating package script '/home/bushwookie/ws_orbot/install/pick_apple/share/pick_apple/package.bash'
[1.479s] INFO:colcon.colcon_core.shell:Creating package script '/home/bushwookie/ws_orbot/install/pick_apple/share/pick_apple/package.zsh'
[1.480s] Level 1:colcon.colcon_core.environment:create_file_with_runtime_dependencies(/home/bushwookie/ws_orbot/install/pick_apple/share/colcon-core/packages/pick_apple)
[1.497s] Level 1:colcon.colcon_core.environment:checking '/home/bushwookie/ws_orbot/install/image_processing' for CMake module files
[1.498s] DEBUG:colcon.colcon_core.event_handler.log_command:Invoked command in '/home/bushwookie/ws_orbot/src/image_processing' returned '0': PYTHONPATH=/home/bushwookie/ws_orbot/build/image_processing/prefix_override:/home/bushwookie/ws_orbot/install/image_processing/lib/python3.10/site-packages:${PYTHONPATH} WSLENV=ELECTRON_RUN_AS_NODE/w: /usr/bin/python3 -W ignore:setup.py install is deprecated setup.py egg_info --egg-base ../../build/image_processing build --build-base /home/bushwookie/ws_orbot/build/image_processing/build install --record /home/bushwookie/ws_orbot/build/image_processing/install.log --single-version-externally-managed install_data
[1.499s] Level 1:colcon.colcon_core.environment:checking '/home/bushwookie/ws_orbot/install/image_processing' for CMake config files
[1.500s] Level 1:colcon.colcon_core.environment:checking '/home/bushwookie/ws_orbot/install/image_processing/lib'
[1.500s] Level 1:colcon.colcon_core.environment:checking '/home/bushwookie/ws_orbot/install/image_processing/bin'
[1.500s] Level 1:colcon.colcon_core.environment:checking '/home/bushwookie/ws_orbot/install/image_processing/lib/pkgconfig/image_processing.pc'
[1.500s] Level 1:colcon.colcon_core.environment:checking '/home/bushwookie/ws_orbot/install/image_processing/lib/python3.10/site-packages'
[1.501s] Level 1:colcon.colcon_core.shell:create_environment_hook('image_processing', 'pythonpath')
[1.501s] INFO:colcon.colcon_core.shell:Creating environment hook '/home/bushwookie/ws_orbot/install/image_processing/share/image_processing/hook/pythonpath.ps1'
[1.502s] INFO:colcon.colcon_core.shell:Creating environment descriptor '/home/bushwookie/ws_orbot/install/image_processing/share/image_processing/hook/pythonpath.dsv'
[1.503s] INFO:colcon.colcon_core.shell:Creating environment hook '/home/bushwookie/ws_orbot/install/image_processing/share/image_processing/hook/pythonpath.sh'
[1.504s] Level 1:colcon.colcon_core.environment:checking '/home/bushwookie/ws_orbot/install/image_processing/bin'
[1.504s] Level 1:colcon.colcon_core.environment:create_environment_scripts_only(image_processing)
[1.504s] INFO:colcon.colcon_core.shell:Creating package script '/home/bushwookie/ws_orbot/install/image_processing/share/image_processing/package.ps1'
[1.505s] INFO:colcon.colcon_core.shell:Creating package descriptor '/home/bushwookie/ws_orbot/install/image_processing/share/image_processing/package.dsv'
[1.506s] INFO:colcon.colcon_core.shell:Creating package script '/home/bushwookie/ws_orbot/install/image_processing/share/image_processing/package.sh'
[1.507s] INFO:colcon.colcon_core.shell:Creating package script '/home/bushwookie/ws_orbot/install/image_processing/share/image_processing/package.bash'
[1.508s] INFO:colcon.colcon_core.shell:Creating package script '/home/bushwookie/ws_orbot/install/image_processing/share/image_processing/package.zsh'
[1.509s] Level 1:colcon.colcon_core.environment:create_file_with_runtime_dependencies(/home/bushwookie/ws_orbot/install/image_processing/share/colcon-core/packages/image_processing)
[1.510s] DEBUG:colcon.colcon_parallel_executor.executor.parallel:closing loop
[1.511s] DEBUG:colcon.colcon_parallel_executor.executor.parallel:loop closed
[1.511s] DEBUG:colcon.colcon_parallel_executor.executor.parallel:run_until_complete finished with '0'
[1.511s] DEBUG:colcon.colcon_core.event_reactor:joining thread
[1.591s] INFO:colcon.colcon_core.plugin_system:Skipping extension 'colcon_notification.desktop_notification.notify_send': Could not find 'notify-send'
[1.591s] INFO:colcon.colcon_core.plugin_system:Skipping extension 'colcon_notification.desktop_notification.terminal_notifier': Not used on non-Darwin systems
[1.592s] INFO:colcon.colcon_core.plugin_system:Skipping extension 'colcon_notification.desktop_notification.win32': Not used on non-Windows systems
[1.592s] INFO:colcon.colcon_notification.desktop_notification:Sending desktop notification using 'notify2'
[1.592s] DEBUG:colcon.colcon_notification.desktop_notification.notify2:Failed to initialize notify2: org.freedesktop.DBus.Error.FileNotFound: Failed to connect to socket /run/user/1000/bus: No such file or directory
[1.592s] DEBUG:colcon.colcon_core.event_reactor:joined thread
[1.592s] INFO:colcon.colcon_core.shell:Creating prefix script '/home/bushwookie/ws_orbot/install/local_setup.ps1'
[1.593s] INFO:colcon.colcon_core.shell:Creating prefix util module '/home/bushwookie/ws_orbot/install/_local_setup_util_ps1.py'
[1.594s] INFO:colcon.colcon_core.shell:Creating prefix chain script '/home/bushwookie/ws_orbot/install/setup.ps1'
[1.595s] INFO:colcon.colcon_core.shell:Creating prefix script '/home/bushwookie/ws_orbot/install/local_setup.sh'
[1.595s] INFO:colcon.colcon_core.shell:Creating prefix util module '/home/bushwookie/ws_orbot/install/_local_setup_util_sh.py'
[1.596s] INFO:colcon.colcon_core.shell:Creating prefix chain script '/home/bushwookie/ws_orbot/install/setup.sh'
[1.597s] INFO:colcon.colcon_core.shell:Creating prefix script '/home/bushwookie/ws_orbot/install/local_setup.bash'
[1.598s] INFO:colcon.colcon_core.shell:Creating prefix chain script '/home/bushwookie/ws_orbot/install/setup.bash'
[1.599s] INFO:colcon.colcon_core.shell:Creating prefix script '/home/bushwookie/ws_orbot/install/local_setup.zsh'
[1.599s] INFO:colcon.colcon_core.shell:Creating prefix chain script '/home/bushwookie/ws_orbot/install/setup.zsh'
