[0.021s] Invoking command in '/home/bushwookie/ws_orbot/build/image_interfaces': CMAKE_PREFIX_PATH=/opt/ros/humble WSLENV=ELECTRON_RUN_AS_NODE/w: /usr/bin/cmake --build /home/bushwookie/ws_orbot/build/image_interfaces -- -j16 -l16
[0.353s] [  3%] Built target image_interfaces__cpp
[0.353s] [ 12%] Built target image_interfaces__rosidl_generator_c
[0.353s] [ 12%] Built target ament_cmake_python_copy_image_interfaces
[0.353s] [ 22%] Built target image_interfaces__rosidl_typesupport_introspection_cpp
[0.353s] [ 41%] Built target image_interfaces__rosidl_typesupport_fastrtps_cpp
[0.353s] [ 41%] Built target image_interfaces__rosidl_typesupport_introspection_c
[0.354s] [ 51%] Built target image_interfaces__rosidl_typesupport_cpp
[0.354s] [ 61%] Built target image_interfaces__rosidl_typesupport_fastrtps_c
[0.354s] [ 70%] Built target image_interfaces__rosidl_typesupport_c
[0.354s] [ 70%] Built target image_interfaces
[0.354s] [ 74%] Built target image_interfaces__py
[0.354s] [ 80%] Built target image_interfaces__rosidl_generator_py
[0.354s] [ 87%] Built target image_interfaces__rosidl_typesupport_c__pyext
[0.354s] [ 93%] Built target image_interfaces__rosidl_typesupport_introspection_c__pyext
[0.355s] [100%] Built target image_interfaces__rosidl_typesupport_fastrtps_c__pyext
[0.365s] running egg_info
[0.366s] writing image_interfaces.egg-info/PKG-INFO
[0.367s] writing dependency_links to image_interfaces.egg-info/dependency_links.txt
[0.368s] writing top-level names to image_interfaces.egg-info/top_level.txt
[0.371s] reading manifest file 'image_interfaces.egg-info/SOURCES.txt'
[0.373s] writing manifest file 'image_interfaces.egg-info/SOURCES.txt'
[0.400s] [100%] Built target ament_cmake_python_build_image_interfaces_egg
[0.537s] Invoked command in '/home/bushwookie/ws_orbot/build/image_interfaces' returned '0': CMAKE_PREFIX_PATH=/opt/ros/humble WSLENV=ELECTRON_RUN_AS_NODE/w: /usr/bin/cmake --build /home/bushwookie/ws_orbot/build/image_interfaces -- -j16 -l16
[0.596s] Invoking command in '/home/bushwookie/ws_orbot/build/image_interfaces': CMAKE_PREFIX_PATH=/opt/ros/humble WSLENV=ELECTRON_RUN_AS_NODE/w: /usr/bin/cmake --install /home/bushwookie/ws_orbot/build/image_interfaces
[0.603s] -- Install configuration: ""
[0.603s] -- Up-to-date: /home/bushwookie/ws_orbot/install/image_interfaces/share/ament_index/resource_index/rosidl_interfaces/image_interfaces
[0.603s] -- Up-to-date: /home/bushwookie/ws_orbot/install/image_interfaces/include/image_interfaces/image_interfaces
[0.604s] -- Up-to-date: /home/bushwookie/ws_orbot/install/image_interfaces/include/image_interfaces/image_interfaces/srv
[0.604s] -- Up-to-date: /home/bushwookie/ws_orbot/install/image_interfaces/include/image_interfaces/image_interfaces/srv/detail
[0.605s] -- Up-to-date: /home/bushwookie/ws_orbot/install/image_interfaces/include/image_interfaces/image_interfaces/srv/detail/image_request__type_support.h
[0.605s] -- Up-to-date: /home/bushwookie/ws_orbot/install/image_interfaces/include/image_interfaces/image_interfaces/srv/detail/image_request__functions.h
[0.605s] -- Up-to-date: /home/bushwookie/ws_orbot/install/image_interfaces/include/image_interfaces/image_interfaces/srv/detail/image_request__functions.c
[0.605s] -- Up-to-date: /home/bushwookie/ws_orbot/install/image_interfaces/include/image_interfaces/image_interfaces/srv/detail/image_request__struct.h
[0.605s] -- Up-to-date: /home/bushwookie/ws_orbot/install/image_interfaces/include/image_interfaces/image_interfaces/srv/image_request.h
[0.605s] -- Up-to-date: /home/bushwookie/ws_orbot/install/image_interfaces/include/image_interfaces/image_interfaces/msg
[0.605s] -- Up-to-date: /home/bushwookie/ws_orbot/install/image_interfaces/include/image_interfaces/image_interfaces/msg/rosidl_generator_c__visibility_control.h
[0.606s] -- Up-to-date: /home/bushwookie/ws_orbot/install/image_interfaces/share/image_interfaces/environment/library_path.sh
[0.606s] -- Up-to-date: /home/bushwookie/ws_orbot/install/image_interfaces/share/image_interfaces/environment/library_path.dsv
[0.606s] -- Up-to-date: /home/bushwookie/ws_orbot/install/image_interfaces/lib/libimage_interfaces__rosidl_generator_c.so
[0.606s] -- Up-to-date: /home/bushwookie/ws_orbot/install/image_interfaces/include/image_interfaces/image_interfaces
[0.606s] -- Up-to-date: /home/bushwookie/ws_orbot/install/image_interfaces/include/image_interfaces/image_interfaces/srv
[0.606s] -- Up-to-date: /home/bushwookie/ws_orbot/install/image_interfaces/include/image_interfaces/image_interfaces/srv/detail
[0.606s] -- Up-to-date: /home/bushwookie/ws_orbot/install/image_interfaces/include/image_interfaces/image_interfaces/srv/detail/image_request__rosidl_typesupport_fastrtps_c.h
[0.606s] -- Up-to-date: /home/bushwookie/ws_orbot/install/image_interfaces/include/image_interfaces/image_interfaces/msg
[0.606s] -- Up-to-date: /home/bushwookie/ws_orbot/install/image_interfaces/include/image_interfaces/image_interfaces/msg/rosidl_typesupport_fastrtps_c__visibility_control.h
[0.606s] -- Up-to-date: /home/bushwookie/ws_orbot/install/image_interfaces/lib/libimage_interfaces__rosidl_typesupport_fastrtps_c.so
[0.606s] -- Up-to-date: /home/bushwookie/ws_orbot/install/image_interfaces/include/image_interfaces/image_interfaces
[0.606s] -- Up-to-date: /home/bushwookie/ws_orbot/install/image_interfaces/include/image_interfaces/image_interfaces/srv
[0.606s] -- Up-to-date: /home/bushwookie/ws_orbot/install/image_interfaces/include/image_interfaces/image_interfaces/srv/detail
[0.606s] -- Up-to-date: /home/bushwookie/ws_orbot/install/image_interfaces/include/image_interfaces/image_interfaces/srv/detail/image_request__rosidl_typesupport_introspection_c.h
[0.606s] -- Up-to-date: /home/bushwookie/ws_orbot/install/image_interfaces/include/image_interfaces/image_interfaces/srv/detail/image_request__type_support.c
[0.607s] -- Up-to-date: /home/bushwookie/ws_orbot/install/image_interfaces/include/image_interfaces/image_interfaces/msg
[0.607s] -- Up-to-date: /home/bushwookie/ws_orbot/install/image_interfaces/include/image_interfaces/image_interfaces/msg/rosidl_typesupport_introspection_c__visibility_control.h
[0.607s] -- Up-to-date: /home/bushwookie/ws_orbot/install/image_interfaces/lib/libimage_interfaces__rosidl_typesupport_introspection_c.so
[0.608s] -- Up-to-date: /home/bushwookie/ws_orbot/install/image_interfaces/lib/libimage_interfaces__rosidl_typesupport_c.so
[0.608s] -- Up-to-date: /home/bushwookie/ws_orbot/install/image_interfaces/include/image_interfaces/image_interfaces
[0.608s] -- Up-to-date: /home/bushwookie/ws_orbot/install/image_interfaces/include/image_interfaces/image_interfaces/srv
[0.608s] -- Up-to-date: /home/bushwookie/ws_orbot/install/image_interfaces/include/image_interfaces/image_interfaces/srv/detail
[0.610s] -- Up-to-date: /home/bushwookie/ws_orbot/install/image_interfaces/include/image_interfaces/image_interfaces/srv/detail/image_request__traits.hpp
[0.616s] -- Up-to-date: /home/bushwookie/ws_orbot/install/image_interfaces/include/image_interfaces/image_interfaces/srv/detail/image_request__builder.hpp
[0.616s] -- Up-to-date: /home/bushwookie/ws_orbot/install/image_interfaces/include/image_interfaces/image_interfaces/srv/detail/image_request__struct.hpp
[0.616s] -- Up-to-date: /home/bushwookie/ws_orbot/install/image_interfaces/include/image_interfaces/image_interfaces/srv/image_request.hpp
[0.616s] -- Up-to-date: /home/bushwookie/ws_orbot/install/image_interfaces/include/image_interfaces/image_interfaces
[0.617s] -- Up-to-date: /home/bushwookie/ws_orbot/install/image_interfaces/include/image_interfaces/image_interfaces/srv
[0.617s] -- Up-to-date: /home/bushwookie/ws_orbot/install/image_interfaces/include/image_interfaces/image_interfaces/srv/detail
[0.617s] -- Up-to-date: /home/bushwookie/ws_orbot/install/image_interfaces/include/image_interfaces/image_interfaces/srv/detail/image_request__rosidl_typesupport_fastrtps_cpp.hpp
[0.617s] -- Up-to-date: /home/bushwookie/ws_orbot/install/image_interfaces/include/image_interfaces/image_interfaces/srv/detail/dds_fastrtps
[0.617s] -- Up-to-date: /home/bushwookie/ws_orbot/install/image_interfaces/include/image_interfaces/image_interfaces/msg
[0.617s] -- Up-to-date: /home/bushwookie/ws_orbot/install/image_interfaces/include/image_interfaces/image_interfaces/msg/rosidl_typesupport_fastrtps_cpp__visibility_control.h
[0.617s] -- Up-to-date: /home/bushwookie/ws_orbot/install/image_interfaces/lib/libimage_interfaces__rosidl_typesupport_fastrtps_cpp.so
[0.617s] -- Up-to-date: /home/bushwookie/ws_orbot/install/image_interfaces/include/image_interfaces/image_interfaces
[0.617s] -- Up-to-date: /home/bushwookie/ws_orbot/install/image_interfaces/include/image_interfaces/image_interfaces/srv
[0.617s] -- Up-to-date: /home/bushwookie/ws_orbot/install/image_interfaces/include/image_interfaces/image_interfaces/srv/detail
[0.623s] -- Up-to-date: /home/bushwookie/ws_orbot/install/image_interfaces/include/image_interfaces/image_interfaces/srv/detail/image_request__rosidl_typesupport_introspection_cpp.hpp
[0.624s] -- Up-to-date: /home/bushwookie/ws_orbot/install/image_interfaces/include/image_interfaces/image_interfaces/srv/detail/image_request__type_support.cpp
[0.624s] -- Up-to-date: /home/bushwookie/ws_orbot/install/image_interfaces/lib/libimage_interfaces__rosidl_typesupport_introspection_cpp.so
[0.624s] -- Up-to-date: /home/bushwookie/ws_orbot/install/image_interfaces/lib/libimage_interfaces__rosidl_typesupport_cpp.so
[0.624s] -- Up-to-date: /home/bushwookie/ws_orbot/install/image_interfaces/share/image_interfaces/environment/pythonpath.sh
[0.624s] -- Up-to-date: /home/bushwookie/ws_orbot/install/image_interfaces/share/image_interfaces/environment/pythonpath.dsv
[0.624s] -- Up-to-date: /home/bushwookie/ws_orbot/install/image_interfaces/local/lib/python3.10/dist-packages/image_interfaces-0.0.0-py3.10.egg-info
[0.624s] -- Installing: /home/bushwookie/ws_orbot/install/image_interfaces/local/lib/python3.10/dist-packages/image_interfaces-0.0.0-py3.10.egg-info/SOURCES.txt
[0.624s] -- Installing: /home/bushwookie/ws_orbot/install/image_interfaces/local/lib/python3.10/dist-packages/image_interfaces-0.0.0-py3.10.egg-info/dependency_links.txt
[0.624s] -- Installing: /home/bushwookie/ws_orbot/install/image_interfaces/local/lib/python3.10/dist-packages/image_interfaces-0.0.0-py3.10.egg-info/PKG-INFO
[0.624s] -- Installing: /home/bushwookie/ws_orbot/install/image_interfaces/local/lib/python3.10/dist-packages/image_interfaces-0.0.0-py3.10.egg-info/top_level.txt
[0.624s] -- Up-to-date: /home/bushwookie/ws_orbot/install/image_interfaces/local/lib/python3.10/dist-packages/image_interfaces
[0.624s] -- Up-to-date: /home/bushwookie/ws_orbot/install/image_interfaces/local/lib/python3.10/dist-packages/image_interfaces/image_interfaces_s__rosidl_typesupport_introspection_c.cpython-310-x86_64-linux-gnu.so
[0.624s] -- Up-to-date: /home/bushwookie/ws_orbot/install/image_interfaces/local/lib/python3.10/dist-packages/image_interfaces/_image_interfaces_s.ep.rosidl_typesupport_introspection_c.c
[0.624s] -- Up-to-date: /home/bushwookie/ws_orbot/install/image_interfaces/local/lib/python3.10/dist-packages/image_interfaces/image_interfaces_s__rosidl_typesupport_fastrtps_c.cpython-310-x86_64-linux-gnu.so
[0.625s] -- Up-to-date: /home/bushwookie/ws_orbot/install/image_interfaces/local/lib/python3.10/dist-packages/image_interfaces/srv
[0.625s] -- Up-to-date: /home/bushwookie/ws_orbot/install/image_interfaces/local/lib/python3.10/dist-packages/image_interfaces/srv/__init__.py
[0.625s] -- Up-to-date: /home/bushwookie/ws_orbot/install/image_interfaces/local/lib/python3.10/dist-packages/image_interfaces/srv/_image_request_s.c
[0.625s] -- Up-to-date: /home/bushwookie/ws_orbot/install/image_interfaces/local/lib/python3.10/dist-packages/image_interfaces/srv/_image_request.py
[0.625s] -- Up-to-date: /home/bushwookie/ws_orbot/install/image_interfaces/local/lib/python3.10/dist-packages/image_interfaces/_image_interfaces_s.ep.rosidl_typesupport_fastrtps_c.c
[0.625s] -- Up-to-date: /home/bushwookie/ws_orbot/install/image_interfaces/local/lib/python3.10/dist-packages/image_interfaces/_image_interfaces_s.ep.rosidl_typesupport_c.c
[0.625s] -- Up-to-date: /home/bushwookie/ws_orbot/install/image_interfaces/local/lib/python3.10/dist-packages/image_interfaces/libimage_interfaces__rosidl_generator_py.so
[0.626s] -- Up-to-date: /home/bushwookie/ws_orbot/install/image_interfaces/local/lib/python3.10/dist-packages/image_interfaces/__init__.py
[0.626s] -- Up-to-date: /home/bushwookie/ws_orbot/install/image_interfaces/local/lib/python3.10/dist-packages/image_interfaces/image_interfaces_s__rosidl_typesupport_c.cpython-310-x86_64-linux-gnu.so
[0.654s] Listing '/home/bushwookie/ws_orbot/install/image_interfaces/local/lib/python3.10/dist-packages/image_interfaces'...
[0.654s] Listing '/home/bushwookie/ws_orbot/install/image_interfaces/local/lib/python3.10/dist-packages/image_interfaces/srv'...
[0.660s] -- Up-to-date: /home/bushwookie/ws_orbot/install/image_interfaces/local/lib/python3.10/dist-packages/image_interfaces/image_interfaces_s__rosidl_typesupport_fastrtps_c.cpython-310-x86_64-linux-gnu.so
[0.661s] -- Up-to-date: /home/bushwookie/ws_orbot/install/image_interfaces/local/lib/python3.10/dist-packages/image_interfaces/image_interfaces_s__rosidl_typesupport_introspection_c.cpython-310-x86_64-linux-gnu.so
[0.661s] -- Up-to-date: /home/bushwookie/ws_orbot/install/image_interfaces/local/lib/python3.10/dist-packages/image_interfaces/image_interfaces_s__rosidl_typesupport_c.cpython-310-x86_64-linux-gnu.so
[0.661s] -- Up-to-date: /home/bushwookie/ws_orbot/install/image_interfaces/lib/libimage_interfaces__rosidl_generator_py.so
[0.661s] -- Up-to-date: /home/bushwookie/ws_orbot/install/image_interfaces/share/image_interfaces/srv/ImageRequest.idl
[0.662s] -- Up-to-date: /home/bushwookie/ws_orbot/install/image_interfaces/share/image_interfaces/srv/ImageRequest.srv
[0.662s] -- Up-to-date: /home/bushwookie/ws_orbot/install/image_interfaces/share/image_interfaces/srv/ImageRequest_Request.msg
[0.663s] -- Up-to-date: /home/bushwookie/ws_orbot/install/image_interfaces/share/image_interfaces/srv/ImageRequest_Response.msg
[0.663s] -- Up-to-date: /home/bushwookie/ws_orbot/install/image_interfaces/share/ament_index/resource_index/package_run_dependencies/image_interfaces
[0.663s] -- Up-to-date: /home/bushwookie/ws_orbot/install/image_interfaces/share/ament_index/resource_index/parent_prefix_path/image_interfaces
[0.664s] -- Up-to-date: /home/bushwookie/ws_orbot/install/image_interfaces/share/image_interfaces/environment/ament_prefix_path.sh
[0.664s] -- Up-to-date: /home/bushwookie/ws_orbot/install/image_interfaces/share/image_interfaces/environment/ament_prefix_path.dsv
[0.664s] -- Up-to-date: /home/bushwookie/ws_orbot/install/image_interfaces/share/image_interfaces/environment/path.sh
[0.664s] -- Up-to-date: /home/bushwookie/ws_orbot/install/image_interfaces/share/image_interfaces/environment/path.dsv
[0.664s] -- Up-to-date: /home/bushwookie/ws_orbot/install/image_interfaces/share/image_interfaces/local_setup.bash
[0.665s] -- Up-to-date: /home/bushwookie/ws_orbot/install/image_interfaces/share/image_interfaces/local_setup.sh
[0.665s] -- Up-to-date: /home/bushwookie/ws_orbot/install/image_interfaces/share/image_interfaces/local_setup.zsh
[0.665s] -- Up-to-date: /home/bushwookie/ws_orbot/install/image_interfaces/share/image_interfaces/local_setup.dsv
[0.665s] -- Installing: /home/bushwookie/ws_orbot/install/image_interfaces/share/image_interfaces/package.dsv
[0.665s] -- Up-to-date: /home/bushwookie/ws_orbot/install/image_interfaces/share/ament_index/resource_index/packages/image_interfaces
[0.666s] -- Up-to-date: /home/bushwookie/ws_orbot/install/image_interfaces/share/image_interfaces/cmake/export_image_interfaces__rosidl_generator_cExport.cmake
[0.666s] -- Up-to-date: /home/bushwookie/ws_orbot/install/image_interfaces/share/image_interfaces/cmake/export_image_interfaces__rosidl_generator_cExport-noconfig.cmake
[0.666s] -- Up-to-date: /home/bushwookie/ws_orbot/install/image_interfaces/share/image_interfaces/cmake/export_image_interfaces__rosidl_typesupport_fastrtps_cExport.cmake
[0.666s] -- Up-to-date: /home/bushwookie/ws_orbot/install/image_interfaces/share/image_interfaces/cmake/export_image_interfaces__rosidl_typesupport_fastrtps_cExport-noconfig.cmake
[0.667s] -- Up-to-date: /home/bushwookie/ws_orbot/install/image_interfaces/share/image_interfaces/cmake/image_interfaces__rosidl_typesupport_introspection_cExport.cmake
[0.667s] -- Up-to-date: /home/bushwookie/ws_orbot/install/image_interfaces/share/image_interfaces/cmake/image_interfaces__rosidl_typesupport_introspection_cExport-noconfig.cmake
[0.667s] -- Up-to-date: /home/bushwookie/ws_orbot/install/image_interfaces/share/image_interfaces/cmake/image_interfaces__rosidl_typesupport_cExport.cmake
[0.667s] -- Up-to-date: /home/bushwookie/ws_orbot/install/image_interfaces/share/image_interfaces/cmake/image_interfaces__rosidl_typesupport_cExport-noconfig.cmake
[0.667s] -- Up-to-date: /home/bushwookie/ws_orbot/install/image_interfaces/share/image_interfaces/cmake/export_image_interfaces__rosidl_generator_cppExport.cmake
[0.668s] -- Up-to-date: /home/bushwookie/ws_orbot/install/image_interfaces/share/image_interfaces/cmake/export_image_interfaces__rosidl_typesupport_fastrtps_cppExport.cmake
[0.668s] -- Up-to-date: /home/bushwookie/ws_orbot/install/image_interfaces/share/image_interfaces/cmake/export_image_interfaces__rosidl_typesupport_fastrtps_cppExport-noconfig.cmake
[0.668s] -- Up-to-date: /home/bushwookie/ws_orbot/install/image_interfaces/share/image_interfaces/cmake/image_interfaces__rosidl_typesupport_introspection_cppExport.cmake
[0.668s] -- Up-to-date: /home/bushwookie/ws_orbot/install/image_interfaces/share/image_interfaces/cmake/image_interfaces__rosidl_typesupport_introspection_cppExport-noconfig.cmake
[0.668s] -- Up-to-date: /home/bushwookie/ws_orbot/install/image_interfaces/share/image_interfaces/cmake/image_interfaces__rosidl_typesupport_cppExport.cmake
[0.668s] -- Up-to-date: /home/bushwookie/ws_orbot/install/image_interfaces/share/image_interfaces/cmake/image_interfaces__rosidl_typesupport_cppExport-noconfig.cmake
[0.668s] -- Up-to-date: /home/bushwookie/ws_orbot/install/image_interfaces/share/image_interfaces/cmake/export_image_interfaces__rosidl_generator_pyExport.cmake
[0.668s] -- Up-to-date: /home/bushwookie/ws_orbot/install/image_interfaces/share/image_interfaces/cmake/export_image_interfaces__rosidl_generator_pyExport-noconfig.cmake
[0.669s] -- Up-to-date: /home/bushwookie/ws_orbot/install/image_interfaces/share/image_interfaces/cmake/rosidl_cmake-extras.cmake
[0.669s] -- Up-to-date: /home/bushwookie/ws_orbot/install/image_interfaces/share/image_interfaces/cmake/ament_cmake_export_dependencies-extras.cmake
[0.669s] -- Up-to-date: /home/bushwookie/ws_orbot/install/image_interfaces/share/image_interfaces/cmake/ament_cmake_export_include_directories-extras.cmake
[0.669s] -- Up-to-date: /home/bushwookie/ws_orbot/install/image_interfaces/share/image_interfaces/cmake/ament_cmake_export_libraries-extras.cmake
[0.670s] -- Up-to-date: /home/bushwookie/ws_orbot/install/image_interfaces/share/image_interfaces/cmake/ament_cmake_export_targets-extras.cmake
[0.670s] -- Up-to-date: /home/bushwookie/ws_orbot/install/image_interfaces/share/image_interfaces/cmake/rosidl_cmake_export_typesupport_targets-extras.cmake
[0.670s] -- Up-to-date: /home/bushwookie/ws_orbot/install/image_interfaces/share/image_interfaces/cmake/rosidl_cmake_export_typesupport_libraries-extras.cmake
[0.671s] -- Up-to-date: /home/bushwookie/ws_orbot/install/image_interfaces/share/image_interfaces/cmake/image_interfacesConfig.cmake
[0.671s] -- Up-to-date: /home/bushwookie/ws_orbot/install/image_interfaces/share/image_interfaces/cmake/image_interfacesConfig-version.cmake
[0.672s] -- Up-to-date: /home/bushwookie/ws_orbot/install/image_interfaces/share/image_interfaces/package.xml
[0.686s] Invoked command in '/home/bushwookie/ws_orbot/build/image_interfaces' returned '0': CMAKE_PREFIX_PATH=/opt/ros/humble WSLENV=ELECTRON_RUN_AS_NODE/w: /usr/bin/cmake --install /home/bushwookie/ws_orbot/build/image_interfaces
