[0.232s] DEBUG:colcon:Command line arguments: ['/usr/bin/colcon', 'build', '--packages-select', 'image_interfaces']
[0.232s] DEBUG:colcon:Parsed command line arguments: Namespace(log_base=None, log_level=None, verb_name='build', build_base='build', install_base='install', merge_install=False, symlink_install=False, test_result_base=None, continue_on_error=False, executor='parallel', parallel_workers=16, event_handlers=None, ignore_user_meta=False, metas=['./colcon.meta'], base_paths=['.'], packages_ignore=None, packages_ignore_regex=None, paths=None, packages_up_to=None, packages_up_to_regex=None, packages_above=None, packages_above_and_dependencies=None, packages_above_depth=None, packages_select_by_dep=None, packages_skip_by_dep=None, packages_skip_up_to=None, packages_select_build_failed=False, packages_skip_build_finished=False, packages_select_test_failures=False, packages_skip_test_passed=False, packages_select=['image_interfaces'], packages_skip=None, packages_select_regex=None, packages_skip_regex=None, packages_start=None, packages_end=None, allow_overriding=[], cmake_args=None, cmake_target=None, cmake_target_skip_unavailable=False, cmake_clean_cache=False, cmake_clean_first=False, cmake_force_configure=False, ament_cmake_args=None, catkin_cmake_args=None, catkin_skip_building_tests=False, verb_parser=<colcon_defaults.argument_parser.defaults.DefaultArgumentsDecorator object at 0x7f4cdce07b50>, verb_extension=<colcon_core.verb.build.BuildVerb object at 0x7f4cdce07580>, main=<bound method BuildVerb.main of <colcon_core.verb.build.BuildVerb object at 0x7f4cdce07580>>)
[0.391s] Level 1:colcon.colcon_core.package_discovery:discover_packages(colcon_meta) check parameters
[0.392s] Level 1:colcon.colcon_core.package_discovery:discover_packages(recursive) check parameters
[0.392s] Level 1:colcon.colcon_core.package_discovery:discover_packages(ignore) check parameters
[0.392s] Level 1:colcon.colcon_core.package_discovery:discover_packages(path) check parameters
[0.392s] Level 1:colcon.colcon_core.package_discovery:discover_packages(colcon_meta) discover
[0.392s] Level 1:colcon.colcon_core.package_discovery:discover_packages(recursive) discover
[0.392s] INFO:colcon.colcon_core.package_discovery:Crawling recursively for packages in '/home/bushwookie/ws_orbot'
[0.393s] Level 1:colcon.colcon_core.package_identification:_identify(.) by extensions ['ignore', 'ignore_ament_install']
[0.393s] Level 1:colcon.colcon_core.package_identification:_identify(.) by extension 'ignore'
[0.393s] Level 1:colcon.colcon_core.package_identification:_identify(.) by extension 'ignore_ament_install'
[0.393s] Level 1:colcon.colcon_core.package_identification:_identify(.) by extensions ['colcon_pkg']
[0.393s] Level 1:colcon.colcon_core.package_identification:_identify(.) by extension 'colcon_pkg'
[0.393s] Level 1:colcon.colcon_core.package_identification:_identify(.) by extensions ['colcon_meta']
[0.393s] Level 1:colcon.colcon_core.package_identification:_identify(.) by extension 'colcon_meta'
[0.393s] Level 1:colcon.colcon_core.package_identification:_identify(.) by extensions ['ros']
[0.393s] Level 1:colcon.colcon_core.package_identification:_identify(.) by extension 'ros'
[0.409s] Level 1:colcon.colcon_core.package_identification:_identify(.) by extensions ['cmake', 'python']
[0.409s] Level 1:colcon.colcon_core.package_identification:_identify(.) by extension 'cmake'
[0.409s] Level 1:colcon.colcon_core.package_identification:_identify(.) by extension 'python'
[0.409s] Level 1:colcon.colcon_core.package_identification:_identify(.) by extensions ['python_setup_py']
[0.409s] Level 1:colcon.colcon_core.package_identification:_identify(.) by extension 'python_setup_py'
[0.410s] Level 1:colcon.colcon_core.package_identification:_identify(build) by extensions ['ignore', 'ignore_ament_install']
[0.410s] Level 1:colcon.colcon_core.package_identification:_identify(build) by extension 'ignore'
[0.410s] Level 1:colcon.colcon_core.package_identification:_identify(build) ignored
[0.410s] Level 1:colcon.colcon_core.package_identification:_identify(install) by extensions ['ignore', 'ignore_ament_install']
[0.410s] Level 1:colcon.colcon_core.package_identification:_identify(install) by extension 'ignore'
[0.411s] Level 1:colcon.colcon_core.package_identification:_identify(install) ignored
[0.411s] Level 1:colcon.colcon_core.package_identification:_identify(log) by extensions ['ignore', 'ignore_ament_install']
[0.411s] Level 1:colcon.colcon_core.package_identification:_identify(log) by extension 'ignore'
[0.411s] Level 1:colcon.colcon_core.package_identification:_identify(log) ignored
[0.411s] Level 1:colcon.colcon_core.package_identification:_identify(src) by extensions ['ignore', 'ignore_ament_install']
[0.411s] Level 1:colcon.colcon_core.package_identification:_identify(src) by extension 'ignore'
[0.412s] Level 1:colcon.colcon_core.package_identification:_identify(src) by extension 'ignore_ament_install'
[0.412s] Level 1:colcon.colcon_core.package_identification:_identify(src) by extensions ['colcon_pkg']
[0.412s] Level 1:colcon.colcon_core.package_identification:_identify(src) by extension 'colcon_pkg'
[0.412s] Level 1:colcon.colcon_core.package_identification:_identify(src) by extensions ['colcon_meta']
[0.412s] Level 1:colcon.colcon_core.package_identification:_identify(src) by extension 'colcon_meta'
[0.412s] Level 1:colcon.colcon_core.package_identification:_identify(src) by extensions ['ros']
[0.412s] Level 1:colcon.colcon_core.package_identification:_identify(src) by extension 'ros'
[0.412s] Level 1:colcon.colcon_core.package_identification:_identify(src) by extensions ['cmake', 'python']
[0.412s] Level 1:colcon.colcon_core.package_identification:_identify(src) by extension 'cmake'
[0.412s] Level 1:colcon.colcon_core.package_identification:_identify(src) by extension 'python'
[0.412s] Level 1:colcon.colcon_core.package_identification:_identify(src) by extensions ['python_setup_py']
[0.412s] Level 1:colcon.colcon_core.package_identification:_identify(src) by extension 'python_setup_py'
[0.413s] Level 1:colcon.colcon_core.package_identification:_identify(src/image_interfaces) by extensions ['ignore', 'ignore_ament_install']
[0.413s] Level 1:colcon.colcon_core.package_identification:_identify(src/image_interfaces) by extension 'ignore'
[0.413s] Level 1:colcon.colcon_core.package_identification:_identify(src/image_interfaces) by extension 'ignore_ament_install'
[0.413s] Level 1:colcon.colcon_core.package_identification:_identify(src/image_interfaces) by extensions ['colcon_pkg']
[0.413s] Level 1:colcon.colcon_core.package_identification:_identify(src/image_interfaces) by extension 'colcon_pkg'
[0.413s] Level 1:colcon.colcon_core.package_identification:_identify(src/image_interfaces) by extensions ['colcon_meta']
[0.413s] Level 1:colcon.colcon_core.package_identification:_identify(src/image_interfaces) by extension 'colcon_meta'
[0.413s] Level 1:colcon.colcon_core.package_identification:_identify(src/image_interfaces) by extensions ['ros']
[0.414s] Level 1:colcon.colcon_core.package_identification:_identify(src/image_interfaces) by extension 'ros'
[0.417s] DEBUG:colcon.colcon_core.package_identification:Package 'src/image_interfaces' with type 'ros.ament_cmake' and name 'image_interfaces'
[0.418s] Level 1:colcon.colcon_core.package_identification:_identify(src/image_processing) by extensions ['ignore', 'ignore_ament_install']
[0.418s] Level 1:colcon.colcon_core.package_identification:_identify(src/image_processing) by extension 'ignore'
[0.418s] Level 1:colcon.colcon_core.package_identification:_identify(src/image_processing) by extension 'ignore_ament_install'
[0.418s] Level 1:colcon.colcon_core.package_identification:_identify(src/image_processing) by extensions ['colcon_pkg']
[0.418s] Level 1:colcon.colcon_core.package_identification:_identify(src/image_processing) by extension 'colcon_pkg'
[0.418s] Level 1:colcon.colcon_core.package_identification:_identify(src/image_processing) by extensions ['colcon_meta']
[0.418s] Level 1:colcon.colcon_core.package_identification:_identify(src/image_processing) by extension 'colcon_meta'
[0.418s] Level 1:colcon.colcon_core.package_identification:_identify(src/image_processing) by extensions ['ros']
[0.418s] Level 1:colcon.colcon_core.package_identification:_identify(src/image_processing) by extension 'ros'
[0.419s] DEBUG:colcon.colcon_core.package_identification:Package 'src/image_processing' with type 'ros.ament_python' and name 'image_processing'
[0.419s] Level 1:colcon.colcon_core.package_discovery:discover_packages(recursive) using defaults
[0.419s] Level 1:colcon.colcon_core.package_discovery:discover_packages(ignore) discover
[0.419s] Level 1:colcon.colcon_core.package_discovery:discover_packages(ignore) using defaults
[0.419s] Level 1:colcon.colcon_core.package_discovery:discover_packages(path) discover
[0.419s] Level 1:colcon.colcon_core.package_discovery:discover_packages(path) using defaults
[0.443s] INFO:colcon.colcon_core.package_selection:Skipping not selected package 'image_processing' in 'src/image_processing'
[0.444s] Level 1:colcon.colcon_core.package_discovery:discover_packages(prefix_path) check parameters
[0.444s] Level 1:colcon.colcon_core.package_discovery:discover_packages(prefix_path) discover
[0.447s] DEBUG:colcon.colcon_installed_package_information.package_discovery:Found 294 installed packages in /opt/ros/humble
[0.448s] Level 1:colcon.colcon_core.package_discovery:discover_packages(prefix_path) using defaults
[0.522s] Level 5:colcon.colcon_core.verb:set package 'image_interfaces' build argument 'cmake_args' from command line to 'None'
[0.522s] Level 5:colcon.colcon_core.verb:set package 'image_interfaces' build argument 'cmake_target' from command line to 'None'
[0.522s] Level 5:colcon.colcon_core.verb:set package 'image_interfaces' build argument 'cmake_target_skip_unavailable' from command line to 'False'
[0.522s] Level 5:colcon.colcon_core.verb:set package 'image_interfaces' build argument 'cmake_clean_cache' from command line to 'False'
[0.522s] Level 5:colcon.colcon_core.verb:set package 'image_interfaces' build argument 'cmake_clean_first' from command line to 'False'
[0.522s] Level 5:colcon.colcon_core.verb:set package 'image_interfaces' build argument 'cmake_force_configure' from command line to 'False'
[0.522s] Level 5:colcon.colcon_core.verb:set package 'image_interfaces' build argument 'ament_cmake_args' from command line to 'None'
[0.522s] Level 5:colcon.colcon_core.verb:set package 'image_interfaces' build argument 'catkin_cmake_args' from command line to 'None'
[0.522s] Level 5:colcon.colcon_core.verb:set package 'image_interfaces' build argument 'catkin_skip_building_tests' from command line to 'False'
[0.522s] DEBUG:colcon.colcon_core.verb:Building package 'image_interfaces' with the following arguments: {'ament_cmake_args': None, 'build_base': '/home/bushwookie/ws_orbot/build/image_interfaces', 'catkin_cmake_args': None, 'catkin_skip_building_tests': False, 'cmake_args': None, 'cmake_clean_cache': False, 'cmake_clean_first': False, 'cmake_force_configure': False, 'cmake_target': None, 'cmake_target_skip_unavailable': False, 'install_base': '/home/bushwookie/ws_orbot/install/image_interfaces', 'merge_install': False, 'path': '/home/bushwookie/ws_orbot/src/image_interfaces', 'symlink_install': False, 'test_result_base': None}
[0.522s] INFO:colcon.colcon_core.executor:Executing jobs using 'parallel' executor
[0.523s] DEBUG:colcon.colcon_parallel_executor.executor.parallel:run_until_complete
[0.524s] INFO:colcon.colcon_ros.task.ament_cmake.build:Building ROS package in '/home/bushwookie/ws_orbot/src/image_interfaces' with build type 'ament_cmake'
[0.524s] INFO:colcon.colcon_cmake.task.cmake.build:Building CMake package in '/home/bushwookie/ws_orbot/src/image_interfaces'
[0.527s] INFO:colcon.colcon_core.plugin_system:Skipping extension 'colcon_core.shell.bat': Not used on non-Windows systems
[0.528s] INFO:colcon.colcon_core.shell:Skip shell extension 'powershell' for command environment: Not usable outside of PowerShell
[0.528s] DEBUG:colcon.colcon_core.shell:Skip shell extension 'dsv' for command environment
[0.548s] DEBUG:colcon.colcon_core.event_handler.log_command:Invoking command in '/home/bushwookie/ws_orbot/build/image_interfaces': CMAKE_PREFIX_PATH=/opt/ros/humble WSLENV=ELECTRON_RUN_AS_NODE/w: /usr/bin/cmake --build /home/bushwookie/ws_orbot/build/image_interfaces -- -j16 -l16
[6.368s] DEBUG:colcon.colcon_core.event_handler.log_command:Invoked command in '/home/bushwookie/ws_orbot/build/image_interfaces' returned '0': CMAKE_PREFIX_PATH=/opt/ros/humble WSLENV=ELECTRON_RUN_AS_NODE/w: /usr/bin/cmake --build /home/bushwookie/ws_orbot/build/image_interfaces -- -j16 -l16
[6.436s] DEBUG:colcon.colcon_core.event_handler.log_command:Invoking command in '/home/bushwookie/ws_orbot/build/image_interfaces': CMAKE_PREFIX_PATH=/opt/ros/humble WSLENV=ELECTRON_RUN_AS_NODE/w: /usr/bin/cmake --install /home/bushwookie/ws_orbot/build/image_interfaces
[6.530s] Level 1:colcon.colcon_core.environment:create_environment_scripts_only(image_interfaces)
[6.531s] DEBUG:colcon.colcon_core.event_handler.log_command:Invoked command in '/home/bushwookie/ws_orbot/build/image_interfaces' returned '0': CMAKE_PREFIX_PATH=/opt/ros/humble WSLENV=ELECTRON_RUN_AS_NODE/w: /usr/bin/cmake --install /home/bushwookie/ws_orbot/build/image_interfaces
[6.536s] Level 1:colcon.colcon_core.environment:checking '/home/bushwookie/ws_orbot/install/image_interfaces' for CMake module files
[6.537s] Level 1:colcon.colcon_core.environment:checking '/home/bushwookie/ws_orbot/install/image_interfaces' for CMake config files
[6.538s] Level 1:colcon.colcon_core.shell:create_environment_hook('image_interfaces', 'cmake_prefix_path')
[6.539s] INFO:colcon.colcon_core.shell:Creating environment hook '/home/bushwookie/ws_orbot/install/image_interfaces/share/image_interfaces/hook/cmake_prefix_path.ps1'
[6.540s] INFO:colcon.colcon_core.shell:Creating environment descriptor '/home/bushwookie/ws_orbot/install/image_interfaces/share/image_interfaces/hook/cmake_prefix_path.dsv'
[6.541s] INFO:colcon.colcon_core.shell:Creating environment hook '/home/bushwookie/ws_orbot/install/image_interfaces/share/image_interfaces/hook/cmake_prefix_path.sh'
[6.542s] Level 1:colcon.colcon_core.environment:checking '/home/bushwookie/ws_orbot/install/image_interfaces/lib'
[6.542s] Level 1:colcon.colcon_core.shell:create_environment_hook('image_interfaces', 'ld_library_path_lib')
[6.543s] INFO:colcon.colcon_core.shell:Creating environment hook '/home/bushwookie/ws_orbot/install/image_interfaces/share/image_interfaces/hook/ld_library_path_lib.ps1'
[6.543s] INFO:colcon.colcon_core.shell:Creating environment descriptor '/home/bushwookie/ws_orbot/install/image_interfaces/share/image_interfaces/hook/ld_library_path_lib.dsv'
[6.544s] INFO:colcon.colcon_core.shell:Creating environment hook '/home/bushwookie/ws_orbot/install/image_interfaces/share/image_interfaces/hook/ld_library_path_lib.sh'
[6.544s] Level 1:colcon.colcon_core.environment:checking '/home/bushwookie/ws_orbot/install/image_interfaces/bin'
[6.544s] Level 1:colcon.colcon_core.environment:checking '/home/bushwookie/ws_orbot/install/image_interfaces/lib/pkgconfig/image_interfaces.pc'
[6.544s] Level 1:colcon.colcon_core.environment:checking '/home/bushwookie/ws_orbot/install/image_interfaces/lib/python3.10/site-packages'
[6.545s] Level 1:colcon.colcon_core.environment:checking '/home/bushwookie/ws_orbot/install/image_interfaces/bin'
[6.545s] INFO:colcon.colcon_core.shell:Creating package script '/home/bushwookie/ws_orbot/install/image_interfaces/share/image_interfaces/package.ps1'
[6.546s] INFO:colcon.colcon_core.shell:Creating package descriptor '/home/bushwookie/ws_orbot/install/image_interfaces/share/image_interfaces/package.dsv'
[6.548s] INFO:colcon.colcon_core.shell:Creating package script '/home/bushwookie/ws_orbot/install/image_interfaces/share/image_interfaces/package.sh'
[6.549s] INFO:colcon.colcon_core.shell:Creating package script '/home/bushwookie/ws_orbot/install/image_interfaces/share/image_interfaces/package.bash'
[6.550s] INFO:colcon.colcon_core.shell:Creating package script '/home/bushwookie/ws_orbot/install/image_interfaces/share/image_interfaces/package.zsh'
[6.552s] Level 1:colcon.colcon_core.environment:create_file_with_runtime_dependencies(/home/bushwookie/ws_orbot/install/image_interfaces/share/colcon-core/packages/image_interfaces)
[6.628s] Level 1:colcon.colcon_core.environment:create_environment_scripts_only(image_interfaces)
[6.629s] Level 1:colcon.colcon_core.environment:checking '/home/bushwookie/ws_orbot/install/image_interfaces' for CMake module files
[6.630s] Level 1:colcon.colcon_core.environment:checking '/home/bushwookie/ws_orbot/install/image_interfaces' for CMake config files
[6.631s] Level 1:colcon.colcon_core.shell:create_environment_hook('image_interfaces', 'cmake_prefix_path')
[6.631s] INFO:colcon.colcon_core.shell:Creating environment hook '/home/bushwookie/ws_orbot/install/image_interfaces/share/image_interfaces/hook/cmake_prefix_path.ps1'
[6.632s] INFO:colcon.colcon_core.shell:Creating environment descriptor '/home/bushwookie/ws_orbot/install/image_interfaces/share/image_interfaces/hook/cmake_prefix_path.dsv'
[6.633s] INFO:colcon.colcon_core.shell:Creating environment hook '/home/bushwookie/ws_orbot/install/image_interfaces/share/image_interfaces/hook/cmake_prefix_path.sh'
[6.634s] Level 1:colcon.colcon_core.environment:checking '/home/bushwookie/ws_orbot/install/image_interfaces/lib'
[6.634s] Level 1:colcon.colcon_core.shell:create_environment_hook('image_interfaces', 'ld_library_path_lib')
[6.634s] INFO:colcon.colcon_core.shell:Creating environment hook '/home/bushwookie/ws_orbot/install/image_interfaces/share/image_interfaces/hook/ld_library_path_lib.ps1'
[6.635s] INFO:colcon.colcon_core.shell:Creating environment descriptor '/home/bushwookie/ws_orbot/install/image_interfaces/share/image_interfaces/hook/ld_library_path_lib.dsv'
[6.635s] INFO:colcon.colcon_core.shell:Creating environment hook '/home/bushwookie/ws_orbot/install/image_interfaces/share/image_interfaces/hook/ld_library_path_lib.sh'
[6.636s] Level 1:colcon.colcon_core.environment:checking '/home/bushwookie/ws_orbot/install/image_interfaces/bin'
[6.637s] Level 1:colcon.colcon_core.environment:checking '/home/bushwookie/ws_orbot/install/image_interfaces/lib/pkgconfig/image_interfaces.pc'
[6.637s] Level 1:colcon.colcon_core.environment:checking '/home/bushwookie/ws_orbot/install/image_interfaces/lib/python3.10/site-packages'
[6.638s] Level 1:colcon.colcon_core.environment:checking '/home/bushwookie/ws_orbot/install/image_interfaces/bin'
[6.638s] INFO:colcon.colcon_core.shell:Creating package script '/home/bushwookie/ws_orbot/install/image_interfaces/share/image_interfaces/package.ps1'
[6.639s] INFO:colcon.colcon_core.shell:Creating package descriptor '/home/bushwookie/ws_orbot/install/image_interfaces/share/image_interfaces/package.dsv'
[6.640s] INFO:colcon.colcon_core.shell:Creating package script '/home/bushwookie/ws_orbot/install/image_interfaces/share/image_interfaces/package.sh'
[6.641s] INFO:colcon.colcon_core.shell:Creating package script '/home/bushwookie/ws_orbot/install/image_interfaces/share/image_interfaces/package.bash'
[6.642s] INFO:colcon.colcon_core.shell:Creating package script '/home/bushwookie/ws_orbot/install/image_interfaces/share/image_interfaces/package.zsh'
[6.642s] Level 1:colcon.colcon_core.environment:create_file_with_runtime_dependencies(/home/bushwookie/ws_orbot/install/image_interfaces/share/colcon-core/packages/image_interfaces)
[6.643s] DEBUG:colcon.colcon_parallel_executor.executor.parallel:closing loop
[6.644s] DEBUG:colcon.colcon_parallel_executor.executor.parallel:loop closed
[6.645s] DEBUG:colcon.colcon_parallel_executor.executor.parallel:run_until_complete finished with '0'
[6.645s] DEBUG:colcon.colcon_core.event_reactor:joining thread
[6.885s] INFO:colcon.colcon_core.plugin_system:Skipping extension 'colcon_notification.desktop_notification.notify_send': Could not find 'notify-send'
[6.885s] INFO:colcon.colcon_core.plugin_system:Skipping extension 'colcon_notification.desktop_notification.terminal_notifier': Not used on non-Darwin systems
[6.885s] INFO:colcon.colcon_core.plugin_system:Skipping extension 'colcon_notification.desktop_notification.win32': Not used on non-Windows systems
[6.885s] INFO:colcon.colcon_notification.desktop_notification:Sending desktop notification using 'notify2'
[6.886s] DEBUG:colcon.colcon_notification.desktop_notification.notify2:Failed to initialize notify2: org.freedesktop.DBus.Error.FileNotFound: Failed to connect to socket /run/user/1000/bus: No such file or directory
[6.886s] DEBUG:colcon.colcon_core.event_reactor:joined thread
[6.886s] INFO:colcon.colcon_core.shell:Creating prefix script '/home/bushwookie/ws_orbot/install/local_setup.ps1'
[6.903s] INFO:colcon.colcon_core.shell:Creating prefix util module '/home/bushwookie/ws_orbot/install/_local_setup_util_ps1.py'
[6.905s] INFO:colcon.colcon_core.shell:Creating prefix chain script '/home/bushwookie/ws_orbot/install/setup.ps1'
[6.907s] INFO:colcon.colcon_core.shell:Creating prefix script '/home/bushwookie/ws_orbot/install/local_setup.sh'
[6.908s] INFO:colcon.colcon_core.shell:Creating prefix util module '/home/bushwookie/ws_orbot/install/_local_setup_util_sh.py'
[6.908s] INFO:colcon.colcon_core.shell:Creating prefix chain script '/home/bushwookie/ws_orbot/install/setup.sh'
[6.909s] INFO:colcon.colcon_core.shell:Creating prefix script '/home/bushwookie/ws_orbot/install/local_setup.bash'
[6.910s] INFO:colcon.colcon_core.shell:Creating prefix chain script '/home/bushwookie/ws_orbot/install/setup.bash'
[6.911s] INFO:colcon.colcon_core.shell:Creating prefix script '/home/bushwookie/ws_orbot/install/local_setup.zsh'
[6.912s] INFO:colcon.colcon_core.shell:Creating prefix chain script '/home/bushwookie/ws_orbot/install/setup.zsh'
