running egg_info
creating ../../build/pick_apple/pick_apple.egg-info
writing ../../build/pick_apple/pick_apple.egg-info/PKG-INFO
writing dependency_links to ../../build/pick_apple/pick_apple.egg-info/dependency_links.txt
writing entry points to ../../build/pick_apple/pick_apple.egg-info/entry_points.txt
writing requirements to ../../build/pick_apple/pick_apple.egg-info/requires.txt
writing top-level names to ../../build/pick_apple/pick_apple.egg-info/top_level.txt
writing manifest file '../../build/pick_apple/pick_apple.egg-info/SOURCES.txt'
reading manifest file '../../build/pick_apple/pick_apple.egg-info/SOURCES.txt'
adding license file 'LICENSE'
writing manifest file '../../build/pick_apple/pick_apple.egg-info/SOURCES.txt'
running build
running build_py
creating /home/bushwookie/ws_orbot/build/pick_apple/build
creating /home/bushwookie/ws_orbot/build/pick_apple/build/lib
creating /home/bushwookie/ws_orbot/build/pick_apple/build/lib/pick_apple
copying pick_apple/__init__.py -> /home/bushwookie/ws_orbot/build/pick_apple/build/lib/pick_apple
running install
running install_lib
creating /home/bushwookie/ws_orbot/install/pick_apple/lib/python3.10/site-packages/pick_apple
copying /home/bushwookie/ws_orbot/build/pick_apple/build/lib/pick_apple/__init__.py -> /home/bushwookie/ws_orbot/install/pick_apple/lib/python3.10/site-packages/pick_apple
byte-compiling /home/bushwookie/ws_orbot/install/pick_apple/lib/python3.10/site-packages/pick_apple/__init__.py to __init__.cpython-310.pyc
running install_data
creating /home/bushwookie/ws_orbot/install/pick_apple/share/ament_index
creating /home/bushwookie/ws_orbot/install/pick_apple/share/ament_index/resource_index
creating /home/bushwookie/ws_orbot/install/pick_apple/share/ament_index/resource_index/packages
copying resource/pick_apple -> /home/bushwookie/ws_orbot/install/pick_apple/share/ament_index/resource_index/packages
copying package.xml -> /home/bushwookie/ws_orbot/install/pick_apple/share/pick_apple
running install_egg_info
Copying ../../build/pick_apple/pick_apple.egg-info to /home/bushwookie/ws_orbot/install/pick_apple/lib/python3.10/site-packages/pick_apple-0.0.0-py3.10.egg-info
running install_scripts
writing list of installed files to '/home/bushwookie/ws_orbot/build/pick_apple/install.log'
