[0.357s] Invoking command in '/home/bushwookie/ws_orbot/src/pick_apple': PYTHONPATH=/home/bushwookie/ws_orbot/build/pick_apple/prefix_override:/home/bushwookie/ws_orbot/install/pick_apple/lib/python3.10/site-packages:${PYTHONPATH} WSLENV=ELECTRON_RUN_AS_NODE/w: /usr/bin/python3 -W ignore:setup.py install is deprecated setup.py egg_info --egg-base ../../build/pick_apple build --build-base /home/bushwookie/ws_orbot/build/pick_apple/build install --record /home/bushwookie/ws_orbot/build/pick_apple/install.log --single-version-externally-managed install_data
[0.483s] running egg_info
[0.483s] creating ../../build/pick_apple/pick_apple.egg-info
[0.485s] writing ../../build/pick_apple/pick_apple.egg-info/PKG-INFO
[0.485s] writing dependency_links to ../../build/pick_apple/pick_apple.egg-info/dependency_links.txt
[0.485s] writing entry points to ../../build/pick_apple/pick_apple.egg-info/entry_points.txt
[0.486s] writing requirements to ../../build/pick_apple/pick_apple.egg-info/requires.txt
[0.486s] writing top-level names to ../../build/pick_apple/pick_apple.egg-info/top_level.txt
[0.486s] writing manifest file '../../build/pick_apple/pick_apple.egg-info/SOURCES.txt'
[0.488s] reading manifest file '../../build/pick_apple/pick_apple.egg-info/SOURCES.txt'
[0.488s] adding license file 'LICENSE'
[0.488s] writing manifest file '../../build/pick_apple/pick_apple.egg-info/SOURCES.txt'
[0.489s] running build
[0.489s] running build_py
[0.489s] creating /home/bushwookie/ws_orbot/build/pick_apple/build
[0.490s] creating /home/bushwookie/ws_orbot/build/pick_apple/build/lib
[0.490s] creating /home/bushwookie/ws_orbot/build/pick_apple/build/lib/pick_apple
[0.490s] copying pick_apple/__init__.py -> /home/bushwookie/ws_orbot/build/pick_apple/build/lib/pick_apple
[0.491s] running install
[0.491s] running install_lib
[0.491s] creating /home/bushwookie/ws_orbot/install/pick_apple/lib/python3.10/site-packages/pick_apple
[0.493s] copying /home/bushwookie/ws_orbot/build/pick_apple/build/lib/pick_apple/__init__.py -> /home/bushwookie/ws_orbot/install/pick_apple/lib/python3.10/site-packages/pick_apple
[0.494s] byte-compiling /home/bushwookie/ws_orbot/install/pick_apple/lib/python3.10/site-packages/pick_apple/__init__.py to __init__.cpython-310.pyc
[0.494s] running install_data
[0.494s] creating /home/bushwookie/ws_orbot/install/pick_apple/share/ament_index
[0.494s] creating /home/bushwookie/ws_orbot/install/pick_apple/share/ament_index/resource_index
[0.494s] creating /home/bushwookie/ws_orbot/install/pick_apple/share/ament_index/resource_index/packages
[0.496s] copying resource/pick_apple -> /home/bushwookie/ws_orbot/install/pick_apple/share/ament_index/resource_index/packages
[0.496s] copying package.xml -> /home/bushwookie/ws_orbot/install/pick_apple/share/pick_apple
[0.496s] running install_egg_info
[0.497s] Copying ../../build/pick_apple/pick_apple.egg-info to /home/bushwookie/ws_orbot/install/pick_apple/lib/python3.10/site-packages/pick_apple-0.0.0-py3.10.egg-info
[0.499s] running install_scripts
[0.513s] writing list of installed files to '/home/bushwookie/ws_orbot/build/pick_apple/install.log'
[0.532s] Invoked command in '/home/bushwookie/ws_orbot/src/pick_apple' returned '0': PYTHONPATH=/home/bushwookie/ws_orbot/build/pick_apple/prefix_override:/home/bushwookie/ws_orbot/install/pick_apple/lib/python3.10/site-packages:${PYTHONPATH} WSLENV=ELECTRON_RUN_AS_NODE/w: /usr/bin/python3 -W ignore:setup.py install is deprecated setup.py egg_info --egg-base ../../build/pick_apple build --build-base /home/bushwookie/ws_orbot/build/pick_apple/build install --record /home/bushwookie/ws_orbot/build/pick_apple/install.log --single-version-externally-managed install_data
