[0.735s] Invoking command in '/home/bushwookie/ws_orbot/src/image_processing': PYTHONPATH=/home/bushwookie/ws_orbot/build/image_processing/prefix_override:/home/bushwookie/ws_orbot/install/image_processing/lib/python3.10/site-packages:${PYTHONPATH} WSLENV=ELECTRON_RUN_AS_NODE/w: /usr/bin/python3 -W ignore:setup.py install is deprecated setup.py egg_info --egg-base ../../build/image_processing build --build-base /home/bushwookie/ws_orbot/build/image_processing/build install --record /home/bushwookie/ws_orbot/build/image_processing/install.log --single-version-externally-managed install_data
[0.892s] running egg_info
[0.893s] writing ../../build/image_processing/image_processing.egg-info/PKG-INFO
[0.893s] writing dependency_links to ../../build/image_processing/image_processing.egg-info/dependency_links.txt
[0.893s] writing entry points to ../../build/image_processing/image_processing.egg-info/entry_points.txt
[0.894s] writing requirements to ../../build/image_processing/image_processing.egg-info/requires.txt
[0.894s] writing top-level names to ../../build/image_processing/image_processing.egg-info/top_level.txt
[0.896s] reading manifest file '../../build/image_processing/image_processing.egg-info/SOURCES.txt'
[0.896s] adding license file 'LICENSE'
[0.897s] writing manifest file '../../build/image_processing/image_processing.egg-info/SOURCES.txt'
[0.897s] running build
[0.897s] running build_py
[0.898s] running install
[0.898s] running install_lib
[0.899s] running install_data
[0.900s] running install_egg_info
[0.901s] removing '/home/bushwookie/ws_orbot/install/image_processing/lib/python3.10/site-packages/image_processing-0.0.0-py3.10.egg-info' (and everything under it)
[0.902s] Copying ../../build/image_processing/image_processing.egg-info to /home/bushwookie/ws_orbot/install/image_processing/lib/python3.10/site-packages/image_processing-0.0.0-py3.10.egg-info
[0.903s] running install_scripts
[0.922s] Installing rgb_image_service script to /home/bushwookie/ws_orbot/install/image_processing/lib/image_processing
[0.922s] Installing test_client script to /home/bushwookie/ws_orbot/install/image_processing/lib/image_processing
[0.923s] writing list of installed files to '/home/bushwookie/ws_orbot/build/image_processing/install.log'
[0.947s] Invoked command in '/home/bushwookie/ws_orbot/src/image_processing' returned '0': PYTHONPATH=/home/bushwookie/ws_orbot/build/image_processing/prefix_override:/home/bushwookie/ws_orbot/install/image_processing/lib/python3.10/site-packages:${PYTHONPATH} WSLENV=ELECTRON_RUN_AS_NODE/w: /usr/bin/python3 -W ignore:setup.py install is deprecated setup.py egg_info --egg-base ../../build/image_processing build --build-base /home/bushwookie/ws_orbot/build/image_processing/build install --record /home/bushwookie/ws_orbot/build/image_processing/install.log --single-version-externally-managed install_data
