[0.010s] Invoking command in '/home/bushwookie/ws_orbot/build/custom_interfaces': CMAKE_PREFIX_PATH=/opt/ros/humble WSLENV=ELECTRON_RUN_AS_NODE/w: /usr/bin/cmake --build /home/bushwookie/ws_orbot/build/custom_interfaces -- -j16 -l16
[0.024s] -- Found ament_cmake: 1.3.9 (/opt/ros/humble/share/ament_cmake/cmake)
[0.114s] -- Found rosidl_default_generators: 1.2.0 (/opt/ros/humble/share/rosidl_default_generators/cmake)
[0.116s] -- Using all available rosidl_typesupport_c: rosidl_typesupport_fastrtps_c;rosidl_typesupport_introspection_c
[0.121s] -- Found rosidl_adapter: 3.1.5 (/opt/ros/humble/share/rosidl_adapter/cmake)
[0.268s] -- Using all available rosidl_typesupport_cpp: rosidl_typesupport_fastrtps_cpp;rosidl_typesupport_introspection_cpp
[0.299s] -- Found sensor_msgs: 4.2.4 (/opt/ros/humble/share/sensor_msgs/cmake)
[0.709s] -- Found ament_cmake_ros: 0.10.0 (/opt/ros/humble/share/ament_cmake_ros/cmake)
[0.960s] -- Using all available rosidl_typesupport_c: rosidl_typesupport_fastrtps_c;rosidl_typesupport_introspection_c
[1.244s] -- Using all available rosidl_typesupport_cpp: rosidl_typesupport_fastrtps_cpp;rosidl_typesupport_introspection_cpp
[1.359s] -- Found PythonInterp: /usr/bin/python3 (found suitable version "3.10.12", minimum required is "3.6") 
[1.360s] -- Found python_cmake_module: 0.10.0 (/opt/ros/humble/share/python_cmake_module/cmake)
[1.710s] -- Found PythonLibs: /usr/lib/x86_64-linux-gnu/libpython3.10.so (found suitable version "3.10.12", minimum required is "3.5") 
[1.710s] -- Using PYTHON_EXECUTABLE: /usr/bin/python3
[1.710s] -- Using PYTHON_INCLUDE_DIRS: /usr/include/python3.10
[1.711s] -- Using PYTHON_LIBRARIES: /usr/lib/x86_64-linux-gnu/libpython3.10.so
[1.727s] -- Found PythonExtra: .so  
[1.818s] -- Found ament_lint_auto: 0.12.11 (/opt/ros/humble/share/ament_lint_auto/cmake)
[1.826s] -- Added test 'lint_cmake' to check CMake code style
[1.827s] -- Added test 'xmllint' to check XML markup files
[1.830s] -- Configuring done
[1.880s] -- Generating done
[1.884s] -- Build files have been written to: /home/bushwookie/ws_orbot/build/custom_interfaces
[1.901s] [  3%] [34m[1mGenerating C code for ROS interfaces[0m
[1.909s] [  6%] [34m[1mGenerating C++ code for ROS interfaces[0m
[1.913s] [  6%] Built target ament_cmake_python_copy_custom_interfaces
[2.127s] running egg_info
[2.127s] creating custom_interfaces.egg-info
[2.128s] writing custom_interfaces.egg-info/PKG-INFO
[2.128s] writing dependency_links to custom_interfaces.egg-info/dependency_links.txt
[2.128s] writing top-level names to custom_interfaces.egg-info/top_level.txt
[2.129s] writing manifest file 'custom_interfaces.egg-info/SOURCES.txt'
[2.131s] reading manifest file 'custom_interfaces.egg-info/SOURCES.txt'
[2.131s] writing manifest file 'custom_interfaces.egg-info/SOURCES.txt'
[2.158s] [  6%] Built target ament_cmake_python_build_custom_interfaces_egg
[2.191s] [  6%] Built target custom_interfaces__cpp
[2.199s] [ 12%] [34m[1mGenerating C++ introspection for ROS interfaces[0m
[2.199s] [  9%] [34m[1mGenerating C++ type support for eProsima Fast-RTPS[0m
[2.199s] [ 16%] [34m[1mGenerating C++ type support dispatch for ROS interfaces[0m
[2.205s] [ 19%] [32mBuilding C object CMakeFiles/custom_interfaces__rosidl_generator_c.dir/rosidl_generator_c/custom_interfaces/srv/detail/image_request__functions.c.o[0m
[2.274s] [ 22%] [32m[1mLinking C shared library libcustom_interfaces__rosidl_generator_c.so[0m
[2.438s] [ 25%] [32mBuilding CXX object CMakeFiles/custom_interfaces__rosidl_typesupport_cpp.dir/rosidl_typesupport_cpp/custom_interfaces/srv/image_request__type_support.cpp.o[0m
[2.453s] [ 29%] [32mBuilding CXX object CMakeFiles/custom_interfaces__rosidl_typesupport_introspection_cpp.dir/rosidl_typesupport_introspection_cpp/custom_interfaces/srv/detail/image_request__type_support.cpp.o[0m
[2.459s] [ 32%] [32mBuilding CXX object CMakeFiles/custom_interfaces__rosidl_typesupport_fastrtps_cpp.dir/rosidl_typesupport_fastrtps_cpp/custom_interfaces/srv/detail/dds_fastrtps/image_request__type_support.cpp.o[0m
[2.465s] [ 32%] Built target custom_interfaces__rosidl_generator_c
[2.473s] [ 35%] [34m[1mGenerating C type support for eProsima Fast-RTPS[0m
[2.476s] [ 38%] [34m[1mGenerating C type support dispatch for ROS interfaces[0m
[2.476s] [ 41%] [34m[1mGenerating C introspection for ROS interfaces[0m
[2.753s] [ 45%] [32mBuilding CXX object CMakeFiles/custom_interfaces__rosidl_typesupport_c.dir/rosidl_typesupport_c/custom_interfaces/srv/image_request__type_support.cpp.o[0m
[2.776s] [ 48%] [32m[1mLinking CXX shared library libcustom_interfaces__rosidl_typesupport_cpp.so[0m
[2.786s] [ 51%] [32m[1mLinking CXX shared library libcustom_interfaces__rosidl_typesupport_c.so[0m
[2.802s] [ 54%] [32mBuilding CXX object CMakeFiles/custom_interfaces__rosidl_typesupport_fastrtps_c.dir/rosidl_typesupport_fastrtps_c/custom_interfaces/srv/detail/image_request__type_support_c.cpp.o[0m
[2.828s] [ 58%] [32mBuilding C object CMakeFiles/custom_interfaces__rosidl_typesupport_introspection_c.dir/rosidl_typesupport_introspection_c/custom_interfaces/srv/detail/image_request__type_support.c.o[0m
[2.867s] [ 61%] [32m[1mLinking C shared library libcustom_interfaces__rosidl_typesupport_introspection_c.so[0m
[2.910s] [ 61%] Built target custom_interfaces__rosidl_typesupport_cpp
[2.914s] [ 61%] Built target custom_interfaces__rosidl_typesupport_c
[2.955s] [ 64%] [32m[1mLinking CXX shared library libcustom_interfaces__rosidl_typesupport_fastrtps_cpp.so[0m
[2.959s] [ 67%] [32m[1mLinking CXX shared library libcustom_interfaces__rosidl_typesupport_introspection_cpp.so[0m
[3.073s] [ 67%] Built target custom_interfaces__rosidl_typesupport_introspection_c
[3.093s] [ 70%] [32m[1mLinking CXX shared library libcustom_interfaces__rosidl_typesupport_fastrtps_c.so[0m
[3.164s] [ 70%] Built target custom_interfaces__rosidl_typesupport_introspection_cpp
[3.169s] [ 70%] Built target custom_interfaces__rosidl_typesupport_fastrtps_cpp
[3.381s] [ 70%] Built target custom_interfaces__rosidl_typesupport_fastrtps_c
[3.396s] [ 70%] Built target custom_interfaces
[3.411s] [ 74%] [34m[1mGenerating Python code for ROS interfaces[0m
[3.719s] [ 74%] Built target custom_interfaces__py
[3.735s] [ 77%] [32mBuilding C object CMakeFiles/custom_interfaces__rosidl_generator_py.dir/rosidl_generator_py/custom_interfaces/srv/_image_request_s.c.o[0m
[3.851s] [ 80%] [32m[1mLinking C shared library rosidl_generator_py/custom_interfaces/libcustom_interfaces__rosidl_generator_py.so[0m
[4.150s] [ 80%] Built target custom_interfaces__rosidl_generator_py
[4.166s] [ 87%] [32mBuilding C object CMakeFiles/custom_interfaces__rosidl_typesupport_introspection_c__pyext.dir/rosidl_generator_py/custom_interfaces/_custom_interfaces_s.ep.rosidl_typesupport_introspection_c.c.o[0m
[4.166s] [ 87%] [32mBuilding C object CMakeFiles/custom_interfaces__rosidl_typesupport_fastrtps_c__pyext.dir/rosidl_generator_py/custom_interfaces/_custom_interfaces_s.ep.rosidl_typesupport_fastrtps_c.c.o[0m
[4.167s] [ 90%] [32mBuilding C object CMakeFiles/custom_interfaces__rosidl_typesupport_c__pyext.dir/rosidl_generator_py/custom_interfaces/_custom_interfaces_s.ep.rosidl_typesupport_c.c.o[0m
[4.246s] [ 93%] [32m[1mLinking C shared library rosidl_generator_py/custom_interfaces/custom_interfaces_s__rosidl_typesupport_fastrtps_c.cpython-310-x86_64-linux-gnu.so[0m
[4.246s] [ 96%] [32m[1mLinking C shared library rosidl_generator_py/custom_interfaces/custom_interfaces_s__rosidl_typesupport_introspection_c.cpython-310-x86_64-linux-gnu.so[0m
[4.257s] [100%] [32m[1mLinking C shared library rosidl_generator_py/custom_interfaces/custom_interfaces_s__rosidl_typesupport_c.cpython-310-x86_64-linux-gnu.so[0m
[4.403s] [100%] Built target custom_interfaces__rosidl_typesupport_introspection_c__pyext
[4.405s] [100%] Built target custom_interfaces__rosidl_typesupport_fastrtps_c__pyext
[4.576s] [100%] Built target custom_interfaces__rosidl_typesupport_c__pyext
[4.584s] Invoked command in '/home/bushwookie/ws_orbot/build/custom_interfaces' returned '0': CMAKE_PREFIX_PATH=/opt/ros/humble WSLENV=ELECTRON_RUN_AS_NODE/w: /usr/bin/cmake --build /home/bushwookie/ws_orbot/build/custom_interfaces -- -j16 -l16
[4.627s] Invoking command in '/home/bushwookie/ws_orbot/build/custom_interfaces': CMAKE_PREFIX_PATH=/opt/ros/humble WSLENV=ELECTRON_RUN_AS_NODE/w: /usr/bin/cmake --install /home/bushwookie/ws_orbot/build/custom_interfaces
[4.632s] -- Install configuration: ""
[4.632s] -- Installing: /home/bushwookie/ws_orbot/install/custom_interfaces/share/ament_index/resource_index/rosidl_interfaces/custom_interfaces
[4.632s] -- Installing: /home/bushwookie/ws_orbot/install/custom_interfaces/include/custom_interfaces/custom_interfaces
[4.632s] -- Installing: /home/bushwookie/ws_orbot/install/custom_interfaces/include/custom_interfaces/custom_interfaces/srv
[4.632s] -- Installing: /home/bushwookie/ws_orbot/install/custom_interfaces/include/custom_interfaces/custom_interfaces/srv/detail
[4.633s] -- Installing: /home/bushwookie/ws_orbot/install/custom_interfaces/include/custom_interfaces/custom_interfaces/srv/detail/image_request__type_support.h
[4.633s] -- Installing: /home/bushwookie/ws_orbot/install/custom_interfaces/include/custom_interfaces/custom_interfaces/srv/detail/image_request__functions.h
[4.633s] -- Installing: /home/bushwookie/ws_orbot/install/custom_interfaces/include/custom_interfaces/custom_interfaces/srv/detail/image_request__functions.c
[4.633s] -- Installing: /home/bushwookie/ws_orbot/install/custom_interfaces/include/custom_interfaces/custom_interfaces/srv/detail/image_request__struct.h
[4.633s] -- Installing: /home/bushwookie/ws_orbot/install/custom_interfaces/include/custom_interfaces/custom_interfaces/srv/image_request.h
[4.633s] -- Installing: /home/bushwookie/ws_orbot/install/custom_interfaces/include/custom_interfaces/custom_interfaces/msg
[4.633s] -- Installing: /home/bushwookie/ws_orbot/install/custom_interfaces/include/custom_interfaces/custom_interfaces/msg/rosidl_generator_c__visibility_control.h
[4.633s] -- Installing: /home/bushwookie/ws_orbot/install/custom_interfaces/share/custom_interfaces/environment/library_path.sh
[4.634s] -- Installing: /home/bushwookie/ws_orbot/install/custom_interfaces/share/custom_interfaces/environment/library_path.dsv
[4.634s] -- Installing: /home/bushwookie/ws_orbot/install/custom_interfaces/lib/libcustom_interfaces__rosidl_generator_c.so
[4.634s] -- Set runtime path of "/home/bushwookie/ws_orbot/install/custom_interfaces/lib/libcustom_interfaces__rosidl_generator_c.so" to ""
[4.634s] -- Up-to-date: /home/bushwookie/ws_orbot/install/custom_interfaces/include/custom_interfaces/custom_interfaces
[4.634s] -- Up-to-date: /home/bushwookie/ws_orbot/install/custom_interfaces/include/custom_interfaces/custom_interfaces/srv
[4.634s] -- Up-to-date: /home/bushwookie/ws_orbot/install/custom_interfaces/include/custom_interfaces/custom_interfaces/srv/detail
[4.634s] -- Installing: /home/bushwookie/ws_orbot/install/custom_interfaces/include/custom_interfaces/custom_interfaces/srv/detail/image_request__rosidl_typesupport_fastrtps_c.h
[4.634s] -- Up-to-date: /home/bushwookie/ws_orbot/install/custom_interfaces/include/custom_interfaces/custom_interfaces/msg
[4.635s] -- Installing: /home/bushwookie/ws_orbot/install/custom_interfaces/include/custom_interfaces/custom_interfaces/msg/rosidl_typesupport_fastrtps_c__visibility_control.h
[4.635s] -- Installing: /home/bushwookie/ws_orbot/install/custom_interfaces/lib/libcustom_interfaces__rosidl_typesupport_fastrtps_c.so
[4.635s] -- Set runtime path of "/home/bushwookie/ws_orbot/install/custom_interfaces/lib/libcustom_interfaces__rosidl_typesupport_fastrtps_c.so" to ""
[4.635s] -- Up-to-date: /home/bushwookie/ws_orbot/install/custom_interfaces/include/custom_interfaces/custom_interfaces
[4.635s] -- Up-to-date: /home/bushwookie/ws_orbot/install/custom_interfaces/include/custom_interfaces/custom_interfaces/srv
[4.635s] -- Up-to-date: /home/bushwookie/ws_orbot/install/custom_interfaces/include/custom_interfaces/custom_interfaces/srv/detail
[4.635s] -- Installing: /home/bushwookie/ws_orbot/install/custom_interfaces/include/custom_interfaces/custom_interfaces/srv/detail/image_request__rosidl_typesupport_introspection_c.h
[4.635s] -- Installing: /home/bushwookie/ws_orbot/install/custom_interfaces/include/custom_interfaces/custom_interfaces/srv/detail/image_request__type_support.c
[4.635s] -- Up-to-date: /home/bushwookie/ws_orbot/install/custom_interfaces/include/custom_interfaces/custom_interfaces/msg
[4.635s] -- Installing: /home/bushwookie/ws_orbot/install/custom_interfaces/include/custom_interfaces/custom_interfaces/msg/rosidl_typesupport_introspection_c__visibility_control.h
[4.635s] -- Installing: /home/bushwookie/ws_orbot/install/custom_interfaces/lib/libcustom_interfaces__rosidl_typesupport_introspection_c.so
[4.635s] -- Set runtime path of "/home/bushwookie/ws_orbot/install/custom_interfaces/lib/libcustom_interfaces__rosidl_typesupport_introspection_c.so" to ""
[4.636s] -- Installing: /home/bushwookie/ws_orbot/install/custom_interfaces/lib/libcustom_interfaces__rosidl_typesupport_c.so
[4.636s] -- Set runtime path of "/home/bushwookie/ws_orbot/install/custom_interfaces/lib/libcustom_interfaces__rosidl_typesupport_c.so" to ""
[4.636s] -- Up-to-date: /home/bushwookie/ws_orbot/install/custom_interfaces/include/custom_interfaces/custom_interfaces
[4.636s] -- Up-to-date: /home/bushwookie/ws_orbot/install/custom_interfaces/include/custom_interfaces/custom_interfaces/srv
[4.636s] -- Up-to-date: /home/bushwookie/ws_orbot/install/custom_interfaces/include/custom_interfaces/custom_interfaces/srv/detail
[4.636s] -- Installing: /home/bushwookie/ws_orbot/install/custom_interfaces/include/custom_interfaces/custom_interfaces/srv/detail/image_request__traits.hpp
[4.636s] -- Installing: /home/bushwookie/ws_orbot/install/custom_interfaces/include/custom_interfaces/custom_interfaces/srv/detail/image_request__builder.hpp
[4.636s] -- Installing: /home/bushwookie/ws_orbot/install/custom_interfaces/include/custom_interfaces/custom_interfaces/srv/detail/image_request__struct.hpp
[4.636s] -- Installing: /home/bushwookie/ws_orbot/install/custom_interfaces/include/custom_interfaces/custom_interfaces/srv/image_request.hpp
[4.636s] -- Up-to-date: /home/bushwookie/ws_orbot/install/custom_interfaces/include/custom_interfaces/custom_interfaces
[4.636s] -- Up-to-date: /home/bushwookie/ws_orbot/install/custom_interfaces/include/custom_interfaces/custom_interfaces/srv
[4.637s] -- Up-to-date: /home/bushwookie/ws_orbot/install/custom_interfaces/include/custom_interfaces/custom_interfaces/srv/detail
[4.637s] -- Installing: /home/bushwookie/ws_orbot/install/custom_interfaces/include/custom_interfaces/custom_interfaces/srv/detail/image_request__rosidl_typesupport_fastrtps_cpp.hpp
[4.637s] -- Installing: /home/bushwookie/ws_orbot/install/custom_interfaces/include/custom_interfaces/custom_interfaces/srv/detail/dds_fastrtps
[4.637s] -- Up-to-date: /home/bushwookie/ws_orbot/install/custom_interfaces/include/custom_interfaces/custom_interfaces/msg
[4.637s] -- Installing: /home/bushwookie/ws_orbot/install/custom_interfaces/include/custom_interfaces/custom_interfaces/msg/rosidl_typesupport_fastrtps_cpp__visibility_control.h
[4.637s] -- Installing: /home/bushwookie/ws_orbot/install/custom_interfaces/lib/libcustom_interfaces__rosidl_typesupport_fastrtps_cpp.so
[4.637s] -- Set runtime path of "/home/bushwookie/ws_orbot/install/custom_interfaces/lib/libcustom_interfaces__rosidl_typesupport_fastrtps_cpp.so" to ""
[4.637s] -- Up-to-date: /home/bushwookie/ws_orbot/install/custom_interfaces/include/custom_interfaces/custom_interfaces
[4.637s] -- Up-to-date: /home/bushwookie/ws_orbot/install/custom_interfaces/include/custom_interfaces/custom_interfaces/srv
[4.637s] -- Up-to-date: /home/bushwookie/ws_orbot/install/custom_interfaces/include/custom_interfaces/custom_interfaces/srv/detail
[4.637s] -- Installing: /home/bushwookie/ws_orbot/install/custom_interfaces/include/custom_interfaces/custom_interfaces/srv/detail/image_request__rosidl_typesupport_introspection_cpp.hpp
[4.637s] -- Installing: /home/bushwookie/ws_orbot/install/custom_interfaces/include/custom_interfaces/custom_interfaces/srv/detail/image_request__type_support.cpp
[4.637s] -- Installing: /home/bushwookie/ws_orbot/install/custom_interfaces/lib/libcustom_interfaces__rosidl_typesupport_introspection_cpp.so
[4.637s] -- Set runtime path of "/home/bushwookie/ws_orbot/install/custom_interfaces/lib/libcustom_interfaces__rosidl_typesupport_introspection_cpp.so" to ""
[4.638s] -- Installing: /home/bushwookie/ws_orbot/install/custom_interfaces/lib/libcustom_interfaces__rosidl_typesupport_cpp.so
[4.638s] -- Set runtime path of "/home/bushwookie/ws_orbot/install/custom_interfaces/lib/libcustom_interfaces__rosidl_typesupport_cpp.so" to ""
[4.638s] -- Installing: /home/bushwookie/ws_orbot/install/custom_interfaces/share/custom_interfaces/environment/pythonpath.sh
[4.638s] -- Installing: /home/bushwookie/ws_orbot/install/custom_interfaces/share/custom_interfaces/environment/pythonpath.dsv
[4.638s] -- Installing: /home/bushwookie/ws_orbot/install/custom_interfaces/local/lib/python3.10/dist-packages/custom_interfaces-0.0.0-py3.10.egg-info
[4.639s] -- Installing: /home/bushwookie/ws_orbot/install/custom_interfaces/local/lib/python3.10/dist-packages/custom_interfaces-0.0.0-py3.10.egg-info/SOURCES.txt
[4.639s] -- Installing: /home/bushwookie/ws_orbot/install/custom_interfaces/local/lib/python3.10/dist-packages/custom_interfaces-0.0.0-py3.10.egg-info/dependency_links.txt
[4.639s] -- Installing: /home/bushwookie/ws_orbot/install/custom_interfaces/local/lib/python3.10/dist-packages/custom_interfaces-0.0.0-py3.10.egg-info/PKG-INFO
[4.639s] -- Installing: /home/bushwookie/ws_orbot/install/custom_interfaces/local/lib/python3.10/dist-packages/custom_interfaces-0.0.0-py3.10.egg-info/top_level.txt
[4.639s] -- Installing: /home/bushwookie/ws_orbot/install/custom_interfaces/local/lib/python3.10/dist-packages/custom_interfaces
[4.639s] -- Installing: /home/bushwookie/ws_orbot/install/custom_interfaces/local/lib/python3.10/dist-packages/custom_interfaces/srv
[4.640s] -- Installing: /home/bushwookie/ws_orbot/install/custom_interfaces/local/lib/python3.10/dist-packages/custom_interfaces/srv/__init__.py
[4.640s] -- Installing: /home/bushwookie/ws_orbot/install/custom_interfaces/local/lib/python3.10/dist-packages/custom_interfaces/srv/_image_request_s.c
[4.640s] -- Installing: /home/bushwookie/ws_orbot/install/custom_interfaces/local/lib/python3.10/dist-packages/custom_interfaces/srv/_image_request.py
[4.641s] -- Installing: /home/bushwookie/ws_orbot/install/custom_interfaces/local/lib/python3.10/dist-packages/custom_interfaces/custom_interfaces_s__rosidl_typesupport_fastrtps_c.cpython-310-x86_64-linux-gnu.so
[4.641s] -- Installing: /home/bushwookie/ws_orbot/install/custom_interfaces/local/lib/python3.10/dist-packages/custom_interfaces/_custom_interfaces_s.ep.rosidl_typesupport_introspection_c.c
[4.641s] -- Installing: /home/bushwookie/ws_orbot/install/custom_interfaces/local/lib/python3.10/dist-packages/custom_interfaces/__init__.py
[4.641s] -- Installing: /home/bushwookie/ws_orbot/install/custom_interfaces/local/lib/python3.10/dist-packages/custom_interfaces/custom_interfaces_s__rosidl_typesupport_c.cpython-310-x86_64-linux-gnu.so
[4.642s] -- Installing: /home/bushwookie/ws_orbot/install/custom_interfaces/local/lib/python3.10/dist-packages/custom_interfaces/_custom_interfaces_s.ep.rosidl_typesupport_fastrtps_c.c
[4.643s] -- Installing: /home/bushwookie/ws_orbot/install/custom_interfaces/local/lib/python3.10/dist-packages/custom_interfaces/_custom_interfaces_s.ep.rosidl_typesupport_c.c
[4.643s] -- Installing: /home/bushwookie/ws_orbot/install/custom_interfaces/local/lib/python3.10/dist-packages/custom_interfaces/libcustom_interfaces__rosidl_generator_py.so
[4.644s] -- Installing: /home/bushwookie/ws_orbot/install/custom_interfaces/local/lib/python3.10/dist-packages/custom_interfaces/custom_interfaces_s__rosidl_typesupport_introspection_c.cpython-310-x86_64-linux-gnu.so
[4.671s] Listing '/home/bushwookie/ws_orbot/install/custom_interfaces/local/lib/python3.10/dist-packages/custom_interfaces'...
[4.671s] Compiling '/home/bushwookie/ws_orbot/install/custom_interfaces/local/lib/python3.10/dist-packages/custom_interfaces/__init__.py'...
[4.671s] Listing '/home/bushwookie/ws_orbot/install/custom_interfaces/local/lib/python3.10/dist-packages/custom_interfaces/srv'...
[4.671s] Compiling '/home/bushwookie/ws_orbot/install/custom_interfaces/local/lib/python3.10/dist-packages/custom_interfaces/srv/__init__.py'...
[4.671s] Compiling '/home/bushwookie/ws_orbot/install/custom_interfaces/local/lib/python3.10/dist-packages/custom_interfaces/srv/_image_request.py'...
[4.675s] -- Installing: /home/bushwookie/ws_orbot/install/custom_interfaces/local/lib/python3.10/dist-packages/custom_interfaces/custom_interfaces_s__rosidl_typesupport_fastrtps_c.cpython-310-x86_64-linux-gnu.so
[4.675s] -- Set runtime path of "/home/bushwookie/ws_orbot/install/custom_interfaces/local/lib/python3.10/dist-packages/custom_interfaces/custom_interfaces_s__rosidl_typesupport_fastrtps_c.cpython-310-x86_64-linux-gnu.so" to ""
[4.675s] -- Installing: /home/bushwookie/ws_orbot/install/custom_interfaces/local/lib/python3.10/dist-packages/custom_interfaces/custom_interfaces_s__rosidl_typesupport_introspection_c.cpython-310-x86_64-linux-gnu.so
[4.676s] -- Set runtime path of "/home/bushwookie/ws_orbot/install/custom_interfaces/local/lib/python3.10/dist-packages/custom_interfaces/custom_interfaces_s__rosidl_typesupport_introspection_c.cpython-310-x86_64-linux-gnu.so" to ""
[4.676s] -- Installing: /home/bushwookie/ws_orbot/install/custom_interfaces/local/lib/python3.10/dist-packages/custom_interfaces/custom_interfaces_s__rosidl_typesupport_c.cpython-310-x86_64-linux-gnu.so
[4.676s] -- Set runtime path of "/home/bushwookie/ws_orbot/install/custom_interfaces/local/lib/python3.10/dist-packages/custom_interfaces/custom_interfaces_s__rosidl_typesupport_c.cpython-310-x86_64-linux-gnu.so" to ""
[4.676s] -- Installing: /home/bushwookie/ws_orbot/install/custom_interfaces/lib/libcustom_interfaces__rosidl_generator_py.so
[4.676s] -- Set runtime path of "/home/bushwookie/ws_orbot/install/custom_interfaces/lib/libcustom_interfaces__rosidl_generator_py.so" to ""
[4.677s] -- Installing: /home/bushwookie/ws_orbot/install/custom_interfaces/share/custom_interfaces/srv/ImageRequest.idl
[4.677s] -- Installing: /home/bushwookie/ws_orbot/install/custom_interfaces/share/custom_interfaces/srv/ImageRequest.srv
[4.677s] -- Installing: /home/bushwookie/ws_orbot/install/custom_interfaces/share/custom_interfaces/srv/ImageRequest_Request.msg
[4.677s] -- Installing: /home/bushwookie/ws_orbot/install/custom_interfaces/share/custom_interfaces/srv/ImageRequest_Response.msg
[4.677s] -- Installing: /home/bushwookie/ws_orbot/install/custom_interfaces/share/ament_index/resource_index/package_run_dependencies/custom_interfaces
[4.677s] -- Up-to-date: /home/bushwookie/ws_orbot/install/custom_interfaces/share/ament_index/resource_index/parent_prefix_path/custom_interfaces
[4.678s] -- Up-to-date: /home/bushwookie/ws_orbot/install/custom_interfaces/share/custom_interfaces/environment/ament_prefix_path.sh
[4.678s] -- Installing: /home/bushwookie/ws_orbot/install/custom_interfaces/share/custom_interfaces/environment/ament_prefix_path.dsv
[4.678s] -- Up-to-date: /home/bushwookie/ws_orbot/install/custom_interfaces/share/custom_interfaces/environment/path.sh
[4.678s] -- Installing: /home/bushwookie/ws_orbot/install/custom_interfaces/share/custom_interfaces/environment/path.dsv
[4.679s] -- Up-to-date: /home/bushwookie/ws_orbot/install/custom_interfaces/share/custom_interfaces/local_setup.bash
[4.679s] -- Installing: /home/bushwookie/ws_orbot/install/custom_interfaces/share/custom_interfaces/local_setup.sh
[4.679s] -- Up-to-date: /home/bushwookie/ws_orbot/install/custom_interfaces/share/custom_interfaces/local_setup.zsh
[4.679s] -- Installing: /home/bushwookie/ws_orbot/install/custom_interfaces/share/custom_interfaces/local_setup.dsv
[4.679s] -- Installing: /home/bushwookie/ws_orbot/install/custom_interfaces/share/custom_interfaces/package.dsv
[4.679s] -- Up-to-date: /home/bushwookie/ws_orbot/install/custom_interfaces/share/ament_index/resource_index/packages/custom_interfaces
[4.679s] -- Installing: /home/bushwookie/ws_orbot/install/custom_interfaces/share/custom_interfaces/cmake/export_custom_interfaces__rosidl_generator_cExport.cmake
[4.679s] -- Installing: /home/bushwookie/ws_orbot/install/custom_interfaces/share/custom_interfaces/cmake/export_custom_interfaces__rosidl_generator_cExport-noconfig.cmake
[4.680s] -- Installing: /home/bushwookie/ws_orbot/install/custom_interfaces/share/custom_interfaces/cmake/export_custom_interfaces__rosidl_typesupport_fastrtps_cExport.cmake
[4.680s] -- Installing: /home/bushwookie/ws_orbot/install/custom_interfaces/share/custom_interfaces/cmake/export_custom_interfaces__rosidl_typesupport_fastrtps_cExport-noconfig.cmake
[4.680s] -- Installing: /home/bushwookie/ws_orbot/install/custom_interfaces/share/custom_interfaces/cmake/custom_interfaces__rosidl_typesupport_introspection_cExport.cmake
[4.680s] -- Installing: /home/bushwookie/ws_orbot/install/custom_interfaces/share/custom_interfaces/cmake/custom_interfaces__rosidl_typesupport_introspection_cExport-noconfig.cmake
[4.680s] -- Installing: /home/bushwookie/ws_orbot/install/custom_interfaces/share/custom_interfaces/cmake/custom_interfaces__rosidl_typesupport_cExport.cmake
[4.680s] -- Installing: /home/bushwookie/ws_orbot/install/custom_interfaces/share/custom_interfaces/cmake/custom_interfaces__rosidl_typesupport_cExport-noconfig.cmake
[4.680s] -- Installing: /home/bushwookie/ws_orbot/install/custom_interfaces/share/custom_interfaces/cmake/export_custom_interfaces__rosidl_generator_cppExport.cmake
[4.680s] -- Installing: /home/bushwookie/ws_orbot/install/custom_interfaces/share/custom_interfaces/cmake/export_custom_interfaces__rosidl_typesupport_fastrtps_cppExport.cmake
[4.680s] -- Installing: /home/bushwookie/ws_orbot/install/custom_interfaces/share/custom_interfaces/cmake/export_custom_interfaces__rosidl_typesupport_fastrtps_cppExport-noconfig.cmake
[4.680s] -- Installing: /home/bushwookie/ws_orbot/install/custom_interfaces/share/custom_interfaces/cmake/custom_interfaces__rosidl_typesupport_introspection_cppExport.cmake
[4.680s] -- Installing: /home/bushwookie/ws_orbot/install/custom_interfaces/share/custom_interfaces/cmake/custom_interfaces__rosidl_typesupport_introspection_cppExport-noconfig.cmake
[4.680s] -- Installing: /home/bushwookie/ws_orbot/install/custom_interfaces/share/custom_interfaces/cmake/custom_interfaces__rosidl_typesupport_cppExport.cmake
[4.681s] -- Installing: /home/bushwookie/ws_orbot/install/custom_interfaces/share/custom_interfaces/cmake/custom_interfaces__rosidl_typesupport_cppExport-noconfig.cmake
[4.682s] -- Installing: /home/bushwookie/ws_orbot/install/custom_interfaces/share/custom_interfaces/cmake/export_custom_interfaces__rosidl_generator_pyExport.cmake
[4.682s] -- Installing: /home/bushwookie/ws_orbot/install/custom_interfaces/share/custom_interfaces/cmake/export_custom_interfaces__rosidl_generator_pyExport-noconfig.cmake
[4.682s] -- Installing: /home/bushwookie/ws_orbot/install/custom_interfaces/share/custom_interfaces/cmake/rosidl_cmake-extras.cmake
[4.682s] -- Installing: /home/bushwookie/ws_orbot/install/custom_interfaces/share/custom_interfaces/cmake/ament_cmake_export_dependencies-extras.cmake
[4.682s] -- Installing: /home/bushwookie/ws_orbot/install/custom_interfaces/share/custom_interfaces/cmake/ament_cmake_export_include_directories-extras.cmake
[4.682s] -- Installing: /home/bushwookie/ws_orbot/install/custom_interfaces/share/custom_interfaces/cmake/ament_cmake_export_libraries-extras.cmake
[4.683s] -- Installing: /home/bushwookie/ws_orbot/install/custom_interfaces/share/custom_interfaces/cmake/ament_cmake_export_targets-extras.cmake
[4.683s] -- Installing: /home/bushwookie/ws_orbot/install/custom_interfaces/share/custom_interfaces/cmake/rosidl_cmake_export_typesupport_targets-extras.cmake
[4.683s] -- Installing: /home/bushwookie/ws_orbot/install/custom_interfaces/share/custom_interfaces/cmake/rosidl_cmake_export_typesupport_libraries-extras.cmake
[4.683s] -- Installing: /home/bushwookie/ws_orbot/install/custom_interfaces/share/custom_interfaces/cmake/custom_interfacesConfig.cmake
[4.683s] -- Up-to-date: /home/bushwookie/ws_orbot/install/custom_interfaces/share/custom_interfaces/cmake/custom_interfacesConfig-version.cmake
[4.683s] -- Installing: /home/bushwookie/ws_orbot/install/custom_interfaces/share/custom_interfaces/package.xml
[4.685s] Invoked command in '/home/bushwookie/ws_orbot/build/custom_interfaces' returned '0': CMAKE_PREFIX_PATH=/opt/ros/humble WSLENV=ELECTRON_RUN_AS_NODE/w: /usr/bin/cmake --install /home/bushwookie/ws_orbot/build/custom_interfaces
