[8.735s] DEBUG:colcon:Command line arguments: ['/usr/bin/colcon', 'build', '--packages-select', 'image_interfaces']
[8.736s] DEBUG:colcon:Parsed command line arguments: Namespace(log_base=None, log_level=None, verb_name='build', build_base='build', install_base='install', merge_install=False, symlink_install=False, test_result_base=None, continue_on_error=False, executor='parallel', parallel_workers=16, event_handlers=None, ignore_user_meta=False, metas=['./colcon.meta'], base_paths=['.'], packages_ignore=None, packages_ignore_regex=None, paths=None, packages_up_to=None, packages_up_to_regex=None, packages_above=None, packages_above_and_dependencies=None, packages_above_depth=None, packages_select_by_dep=None, packages_skip_by_dep=None, packages_skip_up_to=None, packages_select_build_failed=False, packages_skip_build_finished=False, packages_select_test_failures=False, packages_skip_test_passed=False, packages_select=['image_interfaces'], packages_skip=None, packages_select_regex=None, packages_skip_regex=None, packages_start=None, packages_end=None, allow_overriding=[], cmake_args=None, cmake_target=None, cmake_target_skip_unavailable=False, cmake_clean_cache=False, cmake_clean_first=False, cmake_force_configure=False, ament_cmake_args=None, catkin_cmake_args=None, catkin_skip_building_tests=False, verb_parser=<colcon_defaults.argument_parser.defaults.DefaultArgumentsDecorator object at 0x7fbda530bb50>, verb_extension=<colcon_core.verb.build.BuildVerb object at 0x7fbda530b580>, main=<bound method BuildVerb.main of <colcon_core.verb.build.BuildVerb object at 0x7fbda530b580>>)
[8.880s] Level 1:colcon.colcon_core.package_discovery:discover_packages(colcon_meta) check parameters
[8.881s] Level 1:colcon.colcon_core.package_discovery:discover_packages(recursive) check parameters
[8.881s] Level 1:colcon.colcon_core.package_discovery:discover_packages(ignore) check parameters
[8.881s] Level 1:colcon.colcon_core.package_discovery:discover_packages(path) check parameters
[8.881s] Level 1:colcon.colcon_core.package_discovery:discover_packages(colcon_meta) discover
[8.881s] Level 1:colcon.colcon_core.package_discovery:discover_packages(recursive) discover
[8.881s] INFO:colcon.colcon_core.package_discovery:Crawling recursively for packages in '/home/bushwookie/ws_orbot'
[8.881s] Level 1:colcon.colcon_core.package_identification:_identify(.) by extensions ['ignore', 'ignore_ament_install']
[8.881s] Level 1:colcon.colcon_core.package_identification:_identify(.) by extension 'ignore'
[8.881s] Level 1:colcon.colcon_core.package_identification:_identify(.) by extension 'ignore_ament_install'
[8.881s] Level 1:colcon.colcon_core.package_identification:_identify(.) by extensions ['colcon_pkg']
[8.881s] Level 1:colcon.colcon_core.package_identification:_identify(.) by extension 'colcon_pkg'
[8.881s] Level 1:colcon.colcon_core.package_identification:_identify(.) by extensions ['colcon_meta']
[8.881s] Level 1:colcon.colcon_core.package_identification:_identify(.) by extension 'colcon_meta'
[8.881s] Level 1:colcon.colcon_core.package_identification:_identify(.) by extensions ['ros']
[8.881s] Level 1:colcon.colcon_core.package_identification:_identify(.) by extension 'ros'
[8.892s] Level 1:colcon.colcon_core.package_identification:_identify(.) by extensions ['cmake', 'python']
[8.892s] Level 1:colcon.colcon_core.package_identification:_identify(.) by extension 'cmake'
[8.892s] Level 1:colcon.colcon_core.package_identification:_identify(.) by extension 'python'
[8.892s] Level 1:colcon.colcon_core.package_identification:_identify(.) by extensions ['python_setup_py']
[8.892s] Level 1:colcon.colcon_core.package_identification:_identify(.) by extension 'python_setup_py'
[8.892s] Level 1:colcon.colcon_core.package_identification:_identify(build) by extensions ['ignore', 'ignore_ament_install']
[8.892s] Level 1:colcon.colcon_core.package_identification:_identify(build) by extension 'ignore'
[8.892s] Level 1:colcon.colcon_core.package_identification:_identify(build) ignored
[8.892s] Level 1:colcon.colcon_core.package_identification:_identify(install) by extensions ['ignore', 'ignore_ament_install']
[8.892s] Level 1:colcon.colcon_core.package_identification:_identify(install) by extension 'ignore'
[8.892s] Level 1:colcon.colcon_core.package_identification:_identify(install) ignored
[8.892s] Level 1:colcon.colcon_core.package_identification:_identify(log) by extensions ['ignore', 'ignore_ament_install']
[8.892s] Level 1:colcon.colcon_core.package_identification:_identify(log) by extension 'ignore'
[8.893s] Level 1:colcon.colcon_core.package_identification:_identify(log) ignored
[8.893s] Level 1:colcon.colcon_core.package_identification:_identify(src) by extensions ['ignore', 'ignore_ament_install']
[8.893s] Level 1:colcon.colcon_core.package_identification:_identify(src) by extension 'ignore'
[8.893s] Level 1:colcon.colcon_core.package_identification:_identify(src) by extension 'ignore_ament_install'
[8.893s] Level 1:colcon.colcon_core.package_identification:_identify(src) by extensions ['colcon_pkg']
[8.893s] Level 1:colcon.colcon_core.package_identification:_identify(src) by extension 'colcon_pkg'
[8.893s] Level 1:colcon.colcon_core.package_identification:_identify(src) by extensions ['colcon_meta']
[8.893s] Level 1:colcon.colcon_core.package_identification:_identify(src) by extension 'colcon_meta'
[8.893s] Level 1:colcon.colcon_core.package_identification:_identify(src) by extensions ['ros']
[8.893s] Level 1:colcon.colcon_core.package_identification:_identify(src) by extension 'ros'
[8.893s] Level 1:colcon.colcon_core.package_identification:_identify(src) by extensions ['cmake', 'python']
[8.893s] Level 1:colcon.colcon_core.package_identification:_identify(src) by extension 'cmake'
[8.893s] Level 1:colcon.colcon_core.package_identification:_identify(src) by extension 'python'
[8.893s] Level 1:colcon.colcon_core.package_identification:_identify(src) by extensions ['python_setup_py']
[8.893s] Level 1:colcon.colcon_core.package_identification:_identify(src) by extension 'python_setup_py'
[8.893s] Level 1:colcon.colcon_core.package_identification:_identify(src/image_interfaces) by extensions ['ignore', 'ignore_ament_install']
[8.893s] Level 1:colcon.colcon_core.package_identification:_identify(src/image_interfaces) by extension 'ignore'
[8.893s] Level 1:colcon.colcon_core.package_identification:_identify(src/image_interfaces) by extension 'ignore_ament_install'
[8.893s] Level 1:colcon.colcon_core.package_identification:_identify(src/image_interfaces) by extensions ['colcon_pkg']
[8.893s] Level 1:colcon.colcon_core.package_identification:_identify(src/image_interfaces) by extension 'colcon_pkg'
[8.893s] Level 1:colcon.colcon_core.package_identification:_identify(src/image_interfaces) by extensions ['colcon_meta']
[8.893s] Level 1:colcon.colcon_core.package_identification:_identify(src/image_interfaces) by extension 'colcon_meta'
[8.893s] Level 1:colcon.colcon_core.package_identification:_identify(src/image_interfaces) by extensions ['ros']
[8.893s] Level 1:colcon.colcon_core.package_identification:_identify(src/image_interfaces) by extension 'ros'
[8.896s] DEBUG:colcon.colcon_core.package_identification:Package 'src/image_interfaces' with type 'ros.ament_cmake' and name 'image_interfaces'
[8.896s] Level 1:colcon.colcon_core.package_identification:_identify(src/image_processing) by extensions ['ignore', 'ignore_ament_install']
[8.896s] Level 1:colcon.colcon_core.package_identification:_identify(src/image_processing) by extension 'ignore'
[8.896s] Level 1:colcon.colcon_core.package_identification:_identify(src/image_processing) by extension 'ignore_ament_install'
[8.896s] Level 1:colcon.colcon_core.package_identification:_identify(src/image_processing) by extensions ['colcon_pkg']
[8.896s] Level 1:colcon.colcon_core.package_identification:_identify(src/image_processing) by extension 'colcon_pkg'
[8.896s] Level 1:colcon.colcon_core.package_identification:_identify(src/image_processing) by extensions ['colcon_meta']
[8.896s] Level 1:colcon.colcon_core.package_identification:_identify(src/image_processing) by extension 'colcon_meta'
[8.896s] Level 1:colcon.colcon_core.package_identification:_identify(src/image_processing) by extensions ['ros']
[8.896s] Level 1:colcon.colcon_core.package_identification:_identify(src/image_processing) by extension 'ros'
[8.896s] DEBUG:colcon.colcon_core.package_identification:Package 'src/image_processing' with type 'ros.ament_python' and name 'image_processing'
[8.896s] Level 1:colcon.colcon_core.package_discovery:discover_packages(recursive) using defaults
[8.897s] Level 1:colcon.colcon_core.package_discovery:discover_packages(ignore) discover
[8.897s] Level 1:colcon.colcon_core.package_discovery:discover_packages(ignore) using defaults
[8.897s] Level 1:colcon.colcon_core.package_discovery:discover_packages(path) discover
[8.897s] Level 1:colcon.colcon_core.package_discovery:discover_packages(path) using defaults
[8.912s] INFO:colcon.colcon_core.package_selection:Skipping not selected package 'image_processing' in 'src/image_processing'
[8.912s] Level 1:colcon.colcon_core.package_discovery:discover_packages(prefix_path) check parameters
[8.912s] Level 1:colcon.colcon_core.package_discovery:discover_packages(prefix_path) discover
[8.914s] DEBUG:colcon.colcon_installed_package_information.package_discovery:Found 294 installed packages in /opt/ros/humble
[8.916s] Level 1:colcon.colcon_core.package_discovery:discover_packages(prefix_path) using defaults
[8.959s] Level 5:colcon.colcon_core.verb:set package 'image_interfaces' build argument 'cmake_args' from command line to 'None'
[8.959s] Level 5:colcon.colcon_core.verb:set package 'image_interfaces' build argument 'cmake_target' from command line to 'None'
[8.960s] Level 5:colcon.colcon_core.verb:set package 'image_interfaces' build argument 'cmake_target_skip_unavailable' from command line to 'False'
[8.960s] Level 5:colcon.colcon_core.verb:set package 'image_interfaces' build argument 'cmake_clean_cache' from command line to 'False'
[8.960s] Level 5:colcon.colcon_core.verb:set package 'image_interfaces' build argument 'cmake_clean_first' from command line to 'False'
[8.960s] Level 5:colcon.colcon_core.verb:set package 'image_interfaces' build argument 'cmake_force_configure' from command line to 'False'
[8.960s] Level 5:colcon.colcon_core.verb:set package 'image_interfaces' build argument 'ament_cmake_args' from command line to 'None'
[8.960s] Level 5:colcon.colcon_core.verb:set package 'image_interfaces' build argument 'catkin_cmake_args' from command line to 'None'
[8.960s] Level 5:colcon.colcon_core.verb:set package 'image_interfaces' build argument 'catkin_skip_building_tests' from command line to 'False'
[8.960s] DEBUG:colcon.colcon_core.verb:Building package 'image_interfaces' with the following arguments: {'ament_cmake_args': None, 'build_base': '/home/bushwookie/ws_orbot/build/image_interfaces', 'catkin_cmake_args': None, 'catkin_skip_building_tests': False, 'cmake_args': None, 'cmake_clean_cache': False, 'cmake_clean_first': False, 'cmake_force_configure': False, 'cmake_target': None, 'cmake_target_skip_unavailable': False, 'install_base': '/home/bushwookie/ws_orbot/install/image_interfaces', 'merge_install': False, 'path': '/home/bushwookie/ws_orbot/src/image_interfaces', 'symlink_install': False, 'test_result_base': None}
[8.960s] INFO:colcon.colcon_core.executor:Executing jobs using 'parallel' executor
[8.961s] DEBUG:colcon.colcon_parallel_executor.executor.parallel:run_until_complete
[8.961s] INFO:colcon.colcon_ros.task.ament_cmake.build:Building ROS package in '/home/bushwookie/ws_orbot/src/image_interfaces' with build type 'ament_cmake'
[8.961s] INFO:colcon.colcon_cmake.task.cmake.build:Building CMake package in '/home/bushwookie/ws_orbot/src/image_interfaces'
[8.963s] INFO:colcon.colcon_core.plugin_system:Skipping extension 'colcon_core.shell.bat': Not used on non-Windows systems
[8.963s] INFO:colcon.colcon_core.shell:Skip shell extension 'powershell' for command environment: Not usable outside of PowerShell
[8.963s] DEBUG:colcon.colcon_core.shell:Skip shell extension 'dsv' for command environment
[8.994s] DEBUG:colcon.colcon_core.event_handler.log_command:Invoking command in '/home/bushwookie/ws_orbot/build/image_interfaces': CMAKE_PREFIX_PATH=/opt/ros/humble WSLENV=ELECTRON_RUN_AS_NODE/w: /usr/bin/cmake --build /home/bushwookie/ws_orbot/build/image_interfaces -- -j16 -l16
[18.806s] DEBUG:colcon.colcon_core.event_handler.log_command:Invoked command in '/home/bushwookie/ws_orbot/build/image_interfaces' returned '0': CMAKE_PREFIX_PATH=/opt/ros/humble WSLENV=ELECTRON_RUN_AS_NODE/w: /usr/bin/cmake --build /home/bushwookie/ws_orbot/build/image_interfaces -- -j16 -l16
[18.927s] DEBUG:colcon.colcon_core.event_handler.log_command:Invoking command in '/home/bushwookie/ws_orbot/build/image_interfaces': CMAKE_PREFIX_PATH=/opt/ros/humble WSLENV=ELECTRON_RUN_AS_NODE/w: /usr/bin/cmake --install /home/bushwookie/ws_orbot/build/image_interfaces
[19.080s] Level 1:colcon.colcon_core.environment:create_environment_scripts_only(image_interfaces)
[19.082s] DEBUG:colcon.colcon_core.event_handler.log_command:Invoked command in '/home/bushwookie/ws_orbot/build/image_interfaces' returned '0': CMAKE_PREFIX_PATH=/opt/ros/humble WSLENV=ELECTRON_RUN_AS_NODE/w: /usr/bin/cmake --install /home/bushwookie/ws_orbot/build/image_interfaces
[19.085s] Level 1:colcon.colcon_core.environment:checking '/home/bushwookie/ws_orbot/install/image_interfaces' for CMake module files
[19.086s] Level 1:colcon.colcon_core.environment:checking '/home/bushwookie/ws_orbot/install/image_interfaces' for CMake config files
[19.089s] Level 1:colcon.colcon_core.shell:create_environment_hook('image_interfaces', 'cmake_prefix_path')
[19.089s] INFO:colcon.colcon_core.shell:Creating environment hook '/home/bushwookie/ws_orbot/install/image_interfaces/share/image_interfaces/hook/cmake_prefix_path.ps1'
[19.090s] INFO:colcon.colcon_core.shell:Creating environment descriptor '/home/bushwookie/ws_orbot/install/image_interfaces/share/image_interfaces/hook/cmake_prefix_path.dsv'
[19.091s] INFO:colcon.colcon_core.shell:Creating environment hook '/home/bushwookie/ws_orbot/install/image_interfaces/share/image_interfaces/hook/cmake_prefix_path.sh'
[19.093s] Level 1:colcon.colcon_core.environment:checking '/home/bushwookie/ws_orbot/install/image_interfaces/lib'
[19.093s] Level 1:colcon.colcon_core.shell:create_environment_hook('image_interfaces', 'ld_library_path_lib')
[19.093s] INFO:colcon.colcon_core.shell:Creating environment hook '/home/bushwookie/ws_orbot/install/image_interfaces/share/image_interfaces/hook/ld_library_path_lib.ps1'
[19.094s] INFO:colcon.colcon_core.shell:Creating environment descriptor '/home/bushwookie/ws_orbot/install/image_interfaces/share/image_interfaces/hook/ld_library_path_lib.dsv'
[19.094s] INFO:colcon.colcon_core.shell:Creating environment hook '/home/bushwookie/ws_orbot/install/image_interfaces/share/image_interfaces/hook/ld_library_path_lib.sh'
[19.095s] Level 1:colcon.colcon_core.environment:checking '/home/bushwookie/ws_orbot/install/image_interfaces/bin'
[19.095s] Level 1:colcon.colcon_core.environment:checking '/home/bushwookie/ws_orbot/install/image_interfaces/lib/pkgconfig/image_interfaces.pc'
[19.095s] Level 1:colcon.colcon_core.environment:checking '/home/bushwookie/ws_orbot/install/image_interfaces/lib/python3.10/site-packages'
[19.096s] Level 1:colcon.colcon_core.environment:checking '/home/bushwookie/ws_orbot/install/image_interfaces/bin'
[19.096s] INFO:colcon.colcon_core.shell:Creating package script '/home/bushwookie/ws_orbot/install/image_interfaces/share/image_interfaces/package.ps1'
[19.097s] INFO:colcon.colcon_core.shell:Creating package descriptor '/home/bushwookie/ws_orbot/install/image_interfaces/share/image_interfaces/package.dsv'
[19.098s] INFO:colcon.colcon_core.shell:Creating package script '/home/bushwookie/ws_orbot/install/image_interfaces/share/image_interfaces/package.sh'
[19.099s] INFO:colcon.colcon_core.shell:Creating package script '/home/bushwookie/ws_orbot/install/image_interfaces/share/image_interfaces/package.bash'
[19.100s] INFO:colcon.colcon_core.shell:Creating package script '/home/bushwookie/ws_orbot/install/image_interfaces/share/image_interfaces/package.zsh'
[19.100s] Level 1:colcon.colcon_core.environment:create_file_with_runtime_dependencies(/home/bushwookie/ws_orbot/install/image_interfaces/share/colcon-core/packages/image_interfaces)
[19.213s] Level 1:colcon.colcon_core.environment:create_environment_scripts_only(image_interfaces)
[19.213s] Level 1:colcon.colcon_core.environment:checking '/home/bushwookie/ws_orbot/install/image_interfaces' for CMake module files
[19.214s] Level 1:colcon.colcon_core.environment:checking '/home/bushwookie/ws_orbot/install/image_interfaces' for CMake config files
[19.215s] Level 1:colcon.colcon_core.shell:create_environment_hook('image_interfaces', 'cmake_prefix_path')
[19.216s] INFO:colcon.colcon_core.shell:Creating environment hook '/home/bushwookie/ws_orbot/install/image_interfaces/share/image_interfaces/hook/cmake_prefix_path.ps1'
[19.217s] INFO:colcon.colcon_core.shell:Creating environment descriptor '/home/bushwookie/ws_orbot/install/image_interfaces/share/image_interfaces/hook/cmake_prefix_path.dsv'
[19.217s] INFO:colcon.colcon_core.shell:Creating environment hook '/home/bushwookie/ws_orbot/install/image_interfaces/share/image_interfaces/hook/cmake_prefix_path.sh'
[19.219s] Level 1:colcon.colcon_core.environment:checking '/home/bushwookie/ws_orbot/install/image_interfaces/lib'
[19.220s] Level 1:colcon.colcon_core.shell:create_environment_hook('image_interfaces', 'ld_library_path_lib')
[19.220s] INFO:colcon.colcon_core.shell:Creating environment hook '/home/bushwookie/ws_orbot/install/image_interfaces/share/image_interfaces/hook/ld_library_path_lib.ps1'
[19.223s] INFO:colcon.colcon_core.shell:Creating environment descriptor '/home/bushwookie/ws_orbot/install/image_interfaces/share/image_interfaces/hook/ld_library_path_lib.dsv'
[19.224s] INFO:colcon.colcon_core.shell:Creating environment hook '/home/bushwookie/ws_orbot/install/image_interfaces/share/image_interfaces/hook/ld_library_path_lib.sh'
[19.225s] Level 1:colcon.colcon_core.environment:checking '/home/bushwookie/ws_orbot/install/image_interfaces/bin'
[19.225s] Level 1:colcon.colcon_core.environment:checking '/home/bushwookie/ws_orbot/install/image_interfaces/lib/pkgconfig/image_interfaces.pc'
[19.226s] Level 1:colcon.colcon_core.environment:checking '/home/bushwookie/ws_orbot/install/image_interfaces/lib/python3.10/site-packages'
[19.227s] Level 1:colcon.colcon_core.environment:checking '/home/bushwookie/ws_orbot/install/image_interfaces/bin'
[19.228s] INFO:colcon.colcon_core.shell:Creating package script '/home/bushwookie/ws_orbot/install/image_interfaces/share/image_interfaces/package.ps1'
[19.230s] INFO:colcon.colcon_core.shell:Creating package descriptor '/home/bushwookie/ws_orbot/install/image_interfaces/share/image_interfaces/package.dsv'
[19.231s] INFO:colcon.colcon_core.shell:Creating package script '/home/bushwookie/ws_orbot/install/image_interfaces/share/image_interfaces/package.sh'
[19.232s] INFO:colcon.colcon_core.shell:Creating package script '/home/bushwookie/ws_orbot/install/image_interfaces/share/image_interfaces/package.bash'
[19.233s] INFO:colcon.colcon_core.shell:Creating package script '/home/bushwookie/ws_orbot/install/image_interfaces/share/image_interfaces/package.zsh'
[19.234s] Level 1:colcon.colcon_core.environment:create_file_with_runtime_dependencies(/home/bushwookie/ws_orbot/install/image_interfaces/share/colcon-core/packages/image_interfaces)
[19.235s] DEBUG:colcon.colcon_parallel_executor.executor.parallel:closing loop
[19.237s] DEBUG:colcon.colcon_parallel_executor.executor.parallel:loop closed
[19.237s] DEBUG:colcon.colcon_parallel_executor.executor.parallel:run_until_complete finished with '0'
[19.238s] DEBUG:colcon.colcon_core.event_reactor:joining thread
[19.392s] INFO:colcon.colcon_core.plugin_system:Skipping extension 'colcon_notification.desktop_notification.notify_send': Could not find 'notify-send'
[19.393s] INFO:colcon.colcon_core.plugin_system:Skipping extension 'colcon_notification.desktop_notification.terminal_notifier': Not used on non-Darwin systems
[19.393s] INFO:colcon.colcon_core.plugin_system:Skipping extension 'colcon_notification.desktop_notification.win32': Not used on non-Windows systems
[19.393s] INFO:colcon.colcon_notification.desktop_notification:Sending desktop notification using 'notify2'
[19.393s] DEBUG:colcon.colcon_notification.desktop_notification.notify2:Failed to initialize notify2: org.freedesktop.DBus.Error.FileNotFound: Failed to connect to socket /run/user/1000/bus: No such file or directory
[19.394s] DEBUG:colcon.colcon_core.event_reactor:joined thread
[19.394s] INFO:colcon.colcon_core.shell:Creating prefix script '/home/bushwookie/ws_orbot/install/local_setup.ps1'
[19.397s] INFO:colcon.colcon_core.shell:Creating prefix util module '/home/bushwookie/ws_orbot/install/_local_setup_util_ps1.py'
[19.399s] INFO:colcon.colcon_core.shell:Creating prefix chain script '/home/bushwookie/ws_orbot/install/setup.ps1'
[19.401s] INFO:colcon.colcon_core.shell:Creating prefix script '/home/bushwookie/ws_orbot/install/local_setup.sh'
[19.403s] INFO:colcon.colcon_core.shell:Creating prefix util module '/home/bushwookie/ws_orbot/install/_local_setup_util_sh.py'
[19.405s] INFO:colcon.colcon_core.shell:Creating prefix chain script '/home/bushwookie/ws_orbot/install/setup.sh'
[19.407s] INFO:colcon.colcon_core.shell:Creating prefix script '/home/bushwookie/ws_orbot/install/local_setup.bash'
[19.409s] INFO:colcon.colcon_core.shell:Creating prefix chain script '/home/bushwookie/ws_orbot/install/setup.bash'
[19.413s] INFO:colcon.colcon_core.shell:Creating prefix script '/home/bushwookie/ws_orbot/install/local_setup.zsh'
[19.414s] INFO:colcon.colcon_core.shell:Creating prefix chain script '/home/bushwookie/ws_orbot/install/setup.zsh'
