[0.860s] Invoking command in '/home/bushwookie/ws_orbot/src/pick_apple': PYTHONPATH=/home/bushwookie/ws_orbot/build/pick_apple/prefix_override:/home/bushwookie/ws_orbot/install/pick_apple/lib/python3.10/site-packages:${PYTHONPATH} WSLENV=ELECTRON_RUN_AS_NODE/w: /usr/bin/python3 -W ignore:setup.py install is deprecated setup.py egg_info --egg-base ../../build/pick_apple build --build-base /home/bushwookie/ws_orbot/build/pick_apple/build install --record /home/bushwookie/ws_orbot/build/pick_apple/install.log --single-version-externally-managed install_data
[1.076s] running egg_info
[1.077s] writing ../../build/pick_apple/pick_apple.egg-info/PKG-INFO
[1.081s] writing dependency_links to ../../build/pick_apple/pick_apple.egg-info/dependency_links.txt
[1.081s] writing entry points to ../../build/pick_apple/pick_apple.egg-info/entry_points.txt
[1.081s] writing requirements to ../../build/pick_apple/pick_apple.egg-info/requires.txt
[1.081s] writing top-level names to ../../build/pick_apple/pick_apple.egg-info/top_level.txt
[1.083s] reading manifest file '../../build/pick_apple/pick_apple.egg-info/SOURCES.txt'
[1.083s] adding license file 'LICENSE'
[1.084s] writing manifest file '../../build/pick_apple/pick_apple.egg-info/SOURCES.txt'
[1.084s] running build
[1.084s] running build_py
[1.084s] running install
[1.084s] running install_lib
[1.085s] running install_data
[1.085s] running install_egg_info
[1.087s] removing '/home/bushwookie/ws_orbot/install/pick_apple/lib/python3.10/site-packages/pick_apple-0.0.0-py3.10.egg-info' (and everything under it)
[1.088s] Copying ../../build/pick_apple/pick_apple.egg-info to /home/bushwookie/ws_orbot/install/pick_apple/lib/python3.10/site-packages/pick_apple-0.0.0-py3.10.egg-info
[1.089s] running install_scripts
[1.110s] writing list of installed files to '/home/bushwookie/ws_orbot/build/pick_apple/install.log'
[1.166s] Invoked command in '/home/bushwookie/ws_orbot/src/pick_apple' returned '0': PYTHONPATH=/home/bushwookie/ws_orbot/build/pick_apple/prefix_override:/home/bushwookie/ws_orbot/install/pick_apple/lib/python3.10/site-packages:${PYTHONPATH} WSLENV=ELECTRON_RUN_AS_NODE/w: /usr/bin/python3 -W ignore:setup.py install is deprecated setup.py egg_info --egg-base ../../build/pick_apple build --build-base /home/bushwookie/ws_orbot/build/pick_apple/build install --record /home/bushwookie/ws_orbot/build/pick_apple/install.log --single-version-externally-managed install_data
