[0.374s] DEBUG:colcon:Command line arguments: ['/usr/bin/colcon', 'build']
[0.374s] DEBUG:colcon:Parsed command line arguments: Namespace(log_base=None, log_level=None, verb_name='build', build_base='build', install_base='install', merge_install=False, symlink_install=False, test_result_base=None, continue_on_error=False, executor='parallel', parallel_workers=16, event_handlers=None, ignore_user_meta=False, metas=['./colcon.meta'], base_paths=['.'], packages_ignore=None, packages_ignore_regex=None, paths=None, packages_up_to=None, packages_up_to_regex=None, packages_above=None, packages_above_and_dependencies=None, packages_above_depth=None, packages_select_by_dep=None, packages_skip_by_dep=None, packages_skip_up_to=None, packages_select_build_failed=False, packages_skip_build_finished=False, packages_select_test_failures=False, packages_skip_test_passed=False, packages_select=None, packages_skip=None, packages_select_regex=None, packages_skip_regex=None, packages_start=None, packages_end=None, allow_overriding=[], cmake_args=None, cmake_target=None, cmake_target_skip_unavailable=False, cmake_clean_cache=False, cmake_clean_first=False, cmake_force_configure=False, ament_cmake_args=None, catkin_cmake_args=None, catkin_skip_building_tests=False, verb_parser=<colcon_defaults.argument_parser.defaults.DefaultArgumentsDecorator object at 0x7f9edab97b20>, verb_extension=<colcon_core.verb.build.BuildVerb object at 0x7f9edab97550>, main=<bound method BuildVerb.main of <colcon_core.verb.build.BuildVerb object at 0x7f9edab97550>>)
[0.461s] Level 1:colcon.colcon_core.package_discovery:discover_packages(colcon_meta) check parameters
[0.461s] Level 1:colcon.colcon_core.package_discovery:discover_packages(recursive) check parameters
[0.461s] Level 1:colcon.colcon_core.package_discovery:discover_packages(ignore) check parameters
[0.461s] Level 1:colcon.colcon_core.package_discovery:discover_packages(path) check parameters
[0.462s] Level 1:colcon.colcon_core.package_discovery:discover_packages(colcon_meta) discover
[0.462s] Level 1:colcon.colcon_core.package_discovery:discover_packages(recursive) discover
[0.462s] INFO:colcon.colcon_core.package_discovery:Crawling recursively for packages in '/home/bushwookie/ws_orbot'
[0.462s] Level 1:colcon.colcon_core.package_identification:_identify(.) by extensions ['ignore', 'ignore_ament_install']
[0.462s] Level 1:colcon.colcon_core.package_identification:_identify(.) by extension 'ignore'
[0.462s] Level 1:colcon.colcon_core.package_identification:_identify(.) by extension 'ignore_ament_install'
[0.462s] Level 1:colcon.colcon_core.package_identification:_identify(.) by extensions ['colcon_pkg']
[0.462s] Level 1:colcon.colcon_core.package_identification:_identify(.) by extension 'colcon_pkg'
[0.462s] Level 1:colcon.colcon_core.package_identification:_identify(.) by extensions ['colcon_meta']
[0.462s] Level 1:colcon.colcon_core.package_identification:_identify(.) by extension 'colcon_meta'
[0.462s] Level 1:colcon.colcon_core.package_identification:_identify(.) by extensions ['ros']
[0.462s] Level 1:colcon.colcon_core.package_identification:_identify(.) by extension 'ros'
[0.471s] Level 1:colcon.colcon_core.package_identification:_identify(.) by extensions ['cmake', 'python']
[0.471s] Level 1:colcon.colcon_core.package_identification:_identify(.) by extension 'cmake'
[0.471s] Level 1:colcon.colcon_core.package_identification:_identify(.) by extension 'python'
[0.471s] Level 1:colcon.colcon_core.package_identification:_identify(.) by extensions ['python_setup_py']
[0.471s] Level 1:colcon.colcon_core.package_identification:_identify(.) by extension 'python_setup_py'
[0.471s] Level 1:colcon.colcon_core.package_identification:_identify(build) by extensions ['ignore', 'ignore_ament_install']
[0.471s] Level 1:colcon.colcon_core.package_identification:_identify(build) by extension 'ignore'
[0.471s] Level 1:colcon.colcon_core.package_identification:_identify(build) ignored
[0.471s] Level 1:colcon.colcon_core.package_identification:_identify(install) by extensions ['ignore', 'ignore_ament_install']
[0.471s] Level 1:colcon.colcon_core.package_identification:_identify(install) by extension 'ignore'
[0.472s] Level 1:colcon.colcon_core.package_identification:_identify(install) ignored
[0.472s] Level 1:colcon.colcon_core.package_identification:_identify(log) by extensions ['ignore', 'ignore_ament_install']
[0.472s] Level 1:colcon.colcon_core.package_identification:_identify(log) by extension 'ignore'
[0.472s] Level 1:colcon.colcon_core.package_identification:_identify(log) ignored
[0.472s] Level 1:colcon.colcon_core.package_identification:_identify(src) by extensions ['ignore', 'ignore_ament_install']
[0.472s] Level 1:colcon.colcon_core.package_identification:_identify(src) by extension 'ignore'
[0.472s] Level 1:colcon.colcon_core.package_identification:_identify(src) by extension 'ignore_ament_install'
[0.472s] Level 1:colcon.colcon_core.package_identification:_identify(src) by extensions ['colcon_pkg']
[0.472s] Level 1:colcon.colcon_core.package_identification:_identify(src) by extension 'colcon_pkg'
[0.472s] Level 1:colcon.colcon_core.package_identification:_identify(src) by extensions ['colcon_meta']
[0.472s] Level 1:colcon.colcon_core.package_identification:_identify(src) by extension 'colcon_meta'
[0.472s] Level 1:colcon.colcon_core.package_identification:_identify(src) by extensions ['ros']
[0.472s] Level 1:colcon.colcon_core.package_identification:_identify(src) by extension 'ros'
[0.472s] Level 1:colcon.colcon_core.package_identification:_identify(src) by extensions ['cmake', 'python']
[0.472s] Level 1:colcon.colcon_core.package_identification:_identify(src) by extension 'cmake'
[0.472s] Level 1:colcon.colcon_core.package_identification:_identify(src) by extension 'python'
[0.472s] Level 1:colcon.colcon_core.package_identification:_identify(src) by extensions ['python_setup_py']
[0.472s] Level 1:colcon.colcon_core.package_identification:_identify(src) by extension 'python_setup_py'
[0.472s] Level 1:colcon.colcon_core.package_identification:_identify(src/custom_interfaces) by extensions ['ignore', 'ignore_ament_install']
[0.472s] Level 1:colcon.colcon_core.package_identification:_identify(src/custom_interfaces) by extension 'ignore'
[0.472s] Level 1:colcon.colcon_core.package_identification:_identify(src/custom_interfaces) by extension 'ignore_ament_install'
[0.472s] Level 1:colcon.colcon_core.package_identification:_identify(src/custom_interfaces) by extensions ['colcon_pkg']
[0.472s] Level 1:colcon.colcon_core.package_identification:_identify(src/custom_interfaces) by extension 'colcon_pkg'
[0.472s] Level 1:colcon.colcon_core.package_identification:_identify(src/custom_interfaces) by extensions ['colcon_meta']
[0.472s] Level 1:colcon.colcon_core.package_identification:_identify(src/custom_interfaces) by extension 'colcon_meta'
[0.472s] Level 1:colcon.colcon_core.package_identification:_identify(src/custom_interfaces) by extensions ['ros']
[0.472s] Level 1:colcon.colcon_core.package_identification:_identify(src/custom_interfaces) by extension 'ros'
[0.475s] DEBUG:colcon.colcon_core.package_identification:Package 'src/custom_interfaces' with type 'ros.ament_cmake' and name 'custom_interfaces'
[0.475s] Level 1:colcon.colcon_core.package_identification:_identify(src/image_interfaces) by extensions ['ignore', 'ignore_ament_install']
[0.475s] Level 1:colcon.colcon_core.package_identification:_identify(src/image_interfaces) by extension 'ignore'
[0.475s] Level 1:colcon.colcon_core.package_identification:_identify(src/image_interfaces) by extension 'ignore_ament_install'
[0.475s] Level 1:colcon.colcon_core.package_identification:_identify(src/image_interfaces) by extensions ['colcon_pkg']
[0.475s] Level 1:colcon.colcon_core.package_identification:_identify(src/image_interfaces) by extension 'colcon_pkg'
[0.475s] Level 1:colcon.colcon_core.package_identification:_identify(src/image_interfaces) by extensions ['colcon_meta']
[0.475s] Level 1:colcon.colcon_core.package_identification:_identify(src/image_interfaces) by extension 'colcon_meta'
[0.475s] Level 1:colcon.colcon_core.package_identification:_identify(src/image_interfaces) by extensions ['ros']
[0.475s] Level 1:colcon.colcon_core.package_identification:_identify(src/image_interfaces) by extension 'ros'
[0.475s] DEBUG:colcon.colcon_core.package_identification:Package 'src/image_interfaces' with type 'ros.ament_cmake' and name 'image_interfaces'
[0.476s] Level 1:colcon.colcon_core.package_identification:_identify(src/image_processing) by extensions ['ignore', 'ignore_ament_install']
[0.476s] Level 1:colcon.colcon_core.package_identification:_identify(src/image_processing) by extension 'ignore'
[0.476s] Level 1:colcon.colcon_core.package_identification:_identify(src/image_processing) by extension 'ignore_ament_install'
[0.476s] Level 1:colcon.colcon_core.package_identification:_identify(src/image_processing) by extensions ['colcon_pkg']
[0.476s] Level 1:colcon.colcon_core.package_identification:_identify(src/image_processing) by extension 'colcon_pkg'
[0.476s] Level 1:colcon.colcon_core.package_identification:_identify(src/image_processing) by extensions ['colcon_meta']
[0.476s] Level 1:colcon.colcon_core.package_identification:_identify(src/image_processing) by extension 'colcon_meta'
[0.476s] Level 1:colcon.colcon_core.package_identification:_identify(src/image_processing) by extensions ['ros']
[0.476s] Level 1:colcon.colcon_core.package_identification:_identify(src/image_processing) by extension 'ros'
[0.476s] DEBUG:colcon.colcon_core.package_identification:Package 'src/image_processing' with type 'ros.ament_python' and name 'image_processing'
[0.476s] Level 1:colcon.colcon_core.package_identification:_identify(src/pick_apple) by extensions ['ignore', 'ignore_ament_install']
[0.476s] Level 1:colcon.colcon_core.package_identification:_identify(src/pick_apple) by extension 'ignore'
[0.476s] Level 1:colcon.colcon_core.package_identification:_identify(src/pick_apple) by extension 'ignore_ament_install'
[0.476s] Level 1:colcon.colcon_core.package_identification:_identify(src/pick_apple) by extensions ['colcon_pkg']
[0.476s] Level 1:colcon.colcon_core.package_identification:_identify(src/pick_apple) by extension 'colcon_pkg'
[0.476s] Level 1:colcon.colcon_core.package_identification:_identify(src/pick_apple) by extensions ['colcon_meta']
[0.476s] Level 1:colcon.colcon_core.package_identification:_identify(src/pick_apple) by extension 'colcon_meta'
[0.476s] Level 1:colcon.colcon_core.package_identification:_identify(src/pick_apple) by extensions ['ros']
[0.476s] Level 1:colcon.colcon_core.package_identification:_identify(src/pick_apple) by extension 'ros'
[0.477s] DEBUG:colcon.colcon_core.package_identification:Package 'src/pick_apple' with type 'ros.ament_python' and name 'pick_apple'
[0.477s] Level 1:colcon.colcon_core.package_discovery:discover_packages(recursive) using defaults
[0.477s] Level 1:colcon.colcon_core.package_discovery:discover_packages(ignore) discover
[0.477s] Level 1:colcon.colcon_core.package_discovery:discover_packages(ignore) using defaults
[0.477s] Level 1:colcon.colcon_core.package_discovery:discover_packages(path) discover
[0.477s] Level 1:colcon.colcon_core.package_discovery:discover_packages(path) using defaults
[0.493s] Level 1:colcon.colcon_core.package_discovery:discover_packages(prefix_path) check parameters
[0.493s] Level 1:colcon.colcon_core.package_discovery:discover_packages(prefix_path) discover
[0.495s] DEBUG:colcon.colcon_installed_package_information.package_discovery:Found 294 installed packages in /opt/ros/humble
[0.495s] Level 1:colcon.colcon_core.package_discovery:discover_packages(prefix_path) using defaults
[0.528s] Level 5:colcon.colcon_core.verb:set package 'custom_interfaces' build argument 'cmake_args' from command line to 'None'
[0.528s] Level 5:colcon.colcon_core.verb:set package 'custom_interfaces' build argument 'cmake_target' from command line to 'None'
[0.528s] Level 5:colcon.colcon_core.verb:set package 'custom_interfaces' build argument 'cmake_target_skip_unavailable' from command line to 'False'
[0.528s] Level 5:colcon.colcon_core.verb:set package 'custom_interfaces' build argument 'cmake_clean_cache' from command line to 'False'
[0.528s] Level 5:colcon.colcon_core.verb:set package 'custom_interfaces' build argument 'cmake_clean_first' from command line to 'False'
[0.528s] Level 5:colcon.colcon_core.verb:set package 'custom_interfaces' build argument 'cmake_force_configure' from command line to 'False'
[0.528s] Level 5:colcon.colcon_core.verb:set package 'custom_interfaces' build argument 'ament_cmake_args' from command line to 'None'
[0.528s] Level 5:colcon.colcon_core.verb:set package 'custom_interfaces' build argument 'catkin_cmake_args' from command line to 'None'
[0.528s] Level 5:colcon.colcon_core.verb:set package 'custom_interfaces' build argument 'catkin_skip_building_tests' from command line to 'False'
[0.528s] DEBUG:colcon.colcon_core.verb:Building package 'custom_interfaces' with the following arguments: {'ament_cmake_args': None, 'build_base': '/home/bushwookie/ws_orbot/build/custom_interfaces', 'catkin_cmake_args': None, 'catkin_skip_building_tests': False, 'cmake_args': None, 'cmake_clean_cache': False, 'cmake_clean_first': False, 'cmake_force_configure': False, 'cmake_target': None, 'cmake_target_skip_unavailable': False, 'install_base': '/home/bushwookie/ws_orbot/install/custom_interfaces', 'merge_install': False, 'path': '/home/bushwookie/ws_orbot/src/custom_interfaces', 'symlink_install': False, 'test_result_base': None}
[0.528s] Level 5:colcon.colcon_core.verb:set package 'image_interfaces' build argument 'cmake_args' from command line to 'None'
[0.528s] Level 5:colcon.colcon_core.verb:set package 'image_interfaces' build argument 'cmake_target' from command line to 'None'
[0.529s] Level 5:colcon.colcon_core.verb:set package 'image_interfaces' build argument 'cmake_target_skip_unavailable' from command line to 'False'
[0.529s] Level 5:colcon.colcon_core.verb:set package 'image_interfaces' build argument 'cmake_clean_cache' from command line to 'False'
[0.529s] Level 5:colcon.colcon_core.verb:set package 'image_interfaces' build argument 'cmake_clean_first' from command line to 'False'
[0.529s] Level 5:colcon.colcon_core.verb:set package 'image_interfaces' build argument 'cmake_force_configure' from command line to 'False'
[0.529s] Level 5:colcon.colcon_core.verb:set package 'image_interfaces' build argument 'ament_cmake_args' from command line to 'None'
[0.529s] Level 5:colcon.colcon_core.verb:set package 'image_interfaces' build argument 'catkin_cmake_args' from command line to 'None'
[0.529s] Level 5:colcon.colcon_core.verb:set package 'image_interfaces' build argument 'catkin_skip_building_tests' from command line to 'False'
[0.529s] DEBUG:colcon.colcon_core.verb:Building package 'image_interfaces' with the following arguments: {'ament_cmake_args': None, 'build_base': '/home/bushwookie/ws_orbot/build/image_interfaces', 'catkin_cmake_args': None, 'catkin_skip_building_tests': False, 'cmake_args': None, 'cmake_clean_cache': False, 'cmake_clean_first': False, 'cmake_force_configure': False, 'cmake_target': None, 'cmake_target_skip_unavailable': False, 'install_base': '/home/bushwookie/ws_orbot/install/image_interfaces', 'merge_install': False, 'path': '/home/bushwookie/ws_orbot/src/image_interfaces', 'symlink_install': False, 'test_result_base': None}
[0.529s] Level 5:colcon.colcon_core.verb:set package 'image_processing' build argument 'cmake_args' from command line to 'None'
[0.529s] Level 5:colcon.colcon_core.verb:set package 'image_processing' build argument 'cmake_target' from command line to 'None'
[0.529s] Level 5:colcon.colcon_core.verb:set package 'image_processing' build argument 'cmake_target_skip_unavailable' from command line to 'False'
[0.529s] Level 5:colcon.colcon_core.verb:set package 'image_processing' build argument 'cmake_clean_cache' from command line to 'False'
[0.529s] Level 5:colcon.colcon_core.verb:set package 'image_processing' build argument 'cmake_clean_first' from command line to 'False'
[0.529s] Level 5:colcon.colcon_core.verb:set package 'image_processing' build argument 'cmake_force_configure' from command line to 'False'
[0.529s] Level 5:colcon.colcon_core.verb:set package 'image_processing' build argument 'ament_cmake_args' from command line to 'None'
[0.529s] Level 5:colcon.colcon_core.verb:set package 'image_processing' build argument 'catkin_cmake_args' from command line to 'None'
[0.529s] Level 5:colcon.colcon_core.verb:set package 'image_processing' build argument 'catkin_skip_building_tests' from command line to 'False'
[0.529s] DEBUG:colcon.colcon_core.verb:Building package 'image_processing' with the following arguments: {'ament_cmake_args': None, 'build_base': '/home/bushwookie/ws_orbot/build/image_processing', 'catkin_cmake_args': None, 'catkin_skip_building_tests': False, 'cmake_args': None, 'cmake_clean_cache': False, 'cmake_clean_first': False, 'cmake_force_configure': False, 'cmake_target': None, 'cmake_target_skip_unavailable': False, 'install_base': '/home/bushwookie/ws_orbot/install/image_processing', 'merge_install': False, 'path': '/home/bushwookie/ws_orbot/src/image_processing', 'symlink_install': False, 'test_result_base': None}
[0.529s] Level 5:colcon.colcon_core.verb:set package 'pick_apple' build argument 'cmake_args' from command line to 'None'
[0.529s] Level 5:colcon.colcon_core.verb:set package 'pick_apple' build argument 'cmake_target' from command line to 'None'
[0.529s] Level 5:colcon.colcon_core.verb:set package 'pick_apple' build argument 'cmake_target_skip_unavailable' from command line to 'False'
[0.529s] Level 5:colcon.colcon_core.verb:set package 'pick_apple' build argument 'cmake_clean_cache' from command line to 'False'
[0.529s] Level 5:colcon.colcon_core.verb:set package 'pick_apple' build argument 'cmake_clean_first' from command line to 'False'
[0.529s] Level 5:colcon.colcon_core.verb:set package 'pick_apple' build argument 'cmake_force_configure' from command line to 'False'
[0.529s] Level 5:colcon.colcon_core.verb:set package 'pick_apple' build argument 'ament_cmake_args' from command line to 'None'
[0.529s] Level 5:colcon.colcon_core.verb:set package 'pick_apple' build argument 'catkin_cmake_args' from command line to 'None'
[0.529s] Level 5:colcon.colcon_core.verb:set package 'pick_apple' build argument 'catkin_skip_building_tests' from command line to 'False'
[0.529s] DEBUG:colcon.colcon_core.verb:Building package 'pick_apple' with the following arguments: {'ament_cmake_args': None, 'build_base': '/home/bushwookie/ws_orbot/build/pick_apple', 'catkin_cmake_args': None, 'catkin_skip_building_tests': False, 'cmake_args': None, 'cmake_clean_cache': False, 'cmake_clean_first': False, 'cmake_force_configure': False, 'cmake_target': None, 'cmake_target_skip_unavailable': False, 'install_base': '/home/bushwookie/ws_orbot/install/pick_apple', 'merge_install': False, 'path': '/home/bushwookie/ws_orbot/src/pick_apple', 'symlink_install': False, 'test_result_base': None}
[0.529s] INFO:colcon.colcon_core.executor:Executing jobs using 'parallel' executor
[0.531s] DEBUG:colcon.colcon_parallel_executor.executor.parallel:run_until_complete
[0.531s] INFO:colcon.colcon_ros.task.ament_cmake.build:Building ROS package in '/home/bushwookie/ws_orbot/src/custom_interfaces' with build type 'ament_cmake'
[0.531s] INFO:colcon.colcon_cmake.task.cmake.build:Building CMake package in '/home/bushwookie/ws_orbot/src/custom_interfaces'
[0.534s] INFO:colcon.colcon_core.plugin_system:Skipping extension 'colcon_core.shell.bat': Not used on non-Windows systems
[0.534s] INFO:colcon.colcon_core.shell:Skip shell extension 'powershell' for command environment: Not usable outside of PowerShell
[0.534s] DEBUG:colcon.colcon_core.shell:Skip shell extension 'dsv' for command environment
[0.537s] INFO:colcon.colcon_ros.task.ament_cmake.build:Building ROS package in '/home/bushwookie/ws_orbot/src/image_interfaces' with build type 'ament_cmake'
[0.537s] INFO:colcon.colcon_cmake.task.cmake.build:Building CMake package in '/home/bushwookie/ws_orbot/src/image_interfaces'
[0.538s] INFO:colcon.colcon_core.shell:Skip shell extension 'powershell' for command environment: Not usable outside of PowerShell
[0.538s] DEBUG:colcon.colcon_core.shell:Skip shell extension 'dsv' for command environment
[0.540s] INFO:colcon.colcon_ros.task.ament_python.build:Building ROS package in '/home/bushwookie/ws_orbot/src/image_processing' with build type 'ament_python'
[0.541s] Level 1:colcon.colcon_core.shell:create_environment_hook('image_processing', 'ament_prefix_path')
[0.541s] INFO:colcon.colcon_core.shell:Creating environment hook '/home/bushwookie/ws_orbot/install/image_processing/share/image_processing/hook/ament_prefix_path.ps1'
[0.542s] INFO:colcon.colcon_core.shell:Creating environment descriptor '/home/bushwookie/ws_orbot/install/image_processing/share/image_processing/hook/ament_prefix_path.dsv'
[0.542s] INFO:colcon.colcon_core.shell:Creating environment hook '/home/bushwookie/ws_orbot/install/image_processing/share/image_processing/hook/ament_prefix_path.sh'
[0.543s] INFO:colcon.colcon_core.shell:Skip shell extension 'powershell' for command environment: Not usable outside of PowerShell
[0.543s] DEBUG:colcon.colcon_core.shell:Skip shell extension 'dsv' for command environment
[0.545s] INFO:colcon.colcon_ros.task.ament_python.build:Building ROS package in '/home/bushwookie/ws_orbot/src/pick_apple' with build type 'ament_python'
[0.546s] Level 1:colcon.colcon_core.shell:create_environment_hook('pick_apple', 'ament_prefix_path')
[0.546s] INFO:colcon.colcon_core.shell:Creating environment hook '/home/bushwookie/ws_orbot/install/pick_apple/share/pick_apple/hook/ament_prefix_path.ps1'
[0.547s] INFO:colcon.colcon_core.shell:Creating environment descriptor '/home/bushwookie/ws_orbot/install/pick_apple/share/pick_apple/hook/ament_prefix_path.dsv'
[0.548s] INFO:colcon.colcon_core.shell:Creating environment hook '/home/bushwookie/ws_orbot/install/pick_apple/share/pick_apple/hook/ament_prefix_path.sh'
[0.549s] INFO:colcon.colcon_core.shell:Skip shell extension 'powershell' for command environment: Not usable outside of PowerShell
[0.549s] DEBUG:colcon.colcon_core.shell:Skip shell extension 'dsv' for command environment
[0.560s] DEBUG:colcon.colcon_core.event_handler.log_command:Invoking command in '/home/bushwookie/ws_orbot/build/custom_interfaces': CMAKE_PREFIX_PATH=/opt/ros/humble WSLENV=ELECTRON_RUN_AS_NODE/w: /usr/bin/cmake --build /home/bushwookie/ws_orbot/build/custom_interfaces -- -j16 -l16
[0.565s] DEBUG:colcon.colcon_core.event_handler.log_command:Invoking command in '/home/bushwookie/ws_orbot/build/image_interfaces': CMAKE_PREFIX_PATH=/opt/ros/humble WSLENV=ELECTRON_RUN_AS_NODE/w: /usr/bin/cmake --build /home/bushwookie/ws_orbot/build/image_interfaces -- -j16 -l16
[0.749s] INFO:colcon.colcon_core.task.python.build:Building Python package in '/home/bushwookie/ws_orbot/src/image_processing'
[0.750s] INFO:colcon.colcon_core.shell:Skip shell extension 'powershell' for command environment: Not usable outside of PowerShell
[0.750s] DEBUG:colcon.colcon_core.shell:Skip shell extension 'dsv' for command environment
[0.902s] INFO:colcon.colcon_core.task.python.build:Building Python package in '/home/bushwookie/ws_orbot/src/pick_apple'
[0.902s] INFO:colcon.colcon_core.shell:Skip shell extension 'powershell' for command environment: Not usable outside of PowerShell
[0.902s] DEBUG:colcon.colcon_core.shell:Skip shell extension 'dsv' for command environment
[0.914s] DEBUG:colcon.colcon_core.event_handler.log_command:Invoked command in '/home/bushwookie/ws_orbot/build/image_interfaces' returned '0': CMAKE_PREFIX_PATH=/opt/ros/humble WSLENV=ELECTRON_RUN_AS_NODE/w: /usr/bin/cmake --build /home/bushwookie/ws_orbot/build/image_interfaces -- -j16 -l16
[0.915s] DEBUG:colcon.colcon_core.event_handler.log_command:Invoked command in '/home/bushwookie/ws_orbot/build/custom_interfaces' returned '0': CMAKE_PREFIX_PATH=/opt/ros/humble WSLENV=ELECTRON_RUN_AS_NODE/w: /usr/bin/cmake --build /home/bushwookie/ws_orbot/build/custom_interfaces -- -j16 -l16
[0.982s] DEBUG:colcon.colcon_core.event_handler.log_command:Invoking command in '/home/bushwookie/ws_orbot/build/image_interfaces': CMAKE_PREFIX_PATH=/opt/ros/humble WSLENV=ELECTRON_RUN_AS_NODE/w: /usr/bin/cmake --install /home/bushwookie/ws_orbot/build/image_interfaces
[0.985s] DEBUG:colcon.colcon_core.event_handler.log_command:Invoking command in '/home/bushwookie/ws_orbot/build/custom_interfaces': CMAKE_PREFIX_PATH=/opt/ros/humble WSLENV=ELECTRON_RUN_AS_NODE/w: /usr/bin/cmake --install /home/bushwookie/ws_orbot/build/custom_interfaces
[1.028s] Level 1:colcon.colcon_core.environment:create_environment_scripts_only(image_interfaces)
[1.037s] Level 1:colcon.colcon_core.environment:checking '/home/bushwookie/ws_orbot/install/image_interfaces' for CMake module files
[1.041s] Level 1:colcon.colcon_core.environment:checking '/home/bushwookie/ws_orbot/install/image_interfaces' for CMake config files
[1.042s] DEBUG:colcon.colcon_core.event_handler.log_command:Invoked command in '/home/bushwookie/ws_orbot/build/image_interfaces' returned '0': CMAKE_PREFIX_PATH=/opt/ros/humble WSLENV=ELECTRON_RUN_AS_NODE/w: /usr/bin/cmake --install /home/bushwookie/ws_orbot/build/image_interfaces
[1.043s] Level 1:colcon.colcon_core.shell:create_environment_hook('image_interfaces', 'cmake_prefix_path')
[1.043s] INFO:colcon.colcon_core.shell:Creating environment hook '/home/bushwookie/ws_orbot/install/image_interfaces/share/image_interfaces/hook/cmake_prefix_path.ps1'
[1.044s] INFO:colcon.colcon_core.shell:Creating environment descriptor '/home/bushwookie/ws_orbot/install/image_interfaces/share/image_interfaces/hook/cmake_prefix_path.dsv'
[1.044s] INFO:colcon.colcon_core.shell:Creating environment hook '/home/bushwookie/ws_orbot/install/image_interfaces/share/image_interfaces/hook/cmake_prefix_path.sh'
[1.045s] Level 1:colcon.colcon_core.environment:checking '/home/bushwookie/ws_orbot/install/image_interfaces/lib'
[1.045s] Level 1:colcon.colcon_core.shell:create_environment_hook('image_interfaces', 'ld_library_path_lib')
[1.045s] INFO:colcon.colcon_core.shell:Creating environment hook '/home/bushwookie/ws_orbot/install/image_interfaces/share/image_interfaces/hook/ld_library_path_lib.ps1'
[1.046s] INFO:colcon.colcon_core.shell:Creating environment descriptor '/home/bushwookie/ws_orbot/install/image_interfaces/share/image_interfaces/hook/ld_library_path_lib.dsv'
[1.046s] INFO:colcon.colcon_core.shell:Creating environment hook '/home/bushwookie/ws_orbot/install/image_interfaces/share/image_interfaces/hook/ld_library_path_lib.sh'
[1.047s] Level 1:colcon.colcon_core.environment:checking '/home/bushwookie/ws_orbot/install/image_interfaces/bin'
[1.047s] Level 1:colcon.colcon_core.environment:checking '/home/bushwookie/ws_orbot/install/image_interfaces/lib/pkgconfig/image_interfaces.pc'
[1.047s] Level 1:colcon.colcon_core.environment:checking '/home/bushwookie/ws_orbot/install/image_interfaces/lib/python3.10/site-packages'
[1.047s] Level 1:colcon.colcon_core.environment:checking '/home/bushwookie/ws_orbot/install/image_interfaces/bin'
[1.048s] INFO:colcon.colcon_core.shell:Creating package script '/home/bushwookie/ws_orbot/install/image_interfaces/share/image_interfaces/package.ps1'
[1.049s] INFO:colcon.colcon_core.shell:Creating package descriptor '/home/bushwookie/ws_orbot/install/image_interfaces/share/image_interfaces/package.dsv'
[1.049s] INFO:colcon.colcon_core.shell:Creating package script '/home/bushwookie/ws_orbot/install/image_interfaces/share/image_interfaces/package.sh'
[1.050s] INFO:colcon.colcon_core.shell:Creating package script '/home/bushwookie/ws_orbot/install/image_interfaces/share/image_interfaces/package.bash'
[1.050s] INFO:colcon.colcon_core.shell:Creating package script '/home/bushwookie/ws_orbot/install/image_interfaces/share/image_interfaces/package.zsh'
[1.051s] Level 1:colcon.colcon_core.environment:create_file_with_runtime_dependencies(/home/bushwookie/ws_orbot/install/image_interfaces/share/colcon-core/packages/image_interfaces)
[1.053s] Level 1:colcon.colcon_core.environment:create_environment_scripts_only(custom_interfaces)
[1.054s] Level 1:colcon.colcon_core.environment:checking '/home/bushwookie/ws_orbot/install/custom_interfaces' for CMake module files
[1.055s] DEBUG:colcon.colcon_core.event_handler.log_command:Invoked command in '/home/bushwookie/ws_orbot/build/custom_interfaces' returned '0': CMAKE_PREFIX_PATH=/opt/ros/humble WSLENV=ELECTRON_RUN_AS_NODE/w: /usr/bin/cmake --install /home/bushwookie/ws_orbot/build/custom_interfaces
[1.055s] Level 1:colcon.colcon_core.environment:checking '/home/bushwookie/ws_orbot/install/custom_interfaces' for CMake config files
[1.055s] Level 1:colcon.colcon_core.shell:create_environment_hook('custom_interfaces', 'cmake_prefix_path')
[1.056s] INFO:colcon.colcon_core.shell:Creating environment hook '/home/bushwookie/ws_orbot/install/custom_interfaces/share/custom_interfaces/hook/cmake_prefix_path.ps1'
[1.056s] INFO:colcon.colcon_core.shell:Creating environment descriptor '/home/bushwookie/ws_orbot/install/custom_interfaces/share/custom_interfaces/hook/cmake_prefix_path.dsv'
[1.056s] INFO:colcon.colcon_core.shell:Creating environment hook '/home/bushwookie/ws_orbot/install/custom_interfaces/share/custom_interfaces/hook/cmake_prefix_path.sh'
[1.057s] Level 1:colcon.colcon_core.environment:checking '/home/bushwookie/ws_orbot/install/custom_interfaces/lib'
[1.057s] Level 1:colcon.colcon_core.shell:create_environment_hook('custom_interfaces', 'ld_library_path_lib')
[1.057s] INFO:colcon.colcon_core.shell:Creating environment hook '/home/bushwookie/ws_orbot/install/custom_interfaces/share/custom_interfaces/hook/ld_library_path_lib.ps1'
[1.058s] INFO:colcon.colcon_core.shell:Creating environment descriptor '/home/bushwookie/ws_orbot/install/custom_interfaces/share/custom_interfaces/hook/ld_library_path_lib.dsv'
[1.059s] INFO:colcon.colcon_core.shell:Creating environment hook '/home/bushwookie/ws_orbot/install/custom_interfaces/share/custom_interfaces/hook/ld_library_path_lib.sh'
[1.059s] Level 1:colcon.colcon_core.environment:checking '/home/bushwookie/ws_orbot/install/custom_interfaces/bin'
[1.060s] Level 1:colcon.colcon_core.environment:checking '/home/bushwookie/ws_orbot/install/custom_interfaces/lib/pkgconfig/custom_interfaces.pc'
[1.060s] Level 1:colcon.colcon_core.environment:checking '/home/bushwookie/ws_orbot/install/custom_interfaces/lib/python3.10/site-packages'
[1.060s] Level 1:colcon.colcon_core.environment:checking '/home/bushwookie/ws_orbot/install/custom_interfaces/bin'
[1.060s] INFO:colcon.colcon_core.shell:Creating package script '/home/bushwookie/ws_orbot/install/custom_interfaces/share/custom_interfaces/package.ps1'
[1.061s] INFO:colcon.colcon_core.shell:Creating package descriptor '/home/bushwookie/ws_orbot/install/custom_interfaces/share/custom_interfaces/package.dsv'
[1.061s] INFO:colcon.colcon_core.shell:Creating package script '/home/bushwookie/ws_orbot/install/custom_interfaces/share/custom_interfaces/package.sh'
[1.062s] INFO:colcon.colcon_core.shell:Creating package script '/home/bushwookie/ws_orbot/install/custom_interfaces/share/custom_interfaces/package.bash'
[1.062s] INFO:colcon.colcon_core.shell:Creating package script '/home/bushwookie/ws_orbot/install/custom_interfaces/share/custom_interfaces/package.zsh'
[1.062s] Level 1:colcon.colcon_core.environment:create_file_with_runtime_dependencies(/home/bushwookie/ws_orbot/install/custom_interfaces/share/colcon-core/packages/custom_interfaces)
[1.102s] Level 1:colcon.colcon_core.environment:create_environment_scripts_only(image_interfaces)
[1.102s] Level 1:colcon.colcon_core.environment:checking '/home/bushwookie/ws_orbot/install/image_interfaces' for CMake module files
[1.103s] Level 1:colcon.colcon_core.environment:checking '/home/bushwookie/ws_orbot/install/image_interfaces' for CMake config files
[1.103s] Level 1:colcon.colcon_core.shell:create_environment_hook('image_interfaces', 'cmake_prefix_path')
[1.103s] INFO:colcon.colcon_core.shell:Creating environment hook '/home/bushwookie/ws_orbot/install/image_interfaces/share/image_interfaces/hook/cmake_prefix_path.ps1'
[1.104s] INFO:colcon.colcon_core.shell:Creating environment descriptor '/home/bushwookie/ws_orbot/install/image_interfaces/share/image_interfaces/hook/cmake_prefix_path.dsv'
[1.104s] INFO:colcon.colcon_core.shell:Creating environment hook '/home/bushwookie/ws_orbot/install/image_interfaces/share/image_interfaces/hook/cmake_prefix_path.sh'
[1.104s] Level 1:colcon.colcon_core.environment:checking '/home/bushwookie/ws_orbot/install/image_interfaces/lib'
[1.104s] Level 1:colcon.colcon_core.shell:create_environment_hook('image_interfaces', 'ld_library_path_lib')
[1.105s] INFO:colcon.colcon_core.shell:Creating environment hook '/home/bushwookie/ws_orbot/install/image_interfaces/share/image_interfaces/hook/ld_library_path_lib.ps1'
[1.105s] INFO:colcon.colcon_core.shell:Creating environment descriptor '/home/bushwookie/ws_orbot/install/image_interfaces/share/image_interfaces/hook/ld_library_path_lib.dsv'
[1.105s] INFO:colcon.colcon_core.shell:Creating environment hook '/home/bushwookie/ws_orbot/install/image_interfaces/share/image_interfaces/hook/ld_library_path_lib.sh'
[1.105s] Level 1:colcon.colcon_core.environment:checking '/home/bushwookie/ws_orbot/install/image_interfaces/bin'
[1.105s] Level 1:colcon.colcon_core.environment:checking '/home/bushwookie/ws_orbot/install/image_interfaces/lib/pkgconfig/image_interfaces.pc'
[1.106s] Level 1:colcon.colcon_core.environment:checking '/home/bushwookie/ws_orbot/install/image_interfaces/lib/python3.10/site-packages'
[1.106s] Level 1:colcon.colcon_core.environment:checking '/home/bushwookie/ws_orbot/install/image_interfaces/bin'
[1.106s] INFO:colcon.colcon_core.shell:Creating package script '/home/bushwookie/ws_orbot/install/image_interfaces/share/image_interfaces/package.ps1'
[1.106s] INFO:colcon.colcon_core.shell:Creating package descriptor '/home/bushwookie/ws_orbot/install/image_interfaces/share/image_interfaces/package.dsv'
[1.107s] INFO:colcon.colcon_core.shell:Creating package script '/home/bushwookie/ws_orbot/install/image_interfaces/share/image_interfaces/package.sh'
[1.107s] INFO:colcon.colcon_core.shell:Creating package script '/home/bushwookie/ws_orbot/install/image_interfaces/share/image_interfaces/package.bash'
[1.108s] INFO:colcon.colcon_core.shell:Creating package script '/home/bushwookie/ws_orbot/install/image_interfaces/share/image_interfaces/package.zsh'
[1.108s] Level 1:colcon.colcon_core.environment:create_file_with_runtime_dependencies(/home/bushwookie/ws_orbot/install/image_interfaces/share/colcon-core/packages/image_interfaces)
[1.111s] Level 1:colcon.colcon_core.environment:create_environment_scripts_only(custom_interfaces)
[1.111s] Level 1:colcon.colcon_core.environment:checking '/home/bushwookie/ws_orbot/install/custom_interfaces' for CMake module files
[1.112s] Level 1:colcon.colcon_core.environment:checking '/home/bushwookie/ws_orbot/install/custom_interfaces' for CMake config files
[1.112s] Level 1:colcon.colcon_core.shell:create_environment_hook('custom_interfaces', 'cmake_prefix_path')
[1.112s] INFO:colcon.colcon_core.shell:Creating environment hook '/home/bushwookie/ws_orbot/install/custom_interfaces/share/custom_interfaces/hook/cmake_prefix_path.ps1'
[1.113s] INFO:colcon.colcon_core.shell:Creating environment descriptor '/home/bushwookie/ws_orbot/install/custom_interfaces/share/custom_interfaces/hook/cmake_prefix_path.dsv'
[1.113s] INFO:colcon.colcon_core.shell:Creating environment hook '/home/bushwookie/ws_orbot/install/custom_interfaces/share/custom_interfaces/hook/cmake_prefix_path.sh'
[1.113s] Level 1:colcon.colcon_core.environment:checking '/home/bushwookie/ws_orbot/install/custom_interfaces/lib'
[1.113s] Level 1:colcon.colcon_core.shell:create_environment_hook('custom_interfaces', 'ld_library_path_lib')
[1.114s] INFO:colcon.colcon_core.shell:Creating environment hook '/home/bushwookie/ws_orbot/install/custom_interfaces/share/custom_interfaces/hook/ld_library_path_lib.ps1'
[1.114s] INFO:colcon.colcon_core.shell:Creating environment descriptor '/home/bushwookie/ws_orbot/install/custom_interfaces/share/custom_interfaces/hook/ld_library_path_lib.dsv'
[1.114s] INFO:colcon.colcon_core.shell:Creating environment hook '/home/bushwookie/ws_orbot/install/custom_interfaces/share/custom_interfaces/hook/ld_library_path_lib.sh'
[1.114s] Level 1:colcon.colcon_core.environment:checking '/home/bushwookie/ws_orbot/install/custom_interfaces/bin'
[1.114s] Level 1:colcon.colcon_core.environment:checking '/home/bushwookie/ws_orbot/install/custom_interfaces/lib/pkgconfig/custom_interfaces.pc'
[1.115s] Level 1:colcon.colcon_core.environment:checking '/home/bushwookie/ws_orbot/install/custom_interfaces/lib/python3.10/site-packages'
[1.115s] Level 1:colcon.colcon_core.environment:checking '/home/bushwookie/ws_orbot/install/custom_interfaces/bin'
[1.115s] INFO:colcon.colcon_core.shell:Creating package script '/home/bushwookie/ws_orbot/install/custom_interfaces/share/custom_interfaces/package.ps1'
[1.115s] INFO:colcon.colcon_core.shell:Creating package descriptor '/home/bushwookie/ws_orbot/install/custom_interfaces/share/custom_interfaces/package.dsv'
[1.116s] INFO:colcon.colcon_core.shell:Creating package script '/home/bushwookie/ws_orbot/install/custom_interfaces/share/custom_interfaces/package.sh'
[1.116s] INFO:colcon.colcon_core.shell:Creating package script '/home/bushwookie/ws_orbot/install/custom_interfaces/share/custom_interfaces/package.bash'
[1.117s] INFO:colcon.colcon_core.shell:Creating package script '/home/bushwookie/ws_orbot/install/custom_interfaces/share/custom_interfaces/package.zsh'
[1.117s] Level 1:colcon.colcon_core.environment:create_file_with_runtime_dependencies(/home/bushwookie/ws_orbot/install/custom_interfaces/share/colcon-core/packages/custom_interfaces)
[1.194s] DEBUG:colcon.colcon_core.event_handler.log_command:Invoking command in '/home/bushwookie/ws_orbot/src/image_processing': PYTHONPATH=/home/bushwookie/ws_orbot/build/image_processing/prefix_override:/home/bushwookie/ws_orbot/install/image_processing/lib/python3.10/site-packages:${PYTHONPATH} WSLENV=ELECTRON_RUN_AS_NODE/w: /usr/bin/python3 -W ignore:setup.py install is deprecated setup.py egg_info --egg-base ../../build/image_processing build --build-base /home/bushwookie/ws_orbot/build/image_processing/build install --record /home/bushwookie/ws_orbot/build/image_processing/install.log --single-version-externally-managed install_data
[1.205s] DEBUG:colcon.colcon_core.event_handler.log_command:Invoking command in '/home/bushwookie/ws_orbot/src/pick_apple': PYTHONPATH=/home/bushwookie/ws_orbot/build/pick_apple/prefix_override:/home/bushwookie/ws_orbot/install/pick_apple/lib/python3.10/site-packages:${PYTHONPATH} WSLENV=ELECTRON_RUN_AS_NODE/w: /usr/bin/python3 -W ignore:setup.py install is deprecated setup.py egg_info --egg-base ../../build/pick_apple build --build-base /home/bushwookie/ws_orbot/build/pick_apple/build install --record /home/bushwookie/ws_orbot/build/pick_apple/install.log --single-version-externally-managed install_data
[1.389s] Level 1:colcon.colcon_core.environment:checking '/home/bushwookie/ws_orbot/install/image_processing' for CMake module files
[1.390s] DEBUG:colcon.colcon_core.event_handler.log_command:Invoked command in '/home/bushwookie/ws_orbot/src/image_processing' returned '0': PYTHONPATH=/home/bushwookie/ws_orbot/build/image_processing/prefix_override:/home/bushwookie/ws_orbot/install/image_processing/lib/python3.10/site-packages:${PYTHONPATH} WSLENV=ELECTRON_RUN_AS_NODE/w: /usr/bin/python3 -W ignore:setup.py install is deprecated setup.py egg_info --egg-base ../../build/image_processing build --build-base /home/bushwookie/ws_orbot/build/image_processing/build install --record /home/bushwookie/ws_orbot/build/image_processing/install.log --single-version-externally-managed install_data
[1.390s] Level 1:colcon.colcon_core.environment:checking '/home/bushwookie/ws_orbot/install/image_processing' for CMake config files
[1.391s] Level 1:colcon.colcon_core.environment:checking '/home/bushwookie/ws_orbot/install/image_processing/lib'
[1.391s] Level 1:colcon.colcon_core.environment:checking '/home/bushwookie/ws_orbot/install/image_processing/bin'
[1.391s] Level 1:colcon.colcon_core.environment:checking '/home/bushwookie/ws_orbot/install/image_processing/lib/pkgconfig/image_processing.pc'
[1.391s] Level 1:colcon.colcon_core.environment:checking '/home/bushwookie/ws_orbot/install/image_processing/lib/python3.10/site-packages'
[1.391s] Level 1:colcon.colcon_core.shell:create_environment_hook('image_processing', 'pythonpath')
[1.391s] INFO:colcon.colcon_core.shell:Creating environment hook '/home/bushwookie/ws_orbot/install/image_processing/share/image_processing/hook/pythonpath.ps1'
[1.392s] INFO:colcon.colcon_core.shell:Creating environment descriptor '/home/bushwookie/ws_orbot/install/image_processing/share/image_processing/hook/pythonpath.dsv'
[1.392s] INFO:colcon.colcon_core.shell:Creating environment hook '/home/bushwookie/ws_orbot/install/image_processing/share/image_processing/hook/pythonpath.sh'
[1.392s] Level 1:colcon.colcon_core.environment:checking '/home/bushwookie/ws_orbot/install/image_processing/bin'
[1.393s] Level 1:colcon.colcon_core.environment:create_environment_scripts_only(image_processing)
[1.393s] INFO:colcon.colcon_core.shell:Creating package script '/home/bushwookie/ws_orbot/install/image_processing/share/image_processing/package.ps1'
[1.393s] INFO:colcon.colcon_core.shell:Creating package descriptor '/home/bushwookie/ws_orbot/install/image_processing/share/image_processing/package.dsv'
[1.393s] INFO:colcon.colcon_core.shell:Creating package script '/home/bushwookie/ws_orbot/install/image_processing/share/image_processing/package.sh'
[1.394s] INFO:colcon.colcon_core.shell:Creating package script '/home/bushwookie/ws_orbot/install/image_processing/share/image_processing/package.bash'
[1.394s] INFO:colcon.colcon_core.shell:Creating package script '/home/bushwookie/ws_orbot/install/image_processing/share/image_processing/package.zsh'
[1.394s] Level 1:colcon.colcon_core.environment:create_file_with_runtime_dependencies(/home/bushwookie/ws_orbot/install/image_processing/share/colcon-core/packages/image_processing)
[1.396s] Level 1:colcon.colcon_core.environment:checking '/home/bushwookie/ws_orbot/install/pick_apple' for CMake module files
[1.397s] Level 1:colcon.colcon_core.environment:checking '/home/bushwookie/ws_orbot/install/pick_apple' for CMake config files
[1.397s] DEBUG:colcon.colcon_core.event_handler.log_command:Invoked command in '/home/bushwookie/ws_orbot/src/pick_apple' returned '0': PYTHONPATH=/home/bushwookie/ws_orbot/build/pick_apple/prefix_override:/home/bushwookie/ws_orbot/install/pick_apple/lib/python3.10/site-packages:${PYTHONPATH} WSLENV=ELECTRON_RUN_AS_NODE/w: /usr/bin/python3 -W ignore:setup.py install is deprecated setup.py egg_info --egg-base ../../build/pick_apple build --build-base /home/bushwookie/ws_orbot/build/pick_apple/build install --record /home/bushwookie/ws_orbot/build/pick_apple/install.log --single-version-externally-managed install_data
[1.398s] Level 1:colcon.colcon_core.environment:checking '/home/bushwookie/ws_orbot/install/pick_apple/lib'
[1.398s] Level 1:colcon.colcon_core.environment:checking '/home/bushwookie/ws_orbot/install/pick_apple/bin'
[1.398s] Level 1:colcon.colcon_core.environment:checking '/home/bushwookie/ws_orbot/install/pick_apple/lib/pkgconfig/pick_apple.pc'
[1.398s] Level 1:colcon.colcon_core.environment:checking '/home/bushwookie/ws_orbot/install/pick_apple/lib/python3.10/site-packages'
[1.398s] Level 1:colcon.colcon_core.shell:create_environment_hook('pick_apple', 'pythonpath')
[1.398s] INFO:colcon.colcon_core.shell:Creating environment hook '/home/bushwookie/ws_orbot/install/pick_apple/share/pick_apple/hook/pythonpath.ps1'
[1.399s] INFO:colcon.colcon_core.shell:Creating environment descriptor '/home/bushwookie/ws_orbot/install/pick_apple/share/pick_apple/hook/pythonpath.dsv'
[1.399s] INFO:colcon.colcon_core.shell:Creating environment hook '/home/bushwookie/ws_orbot/install/pick_apple/share/pick_apple/hook/pythonpath.sh'
[1.399s] Level 1:colcon.colcon_core.environment:checking '/home/bushwookie/ws_orbot/install/pick_apple/bin'
[1.400s] Level 1:colcon.colcon_core.environment:create_environment_scripts_only(pick_apple)
[1.400s] INFO:colcon.colcon_core.shell:Creating package script '/home/bushwookie/ws_orbot/install/pick_apple/share/pick_apple/package.ps1'
[1.400s] INFO:colcon.colcon_core.shell:Creating package descriptor '/home/bushwookie/ws_orbot/install/pick_apple/share/pick_apple/package.dsv'
[1.400s] INFO:colcon.colcon_core.shell:Creating package script '/home/bushwookie/ws_orbot/install/pick_apple/share/pick_apple/package.sh'
[1.401s] INFO:colcon.colcon_core.shell:Creating package script '/home/bushwookie/ws_orbot/install/pick_apple/share/pick_apple/package.bash'
[1.401s] INFO:colcon.colcon_core.shell:Creating package script '/home/bushwookie/ws_orbot/install/pick_apple/share/pick_apple/package.zsh'
[1.401s] Level 1:colcon.colcon_core.environment:create_file_with_runtime_dependencies(/home/bushwookie/ws_orbot/install/pick_apple/share/colcon-core/packages/pick_apple)
[1.401s] DEBUG:colcon.colcon_parallel_executor.executor.parallel:closing loop
[1.401s] DEBUG:colcon.colcon_parallel_executor.executor.parallel:loop closed
[1.402s] DEBUG:colcon.colcon_parallel_executor.executor.parallel:run_until_complete finished with '0'
[1.402s] DEBUG:colcon.colcon_core.event_reactor:joining thread
[1.574s] INFO:colcon.colcon_core.plugin_system:Skipping extension 'colcon_notification.desktop_notification.notify_send': Could not find 'notify-send'
[1.574s] INFO:colcon.colcon_core.plugin_system:Skipping extension 'colcon_notification.desktop_notification.terminal_notifier': Not used on non-Darwin systems
[1.574s] INFO:colcon.colcon_core.plugin_system:Skipping extension 'colcon_notification.desktop_notification.win32': Not used on non-Windows systems
[1.575s] INFO:colcon.colcon_notification.desktop_notification:Sending desktop notification using 'notify2'
[1.575s] DEBUG:colcon.colcon_notification.desktop_notification.notify2:Failed to initialize notify2: org.freedesktop.DBus.Error.FileNotFound: Failed to connect to socket /run/user/1000/bus: No such file or directory
[1.575s] DEBUG:colcon.colcon_core.event_reactor:joined thread
[1.576s] INFO:colcon.colcon_core.shell:Creating prefix script '/home/bushwookie/ws_orbot/install/local_setup.ps1'
[1.576s] INFO:colcon.colcon_core.shell:Creating prefix util module '/home/bushwookie/ws_orbot/install/_local_setup_util_ps1.py'
[1.577s] INFO:colcon.colcon_core.shell:Creating prefix chain script '/home/bushwookie/ws_orbot/install/setup.ps1'
[1.578s] INFO:colcon.colcon_core.shell:Creating prefix script '/home/bushwookie/ws_orbot/install/local_setup.sh'
[1.578s] INFO:colcon.colcon_core.shell:Creating prefix util module '/home/bushwookie/ws_orbot/install/_local_setup_util_sh.py'
[1.579s] INFO:colcon.colcon_core.shell:Creating prefix chain script '/home/bushwookie/ws_orbot/install/setup.sh'
[1.579s] INFO:colcon.colcon_core.shell:Creating prefix script '/home/bushwookie/ws_orbot/install/local_setup.bash'
[1.580s] INFO:colcon.colcon_core.shell:Creating prefix chain script '/home/bushwookie/ws_orbot/install/setup.bash'
[1.581s] INFO:colcon.colcon_core.shell:Creating prefix script '/home/bushwookie/ws_orbot/install/local_setup.zsh'
[1.581s] INFO:colcon.colcon_core.shell:Creating prefix chain script '/home/bushwookie/ws_orbot/install/setup.zsh'
