[0.654s] Invoking command in '/home/bushwookie/ws_orbot/src/image_processing': PYTHONPATH=/home/bushwookie/ws_orbot/build/image_processing/prefix_override:/home/bushwookie/ws_orbot/install/image_processing/lib/python3.10/site-packages:${PYTHONPATH} WSLENV=ELECTRON_RUN_AS_NODE/w: /usr/bin/python3 -W ignore:setup.py install is deprecated setup.py egg_info --egg-base ../../build/image_processing build --build-base /home/bushwookie/ws_orbot/build/image_processing/build install --record /home/bushwookie/ws_orbot/build/image_processing/install.log --single-version-externally-managed install_data
[0.795s] running egg_info
[0.795s] writing ../../build/image_processing/image_processing.egg-info/PKG-INFO
[0.795s] writing dependency_links to ../../build/image_processing/image_processing.egg-info/dependency_links.txt
[0.796s] writing entry points to ../../build/image_processing/image_processing.egg-info/entry_points.txt
[0.796s] writing requirements to ../../build/image_processing/image_processing.egg-info/requires.txt
[0.796s] writing top-level names to ../../build/image_processing/image_processing.egg-info/top_level.txt
[0.797s] reading manifest file '../../build/image_processing/image_processing.egg-info/SOURCES.txt'
[0.797s] adding license file 'LICENSE'
[0.797s] writing manifest file '../../build/image_processing/image_processing.egg-info/SOURCES.txt'
[0.798s] running build
[0.798s] running build_py
[0.798s] copying image_processing/ImageProcess.py -> /home/bushwookie/ws_orbot/build/image_processing/build/lib/image_processing
[0.798s] copying image_processing/test_client_function.py -> /home/bushwookie/ws_orbot/build/image_processing/build/lib/image_processing
[0.798s] copying image_processing/service_function.py -> /home/bushwookie/ws_orbot/build/image_processing/build/lib/image_processing
[0.799s] running install
[0.799s] running install_lib
[0.799s] copying /home/bushwookie/ws_orbot/build/image_processing/build/lib/image_processing/ImageProcess.py -> /home/bushwookie/ws_orbot/install/image_processing/lib/python3.10/site-packages/image_processing
[0.800s] copying /home/bushwookie/ws_orbot/build/image_processing/build/lib/image_processing/test_client_function.py -> /home/bushwookie/ws_orbot/install/image_processing/lib/python3.10/site-packages/image_processing
[0.800s] copying /home/bushwookie/ws_orbot/build/image_processing/build/lib/image_processing/service_function.py -> /home/bushwookie/ws_orbot/install/image_processing/lib/python3.10/site-packages/image_processing
[0.801s] byte-compiling /home/bushwookie/ws_orbot/install/image_processing/lib/python3.10/site-packages/image_processing/ImageProcess.py to ImageProcess.cpython-310.pyc
[0.803s] byte-compiling /home/bushwookie/ws_orbot/install/image_processing/lib/python3.10/site-packages/image_processing/test_client_function.py to test_client_function.cpython-310.pyc
[0.804s] byte-compiling /home/bushwookie/ws_orbot/install/image_processing/lib/python3.10/site-packages/image_processing/service_function.py to service_function.cpython-310.pyc
[0.804s] running install_data
[0.804s] running install_egg_info
[0.805s] removing '/home/bushwookie/ws_orbot/install/image_processing/lib/python3.10/site-packages/image_processing-0.0.0-py3.10.egg-info' (and everything under it)
[0.806s] Copying ../../build/image_processing/image_processing.egg-info to /home/bushwookie/ws_orbot/install/image_processing/lib/python3.10/site-packages/image_processing-0.0.0-py3.10.egg-info
[0.808s] running install_scripts
[0.824s] Installing rgb_image_service script to /home/bushwookie/ws_orbot/install/image_processing/lib/image_processing
[0.824s] Installing test_client script to /home/bushwookie/ws_orbot/install/image_processing/lib/image_processing
[0.825s] writing list of installed files to '/home/bushwookie/ws_orbot/build/image_processing/install.log'
[0.849s] Invoked command in '/home/bushwookie/ws_orbot/src/image_processing' returned '0': PYTHONPATH=/home/bushwookie/ws_orbot/build/image_processing/prefix_override:/home/bushwookie/ws_orbot/install/image_processing/lib/python3.10/site-packages:${PYTHONPATH} WSLENV=ELECTRON_RUN_AS_NODE/w: /usr/bin/python3 -W ignore:setup.py install is deprecated setup.py egg_info --egg-base ../../build/image_processing build --build-base /home/bushwookie/ws_orbot/build/image_processing/build install --record /home/bushwookie/ws_orbot/build/image_processing/install.log --single-version-externally-managed install_data
