[0.023s] Invoking command in '/home/bushwookie/ws_orbot/build/image_interfaces': CMAKE_PREFIX_PATH=/opt/ros/humble WSLENV=ELECTRON_RUN_AS_NODE/w: /usr/bin/cmake --build /home/bushwookie/ws_orbot/build/image_interfaces -- -j16 -l16
[0.111s] -- Found ament_cmake: 1.3.9 (/opt/ros/humble/share/ament_cmake/cmake)
[0.258s] -- Found rosidl_default_generators: 1.2.0 (/opt/ros/humble/share/rosidl_default_generators/cmake)
[0.262s] -- Using all available rosidl_typesupport_c: rosidl_typesupport_fastrtps_c;rosidl_typesupport_introspection_c
[0.268s] -- Found rosidl_adapter: 3.1.5 (/opt/ros/humble/share/rosidl_adapter/cmake)
[0.496s] -- Using all available rosidl_typesupport_cpp: rosidl_typesupport_fastrtps_cpp;rosidl_typesupport_introspection_cpp
[0.544s] -- Found sensor_msgs: 4.2.4 (/opt/ros/humble/share/sensor_msgs/cmake)
[1.055s] -- Found ament_cmake_ros: 0.10.0 (/opt/ros/humble/share/ament_cmake_ros/cmake)
[1.388s] -- Using all available rosidl_typesupport_c: rosidl_typesupport_fastrtps_c;rosidl_typesupport_introspection_c
[1.702s] -- Using all available rosidl_typesupport_cpp: rosidl_typesupport_fastrtps_cpp;rosidl_typesupport_introspection_cpp
[1.726s] -- Found python_cmake_module: 0.10.0 (/opt/ros/humble/share/python_cmake_module/cmake)
[1.750s] -- Using PYTHON_EXECUTABLE: /usr/bin/python3
[1.750s] -- Using PYTHON_INCLUDE_DIRS: /usr/include/python3.10
[1.750s] -- Using PYTHON_LIBRARIES: /usr/lib/x86_64-linux-gnu/libpython3.10.so
[1.792s] -- Found ament_lint_auto: 0.12.11 (/opt/ros/humble/share/ament_lint_auto/cmake)
[1.813s] -- Added test 'lint_cmake' to check CMake code style
[1.814s] -- Added test 'xmllint' to check XML markup files
[1.819s] -- Configuring done
[1.902s] -- Generating done
[1.908s] -- Build files have been written to: /home/bushwookie/ws_orbot/build/image_interfaces
[1.937s] [  3%] [34m[1mGenerating C code for ROS interfaces[0m
[1.945s] [  6%] [34m[1mGenerating C++ code for ROS interfaces[0m
[1.961s] [  6%] Built target ament_cmake_python_copy_image_interfaces
[2.140s] running egg_info
[2.141s] writing image_interfaces.egg-info/PKG-INFO
[2.142s] writing dependency_links to image_interfaces.egg-info/dependency_links.txt
[2.142s] writing top-level names to image_interfaces.egg-info/top_level.txt
[2.149s] reading manifest file 'image_interfaces.egg-info/SOURCES.txt'
[2.149s] writing manifest file 'image_interfaces.egg-info/SOURCES.txt'
[2.176s] [  6%] Built target ament_cmake_python_build_image_interfaces_egg
[2.181s] [  6%] Built target image_interfaces__cpp
[2.185s] [35m[1mConsolidate compiler generated dependencies of target image_interfaces__rosidl_generator_c[0m
[2.188s] [ 16%] [34m[1mGenerating C++ introspection for ROS interfaces[0m
[2.188s] [ 16%] [34m[1mGenerating C++ type support dispatch for ROS interfaces[0m
[2.188s] [ 16%] [34m[1mGenerating C++ type support for eProsima Fast-RTPS[0m
[2.195s] [ 19%] [32mBuilding C object CMakeFiles/image_interfaces__rosidl_generator_c.dir/rosidl_generator_c/image_interfaces/srv/detail/image_request__functions.c.o[0m
[2.376s] [35m[1mConsolidate compiler generated dependencies of target image_interfaces__rosidl_typesupport_cpp[0m
[2.389s] [ 22%] [32mBuilding CXX object CMakeFiles/image_interfaces__rosidl_typesupport_cpp.dir/rosidl_typesupport_cpp/image_interfaces/srv/image_request__type_support.cpp.o[0m
[2.406s] [35m[1mConsolidate compiler generated dependencies of target image_interfaces__rosidl_typesupport_introspection_cpp[0m
[2.408s] [ 25%] [32m[1mLinking C shared library libimage_interfaces__rosidl_generator_c.so[0m
[2.416s] [35m[1mConsolidate compiler generated dependencies of target image_interfaces__rosidl_typesupport_fastrtps_cpp[0m
[2.416s] [ 29%] [32mBuilding CXX object CMakeFiles/image_interfaces__rosidl_typesupport_introspection_cpp.dir/rosidl_typesupport_introspection_cpp/image_interfaces/srv/detail/image_request__type_support.cpp.o[0m
[2.429s] [ 32%] [32mBuilding CXX object CMakeFiles/image_interfaces__rosidl_typesupport_fastrtps_cpp.dir/rosidl_typesupport_fastrtps_cpp/image_interfaces/srv/detail/dds_fastrtps/image_request__type_support.cpp.o[0m
[2.651s] [ 32%] Built target image_interfaces__rosidl_generator_c
[2.659s] [ 35%] [34m[1mGenerating C type support dispatch for ROS interfaces[0m
[2.667s] [ 38%] [34m[1mGenerating C type support for eProsima Fast-RTPS[0m
[2.667s] [ 41%] [34m[1mGenerating C introspection for ROS interfaces[0m
[2.750s] [ 45%] [32m[1mLinking CXX shared library libimage_interfaces__rosidl_typesupport_cpp.so[0m
[2.907s] [35m[1mConsolidate compiler generated dependencies of target image_interfaces__rosidl_typesupport_c[0m
[2.922s] [ 48%] [32mBuilding CXX object CMakeFiles/image_interfaces__rosidl_typesupport_c.dir/rosidl_typesupport_c/image_interfaces/srv/image_request__type_support.cpp.o[0m
[2.923s] [ 51%] [32m[1mLinking CXX shared library libimage_interfaces__rosidl_typesupport_fastrtps_cpp.so[0m
[2.929s] [35m[1mConsolidate compiler generated dependencies of target image_interfaces__rosidl_typesupport_introspection_c[0m
[2.931s] [ 54%] [32m[1mLinking CXX shared library libimage_interfaces__rosidl_typesupport_introspection_cpp.so[0m
[2.940s] [35m[1mConsolidate compiler generated dependencies of target image_interfaces__rosidl_typesupport_fastrtps_c[0m
[2.941s] [ 58%] [32mBuilding C object CMakeFiles/image_interfaces__rosidl_typesupport_introspection_c.dir/rosidl_typesupport_introspection_c/image_interfaces/srv/detail/image_request__type_support.c.o[0m
[2.951s] [ 64%] [32m[1mLinking CXX shared library libimage_interfaces__rosidl_typesupport_c.so[0m
[2.952s] [ 64%] [32mBuilding CXX object CMakeFiles/image_interfaces__rosidl_typesupport_fastrtps_c.dir/rosidl_typesupport_fastrtps_c/image_interfaces/srv/detail/image_request__type_support_c.cpp.o[0m
[2.962s] [ 64%] Built target image_interfaces__rosidl_typesupport_cpp
[2.977s] [ 67%] [32m[1mLinking C shared library libimage_interfaces__rosidl_typesupport_introspection_c.so[0m
[3.176s] [ 67%] Built target image_interfaces__rosidl_typesupport_introspection_c
[3.179s] [ 67%] Built target image_interfaces__rosidl_typesupport_fastrtps_cpp
[3.185s] [ 67%] Built target image_interfaces__rosidl_typesupport_c
[3.185s] [ 67%] Built target image_interfaces__rosidl_typesupport_introspection_cpp
[3.435s] [ 70%] [32m[1mLinking CXX shared library libimage_interfaces__rosidl_typesupport_fastrtps_c.so[0m
[4.513s] [ 70%] Built target image_interfaces__rosidl_typesupport_fastrtps_c
[4.536s] [ 70%] Built target image_interfaces
[4.559s] [ 74%] [34m[1mGenerating Python code for ROS interfaces[0m
[5.017s] [ 74%] Built target image_interfaces__py
[5.029s] [35m[1mConsolidate compiler generated dependencies of target image_interfaces__rosidl_generator_py[0m
[5.046s] [ 77%] [32mBuilding C object CMakeFiles/image_interfaces__rosidl_generator_py.dir/rosidl_generator_py/image_interfaces/srv/_image_request_s.c.o[0m
[5.223s] [ 80%] [32m[1mLinking C shared library rosidl_generator_py/image_interfaces/libimage_interfaces__rosidl_generator_py.so[0m
[5.389s] [ 80%] Built target image_interfaces__rosidl_generator_py
[5.400s] [35m[1mConsolidate compiler generated dependencies of target image_interfaces__rosidl_typesupport_c__pyext[0m
[5.404s] [35m[1mConsolidate compiler generated dependencies of target image_interfaces__rosidl_typesupport_introspection_c__pyext[0m
[5.412s] [ 83%] [32mBuilding C object CMakeFiles/image_interfaces__rosidl_typesupport_c__pyext.dir/rosidl_generator_py/image_interfaces/_image_interfaces_s.ep.rosidl_typesupport_c.c.o[0m
[5.421s] [ 87%] [32mBuilding C object CMakeFiles/image_interfaces__rosidl_typesupport_introspection_c__pyext.dir/rosidl_generator_py/image_interfaces/_image_interfaces_s.ep.rosidl_typesupport_introspection_c.c.o[0m
[5.421s] [35m[1mConsolidate compiler generated dependencies of target image_interfaces__rosidl_typesupport_fastrtps_c__pyext[0m
[5.436s] [ 90%] [32mBuilding C object CMakeFiles/image_interfaces__rosidl_typesupport_fastrtps_c__pyext.dir/rosidl_generator_py/image_interfaces/_image_interfaces_s.ep.rosidl_typesupport_fastrtps_c.c.o[0m
[5.558s] [ 93%] [32m[1mLinking C shared library rosidl_generator_py/image_interfaces/image_interfaces_s__rosidl_typesupport_introspection_c.cpython-310-x86_64-linux-gnu.so[0m
[5.558s] [ 96%] [32m[1mLinking C shared library rosidl_generator_py/image_interfaces/image_interfaces_s__rosidl_typesupport_fastrtps_c.cpython-310-x86_64-linux-gnu.so[0m
[5.559s] [100%] [32m[1mLinking C shared library rosidl_generator_py/image_interfaces/image_interfaces_s__rosidl_typesupport_c.cpython-310-x86_64-linux-gnu.so[0m
[5.827s] [100%] Built target image_interfaces__rosidl_typesupport_introspection_c__pyext
[5.828s] [100%] Built target image_interfaces__rosidl_typesupport_fastrtps_c__pyext
[5.829s] [100%] Built target image_interfaces__rosidl_typesupport_c__pyext
[5.843s] Invoked command in '/home/bushwookie/ws_orbot/build/image_interfaces' returned '0': CMAKE_PREFIX_PATH=/opt/ros/humble WSLENV=ELECTRON_RUN_AS_NODE/w: /usr/bin/cmake --build /home/bushwookie/ws_orbot/build/image_interfaces -- -j16 -l16
[5.911s] Invoking command in '/home/bushwookie/ws_orbot/build/image_interfaces': CMAKE_PREFIX_PATH=/opt/ros/humble WSLENV=ELECTRON_RUN_AS_NODE/w: /usr/bin/cmake --install /home/bushwookie/ws_orbot/build/image_interfaces
[5.918s] -- Install configuration: ""
[5.919s] -- Up-to-date: /home/bushwookie/ws_orbot/install/image_interfaces/share/ament_index/resource_index/rosidl_interfaces/image_interfaces
[5.919s] -- Up-to-date: /home/bushwookie/ws_orbot/install/image_interfaces/include/image_interfaces/image_interfaces
[5.919s] -- Up-to-date: /home/bushwookie/ws_orbot/install/image_interfaces/include/image_interfaces/image_interfaces/srv
[5.920s] -- Up-to-date: /home/bushwookie/ws_orbot/install/image_interfaces/include/image_interfaces/image_interfaces/srv/detail
[5.920s] -- Installing: /home/bushwookie/ws_orbot/install/image_interfaces/include/image_interfaces/image_interfaces/srv/detail/image_request__type_support.h
[5.920s] -- Installing: /home/bushwookie/ws_orbot/install/image_interfaces/include/image_interfaces/image_interfaces/srv/detail/image_request__functions.h
[5.921s] -- Installing: /home/bushwookie/ws_orbot/install/image_interfaces/include/image_interfaces/image_interfaces/srv/detail/image_request__functions.c
[5.921s] -- Installing: /home/bushwookie/ws_orbot/install/image_interfaces/include/image_interfaces/image_interfaces/srv/detail/image_request__struct.h
[5.921s] -- Installing: /home/bushwookie/ws_orbot/install/image_interfaces/include/image_interfaces/image_interfaces/srv/image_request.h
[5.922s] -- Up-to-date: /home/bushwookie/ws_orbot/install/image_interfaces/include/image_interfaces/image_interfaces/msg
[5.922s] -- Up-to-date: /home/bushwookie/ws_orbot/install/image_interfaces/include/image_interfaces/image_interfaces/msg/rosidl_generator_c__visibility_control.h
[5.922s] -- Up-to-date: /home/bushwookie/ws_orbot/install/image_interfaces/share/image_interfaces/environment/library_path.sh
[5.922s] -- Installing: /home/bushwookie/ws_orbot/install/image_interfaces/share/image_interfaces/environment/library_path.dsv
[5.923s] -- Installing: /home/bushwookie/ws_orbot/install/image_interfaces/lib/libimage_interfaces__rosidl_generator_c.so
[5.924s] -- Set runtime path of "/home/bushwookie/ws_orbot/install/image_interfaces/lib/libimage_interfaces__rosidl_generator_c.so" to ""
[5.924s] -- Up-to-date: /home/bushwookie/ws_orbot/install/image_interfaces/include/image_interfaces/image_interfaces
[5.924s] -- Up-to-date: /home/bushwookie/ws_orbot/install/image_interfaces/include/image_interfaces/image_interfaces/srv
[5.925s] -- Up-to-date: /home/bushwookie/ws_orbot/install/image_interfaces/include/image_interfaces/image_interfaces/srv/detail
[5.925s] -- Installing: /home/bushwookie/ws_orbot/install/image_interfaces/include/image_interfaces/image_interfaces/srv/detail/image_request__rosidl_typesupport_fastrtps_c.h
[5.925s] -- Up-to-date: /home/bushwookie/ws_orbot/install/image_interfaces/include/image_interfaces/image_interfaces/msg
[5.925s] -- Up-to-date: /home/bushwookie/ws_orbot/install/image_interfaces/include/image_interfaces/image_interfaces/msg/rosidl_typesupport_fastrtps_c__visibility_control.h
[5.925s] -- Installing: /home/bushwookie/ws_orbot/install/image_interfaces/lib/libimage_interfaces__rosidl_typesupport_fastrtps_c.so
[5.926s] -- Set runtime path of "/home/bushwookie/ws_orbot/install/image_interfaces/lib/libimage_interfaces__rosidl_typesupport_fastrtps_c.so" to ""
[5.926s] -- Up-to-date: /home/bushwookie/ws_orbot/install/image_interfaces/include/image_interfaces/image_interfaces
[5.926s] -- Up-to-date: /home/bushwookie/ws_orbot/install/image_interfaces/include/image_interfaces/image_interfaces/srv
[5.926s] -- Up-to-date: /home/bushwookie/ws_orbot/install/image_interfaces/include/image_interfaces/image_interfaces/srv/detail
[5.926s] -- Installing: /home/bushwookie/ws_orbot/install/image_interfaces/include/image_interfaces/image_interfaces/srv/detail/image_request__rosidl_typesupport_introspection_c.h
[5.927s] -- Installing: /home/bushwookie/ws_orbot/install/image_interfaces/include/image_interfaces/image_interfaces/srv/detail/image_request__type_support.c
[5.927s] -- Up-to-date: /home/bushwookie/ws_orbot/install/image_interfaces/include/image_interfaces/image_interfaces/msg
[5.927s] -- Up-to-date: /home/bushwookie/ws_orbot/install/image_interfaces/include/image_interfaces/image_interfaces/msg/rosidl_typesupport_introspection_c__visibility_control.h
[5.927s] -- Installing: /home/bushwookie/ws_orbot/install/image_interfaces/lib/libimage_interfaces__rosidl_typesupport_introspection_c.so
[5.928s] -- Set runtime path of "/home/bushwookie/ws_orbot/install/image_interfaces/lib/libimage_interfaces__rosidl_typesupport_introspection_c.so" to ""
[5.928s] -- Installing: /home/bushwookie/ws_orbot/install/image_interfaces/lib/libimage_interfaces__rosidl_typesupport_c.so
[5.929s] -- Set runtime path of "/home/bushwookie/ws_orbot/install/image_interfaces/lib/libimage_interfaces__rosidl_typesupport_c.so" to ""
[5.929s] -- Up-to-date: /home/bushwookie/ws_orbot/install/image_interfaces/include/image_interfaces/image_interfaces
[5.929s] -- Up-to-date: /home/bushwookie/ws_orbot/install/image_interfaces/include/image_interfaces/image_interfaces/srv
[5.929s] -- Up-to-date: /home/bushwookie/ws_orbot/install/image_interfaces/include/image_interfaces/image_interfaces/srv/detail
[5.929s] -- Installing: /home/bushwookie/ws_orbot/install/image_interfaces/include/image_interfaces/image_interfaces/srv/detail/image_request__traits.hpp
[5.929s] -- Installing: /home/bushwookie/ws_orbot/install/image_interfaces/include/image_interfaces/image_interfaces/srv/detail/image_request__builder.hpp
[5.930s] -- Installing: /home/bushwookie/ws_orbot/install/image_interfaces/include/image_interfaces/image_interfaces/srv/detail/image_request__struct.hpp
[5.930s] -- Installing: /home/bushwookie/ws_orbot/install/image_interfaces/include/image_interfaces/image_interfaces/srv/image_request.hpp
[5.931s] -- Up-to-date: /home/bushwookie/ws_orbot/install/image_interfaces/include/image_interfaces/image_interfaces
[5.931s] -- Up-to-date: /home/bushwookie/ws_orbot/install/image_interfaces/include/image_interfaces/image_interfaces/srv
[5.931s] -- Up-to-date: /home/bushwookie/ws_orbot/install/image_interfaces/include/image_interfaces/image_interfaces/srv/detail
[5.931s] -- Installing: /home/bushwookie/ws_orbot/install/image_interfaces/include/image_interfaces/image_interfaces/srv/detail/image_request__rosidl_typesupport_fastrtps_cpp.hpp
[5.931s] -- Up-to-date: /home/bushwookie/ws_orbot/install/image_interfaces/include/image_interfaces/image_interfaces/srv/detail/dds_fastrtps
[5.932s] -- Up-to-date: /home/bushwookie/ws_orbot/install/image_interfaces/include/image_interfaces/image_interfaces/msg
[5.932s] -- Up-to-date: /home/bushwookie/ws_orbot/install/image_interfaces/include/image_interfaces/image_interfaces/msg/rosidl_typesupport_fastrtps_cpp__visibility_control.h
[5.932s] -- Installing: /home/bushwookie/ws_orbot/install/image_interfaces/lib/libimage_interfaces__rosidl_typesupport_fastrtps_cpp.so
[5.933s] -- Set runtime path of "/home/bushwookie/ws_orbot/install/image_interfaces/lib/libimage_interfaces__rosidl_typesupport_fastrtps_cpp.so" to ""
[5.933s] -- Up-to-date: /home/bushwookie/ws_orbot/install/image_interfaces/include/image_interfaces/image_interfaces
[5.933s] -- Up-to-date: /home/bushwookie/ws_orbot/install/image_interfaces/include/image_interfaces/image_interfaces/srv
[5.933s] -- Up-to-date: /home/bushwookie/ws_orbot/install/image_interfaces/include/image_interfaces/image_interfaces/srv/detail
[5.933s] -- Installing: /home/bushwookie/ws_orbot/install/image_interfaces/include/image_interfaces/image_interfaces/srv/detail/image_request__rosidl_typesupport_introspection_cpp.hpp
[5.933s] -- Installing: /home/bushwookie/ws_orbot/install/image_interfaces/include/image_interfaces/image_interfaces/srv/detail/image_request__type_support.cpp
[5.934s] -- Installing: /home/bushwookie/ws_orbot/install/image_interfaces/lib/libimage_interfaces__rosidl_typesupport_introspection_cpp.so
[5.935s] -- Set runtime path of "/home/bushwookie/ws_orbot/install/image_interfaces/lib/libimage_interfaces__rosidl_typesupport_introspection_cpp.so" to ""
[5.936s] -- Installing: /home/bushwookie/ws_orbot/install/image_interfaces/lib/libimage_interfaces__rosidl_typesupport_cpp.so
[5.936s] -- Set runtime path of "/home/bushwookie/ws_orbot/install/image_interfaces/lib/libimage_interfaces__rosidl_typesupport_cpp.so" to ""
[5.936s] -- Up-to-date: /home/bushwookie/ws_orbot/install/image_interfaces/share/image_interfaces/environment/pythonpath.sh
[5.937s] -- Installing: /home/bushwookie/ws_orbot/install/image_interfaces/share/image_interfaces/environment/pythonpath.dsv
[5.937s] -- Up-to-date: /home/bushwookie/ws_orbot/install/image_interfaces/local/lib/python3.10/dist-packages/image_interfaces-0.0.0-py3.10.egg-info
[5.937s] -- Installing: /home/bushwookie/ws_orbot/install/image_interfaces/local/lib/python3.10/dist-packages/image_interfaces-0.0.0-py3.10.egg-info/SOURCES.txt
[5.937s] -- Installing: /home/bushwookie/ws_orbot/install/image_interfaces/local/lib/python3.10/dist-packages/image_interfaces-0.0.0-py3.10.egg-info/dependency_links.txt
[5.937s] -- Installing: /home/bushwookie/ws_orbot/install/image_interfaces/local/lib/python3.10/dist-packages/image_interfaces-0.0.0-py3.10.egg-info/PKG-INFO
[5.938s] -- Installing: /home/bushwookie/ws_orbot/install/image_interfaces/local/lib/python3.10/dist-packages/image_interfaces-0.0.0-py3.10.egg-info/top_level.txt
[5.938s] -- Up-to-date: /home/bushwookie/ws_orbot/install/image_interfaces/local/lib/python3.10/dist-packages/image_interfaces
[5.939s] -- Installing: /home/bushwookie/ws_orbot/install/image_interfaces/local/lib/python3.10/dist-packages/image_interfaces/image_interfaces_s__rosidl_typesupport_introspection_c.cpython-310-x86_64-linux-gnu.so
[5.939s] -- Installing: /home/bushwookie/ws_orbot/install/image_interfaces/local/lib/python3.10/dist-packages/image_interfaces/_image_interfaces_s.ep.rosidl_typesupport_introspection_c.c
[5.940s] -- Installing: /home/bushwookie/ws_orbot/install/image_interfaces/local/lib/python3.10/dist-packages/image_interfaces/image_interfaces_s__rosidl_typesupport_fastrtps_c.cpython-310-x86_64-linux-gnu.so
[5.941s] -- Up-to-date: /home/bushwookie/ws_orbot/install/image_interfaces/local/lib/python3.10/dist-packages/image_interfaces/srv
[5.941s] -- Installing: /home/bushwookie/ws_orbot/install/image_interfaces/local/lib/python3.10/dist-packages/image_interfaces/srv/__init__.py
[5.942s] -- Installing: /home/bushwookie/ws_orbot/install/image_interfaces/local/lib/python3.10/dist-packages/image_interfaces/srv/_image_request_s.c
[5.942s] -- Installing: /home/bushwookie/ws_orbot/install/image_interfaces/local/lib/python3.10/dist-packages/image_interfaces/srv/_image_request.py
[5.942s] -- Installing: /home/bushwookie/ws_orbot/install/image_interfaces/local/lib/python3.10/dist-packages/image_interfaces/_image_interfaces_s.ep.rosidl_typesupport_fastrtps_c.c
[5.943s] -- Installing: /home/bushwookie/ws_orbot/install/image_interfaces/local/lib/python3.10/dist-packages/image_interfaces/_image_interfaces_s.ep.rosidl_typesupport_c.c
[5.944s] -- Installing: /home/bushwookie/ws_orbot/install/image_interfaces/local/lib/python3.10/dist-packages/image_interfaces/libimage_interfaces__rosidl_generator_py.so
[5.945s] -- Installing: /home/bushwookie/ws_orbot/install/image_interfaces/local/lib/python3.10/dist-packages/image_interfaces/__init__.py
[5.945s] -- Installing: /home/bushwookie/ws_orbot/install/image_interfaces/local/lib/python3.10/dist-packages/image_interfaces/image_interfaces_s__rosidl_typesupport_c.cpython-310-x86_64-linux-gnu.so
[5.987s] Listing '/home/bushwookie/ws_orbot/install/image_interfaces/local/lib/python3.10/dist-packages/image_interfaces'...
[5.987s] Compiling '/home/bushwookie/ws_orbot/install/image_interfaces/local/lib/python3.10/dist-packages/image_interfaces/__init__.py'...
[5.987s] Listing '/home/bushwookie/ws_orbot/install/image_interfaces/local/lib/python3.10/dist-packages/image_interfaces/srv'...
[5.987s] Compiling '/home/bushwookie/ws_orbot/install/image_interfaces/local/lib/python3.10/dist-packages/image_interfaces/srv/__init__.py'...
[5.987s] Compiling '/home/bushwookie/ws_orbot/install/image_interfaces/local/lib/python3.10/dist-packages/image_interfaces/srv/_image_request.py'...
[5.992s] -- Installing: /home/bushwookie/ws_orbot/install/image_interfaces/local/lib/python3.10/dist-packages/image_interfaces/image_interfaces_s__rosidl_typesupport_fastrtps_c.cpython-310-x86_64-linux-gnu.so
[5.993s] -- Set runtime path of "/home/bushwookie/ws_orbot/install/image_interfaces/local/lib/python3.10/dist-packages/image_interfaces/image_interfaces_s__rosidl_typesupport_fastrtps_c.cpython-310-x86_64-linux-gnu.so" to ""
[5.993s] -- Installing: /home/bushwookie/ws_orbot/install/image_interfaces/local/lib/python3.10/dist-packages/image_interfaces/image_interfaces_s__rosidl_typesupport_introspection_c.cpython-310-x86_64-linux-gnu.so
[5.994s] -- Set runtime path of "/home/bushwookie/ws_orbot/install/image_interfaces/local/lib/python3.10/dist-packages/image_interfaces/image_interfaces_s__rosidl_typesupport_introspection_c.cpython-310-x86_64-linux-gnu.so" to ""
[5.994s] -- Installing: /home/bushwookie/ws_orbot/install/image_interfaces/local/lib/python3.10/dist-packages/image_interfaces/image_interfaces_s__rosidl_typesupport_c.cpython-310-x86_64-linux-gnu.so
[5.995s] -- Set runtime path of "/home/bushwookie/ws_orbot/install/image_interfaces/local/lib/python3.10/dist-packages/image_interfaces/image_interfaces_s__rosidl_typesupport_c.cpython-310-x86_64-linux-gnu.so" to ""
[5.995s] -- Installing: /home/bushwookie/ws_orbot/install/image_interfaces/lib/libimage_interfaces__rosidl_generator_py.so
[5.995s] -- Set runtime path of "/home/bushwookie/ws_orbot/install/image_interfaces/lib/libimage_interfaces__rosidl_generator_py.so" to ""
[5.995s] -- Installing: /home/bushwookie/ws_orbot/install/image_interfaces/share/image_interfaces/srv/ImageRequest.idl
[5.996s] -- Installing: /home/bushwookie/ws_orbot/install/image_interfaces/share/image_interfaces/srv/ImageRequest.srv
[5.996s] -- Up-to-date: /home/bushwookie/ws_orbot/install/image_interfaces/share/image_interfaces/srv/ImageRequest_Request.msg
[5.996s] -- Installing: /home/bushwookie/ws_orbot/install/image_interfaces/share/image_interfaces/srv/ImageRequest_Response.msg
[5.997s] -- Up-to-date: /home/bushwookie/ws_orbot/install/image_interfaces/share/ament_index/resource_index/package_run_dependencies/image_interfaces
[5.997s] -- Up-to-date: /home/bushwookie/ws_orbot/install/image_interfaces/share/ament_index/resource_index/parent_prefix_path/image_interfaces
[5.997s] -- Up-to-date: /home/bushwookie/ws_orbot/install/image_interfaces/share/image_interfaces/environment/ament_prefix_path.sh
[5.997s] -- Installing: /home/bushwookie/ws_orbot/install/image_interfaces/share/image_interfaces/environment/ament_prefix_path.dsv
[5.998s] -- Up-to-date: /home/bushwookie/ws_orbot/install/image_interfaces/share/image_interfaces/environment/path.sh
[5.998s] -- Installing: /home/bushwookie/ws_orbot/install/image_interfaces/share/image_interfaces/environment/path.dsv
[5.998s] -- Up-to-date: /home/bushwookie/ws_orbot/install/image_interfaces/share/image_interfaces/local_setup.bash
[5.998s] -- Up-to-date: /home/bushwookie/ws_orbot/install/image_interfaces/share/image_interfaces/local_setup.sh
[5.998s] -- Up-to-date: /home/bushwookie/ws_orbot/install/image_interfaces/share/image_interfaces/local_setup.zsh
[5.998s] -- Installing: /home/bushwookie/ws_orbot/install/image_interfaces/share/image_interfaces/local_setup.dsv
[5.999s] -- Installing: /home/bushwookie/ws_orbot/install/image_interfaces/share/image_interfaces/package.dsv
[5.999s] -- Up-to-date: /home/bushwookie/ws_orbot/install/image_interfaces/share/ament_index/resource_index/packages/image_interfaces
[5.999s] -- Up-to-date: /home/bushwookie/ws_orbot/install/image_interfaces/share/image_interfaces/cmake/export_image_interfaces__rosidl_generator_cExport.cmake
[5.999s] -- Up-to-date: /home/bushwookie/ws_orbot/install/image_interfaces/share/image_interfaces/cmake/export_image_interfaces__rosidl_generator_cExport-noconfig.cmake
[6.000s] -- Up-to-date: /home/bushwookie/ws_orbot/install/image_interfaces/share/image_interfaces/cmake/export_image_interfaces__rosidl_typesupport_fastrtps_cExport.cmake
[6.000s] -- Up-to-date: /home/bushwookie/ws_orbot/install/image_interfaces/share/image_interfaces/cmake/export_image_interfaces__rosidl_typesupport_fastrtps_cExport-noconfig.cmake
[6.000s] -- Up-to-date: /home/bushwookie/ws_orbot/install/image_interfaces/share/image_interfaces/cmake/image_interfaces__rosidl_typesupport_introspection_cExport.cmake
[6.000s] -- Up-to-date: /home/bushwookie/ws_orbot/install/image_interfaces/share/image_interfaces/cmake/image_interfaces__rosidl_typesupport_introspection_cExport-noconfig.cmake
[6.000s] -- Up-to-date: /home/bushwookie/ws_orbot/install/image_interfaces/share/image_interfaces/cmake/image_interfaces__rosidl_typesupport_cExport.cmake
[6.000s] -- Up-to-date: /home/bushwookie/ws_orbot/install/image_interfaces/share/image_interfaces/cmake/image_interfaces__rosidl_typesupport_cExport-noconfig.cmake
[6.001s] -- Up-to-date: /home/bushwookie/ws_orbot/install/image_interfaces/share/image_interfaces/cmake/export_image_interfaces__rosidl_generator_cppExport.cmake
[6.001s] -- Up-to-date: /home/bushwookie/ws_orbot/install/image_interfaces/share/image_interfaces/cmake/export_image_interfaces__rosidl_typesupport_fastrtps_cppExport.cmake
[6.001s] -- Up-to-date: /home/bushwookie/ws_orbot/install/image_interfaces/share/image_interfaces/cmake/export_image_interfaces__rosidl_typesupport_fastrtps_cppExport-noconfig.cmake
[6.001s] -- Up-to-date: /home/bushwookie/ws_orbot/install/image_interfaces/share/image_interfaces/cmake/image_interfaces__rosidl_typesupport_introspection_cppExport.cmake
[6.001s] -- Up-to-date: /home/bushwookie/ws_orbot/install/image_interfaces/share/image_interfaces/cmake/image_interfaces__rosidl_typesupport_introspection_cppExport-noconfig.cmake
[6.002s] -- Up-to-date: /home/bushwookie/ws_orbot/install/image_interfaces/share/image_interfaces/cmake/image_interfaces__rosidl_typesupport_cppExport.cmake
[6.002s] -- Up-to-date: /home/bushwookie/ws_orbot/install/image_interfaces/share/image_interfaces/cmake/image_interfaces__rosidl_typesupport_cppExport-noconfig.cmake
[6.002s] -- Up-to-date: /home/bushwookie/ws_orbot/install/image_interfaces/share/image_interfaces/cmake/export_image_interfaces__rosidl_generator_pyExport.cmake
[6.002s] -- Up-to-date: /home/bushwookie/ws_orbot/install/image_interfaces/share/image_interfaces/cmake/export_image_interfaces__rosidl_generator_pyExport-noconfig.cmake
[6.002s] -- Up-to-date: /home/bushwookie/ws_orbot/install/image_interfaces/share/image_interfaces/cmake/rosidl_cmake-extras.cmake
[6.002s] -- Up-to-date: /home/bushwookie/ws_orbot/install/image_interfaces/share/image_interfaces/cmake/ament_cmake_export_dependencies-extras.cmake
[6.002s] -- Up-to-date: /home/bushwookie/ws_orbot/install/image_interfaces/share/image_interfaces/cmake/ament_cmake_export_include_directories-extras.cmake
[6.002s] -- Up-to-date: /home/bushwookie/ws_orbot/install/image_interfaces/share/image_interfaces/cmake/ament_cmake_export_libraries-extras.cmake
[6.003s] -- Up-to-date: /home/bushwookie/ws_orbot/install/image_interfaces/share/image_interfaces/cmake/ament_cmake_export_targets-extras.cmake
[6.003s] -- Up-to-date: /home/bushwookie/ws_orbot/install/image_interfaces/share/image_interfaces/cmake/rosidl_cmake_export_typesupport_targets-extras.cmake
[6.003s] -- Up-to-date: /home/bushwookie/ws_orbot/install/image_interfaces/share/image_interfaces/cmake/rosidl_cmake_export_typesupport_libraries-extras.cmake
[6.003s] -- Up-to-date: /home/bushwookie/ws_orbot/install/image_interfaces/share/image_interfaces/cmake/image_interfacesConfig.cmake
[6.003s] -- Up-to-date: /home/bushwookie/ws_orbot/install/image_interfaces/share/image_interfaces/cmake/image_interfacesConfig-version.cmake
[6.003s] -- Up-to-date: /home/bushwookie/ws_orbot/install/image_interfaces/share/image_interfaces/package.xml
[6.006s] Invoked command in '/home/bushwookie/ws_orbot/build/image_interfaces' returned '0': CMAKE_PREFIX_PATH=/opt/ros/humble WSLENV=ELECTRON_RUN_AS_NODE/w: /usr/bin/cmake --install /home/bushwookie/ws_orbot/build/image_interfaces
