[0.019s] Invoking command in '/home/bushwookie/ws_orbot/build/image_interfaces': CMAKE_PREFIX_PATH=/opt/ros/humble WSLENV=ELECTRON_RUN_AS_NODE/w: /usr/bin/cmake --build /home/bushwookie/ws_orbot/build/image_interfaces -- -j16 -l16
[0.166s] -- Found ament_cmake: 1.3.9 (/opt/ros/humble/share/ament_cmake/cmake)
[0.289s] -- Found rosidl_default_generators: 1.2.0 (/opt/ros/humble/share/rosidl_default_generators/cmake)
[0.293s] -- Using all available rosidl_typesupport_c: rosidl_typesupport_fastrtps_c;rosidl_typesupport_introspection_c
[0.297s] -- Found rosidl_adapter: 3.1.5 (/opt/ros/humble/share/rosidl_adapter/cmake)
[2.639s] -- Using all available rosidl_typesupport_cpp: rosidl_typesupport_fastrtps_cpp;rosidl_typesupport_introspection_cpp
[2.707s] -- Found sensor_msgs: 4.2.4 (/opt/ros/humble/share/sensor_msgs/cmake)
[3.413s] -- Found ament_cmake_ros: 0.10.0 (/opt/ros/humble/share/ament_cmake_ros/cmake)
[3.751s] -- Using all available rosidl_typesupport_c: rosidl_typesupport_fastrtps_c;rosidl_typesupport_introspection_c
[4.364s] -- Using all available rosidl_typesupport_cpp: rosidl_typesupport_fastrtps_cpp;rosidl_typesupport_introspection_cpp
[4.396s] -- Found python_cmake_module: 0.10.0 (/opt/ros/humble/share/python_cmake_module/cmake)
[4.429s] -- Using PYTHON_EXECUTABLE: /usr/bin/python3
[4.429s] -- Using PYTHON_INCLUDE_DIRS: /usr/include/python3.10
[4.429s] -- Using PYTHON_LIBRARIES: /usr/lib/x86_64-linux-gnu/libpython3.10.so
[4.494s] -- Found ament_lint_auto: 0.12.11 (/opt/ros/humble/share/ament_lint_auto/cmake)
[4.570s] -- Added test 'lint_cmake' to check CMake code style
[4.573s] -- Added test 'xmllint' to check XML markup files
[4.578s] -- Configuring done
[4.710s] -- Generating done
[4.722s] -- Build files have been written to: /home/bushwookie/ws_orbot/build/image_interfaces
[4.749s] [  3%] [34m[1mGenerating C code for ROS interfaces[0m
[4.761s] [  6%] [34m[1mGenerating C++ code for ROS interfaces[0m
[4.779s] [  6%] Built target ament_cmake_python_copy_image_interfaces
[5.168s] running egg_info
[5.169s] writing image_interfaces.egg-info/PKG-INFO
[5.169s] writing dependency_links to image_interfaces.egg-info/dependency_links.txt
[5.170s] writing top-level names to image_interfaces.egg-info/top_level.txt
[5.173s] reading manifest file 'image_interfaces.egg-info/SOURCES.txt'
[5.173s] writing manifest file 'image_interfaces.egg-info/SOURCES.txt'
[5.201s] [35m[1mConsolidate compiler generated dependencies of target image_interfaces__rosidl_generator_c[0m
[5.211s] [  6%] Built target ament_cmake_python_build_image_interfaces_egg
[5.212s] [  6%] Built target image_interfaces__cpp
[5.214s] [  9%] [32mBuilding C object CMakeFiles/image_interfaces__rosidl_generator_c.dir/rosidl_generator_c/image_interfaces/srv/detail/image_request__functions.c.o[0m
[5.223s] [ 19%] [34m[1mGenerating C++ introspection for ROS interfaces[0m
[5.223s] [ 19%] [34m[1mGenerating C++ type support dispatch for ROS interfaces[0m
[5.223s] [ 19%] [34m[1mGenerating C++ type support for eProsima Fast-RTPS[0m
[5.415s] [ 22%] [32m[1mLinking C shared library libimage_interfaces__rosidl_generator_c.so[0m
[5.484s] [35m[1mConsolidate compiler generated dependencies of target image_interfaces__rosidl_typesupport_cpp[0m
[5.503s] [ 25%] [32mBuilding CXX object CMakeFiles/image_interfaces__rosidl_typesupport_cpp.dir/rosidl_typesupport_cpp/image_interfaces/srv/image_request__type_support.cpp.o[0m
[5.512s] [35m[1mConsolidate compiler generated dependencies of target image_interfaces__rosidl_typesupport_introspection_cpp[0m
[5.522s] [35m[1mConsolidate compiler generated dependencies of target image_interfaces__rosidl_typesupport_fastrtps_cpp[0m
[5.532s] [ 29%] [32mBuilding CXX object CMakeFiles/image_interfaces__rosidl_typesupport_introspection_cpp.dir/rosidl_typesupport_introspection_cpp/image_interfaces/srv/detail/image_request__type_support.cpp.o[0m
[5.538s] [ 32%] [32mBuilding CXX object CMakeFiles/image_interfaces__rosidl_typesupport_fastrtps_cpp.dir/rosidl_typesupport_fastrtps_cpp/image_interfaces/srv/detail/dds_fastrtps/image_request__type_support.cpp.o[0m
[5.724s] [ 32%] Built target image_interfaces__rosidl_generator_c
[5.735s] [ 35%] [34m[1mGenerating C type support dispatch for ROS interfaces[0m
[5.738s] [ 41%] [34m[1mGenerating C type support for eProsima Fast-RTPS[0m
[5.741s] [ 41%] [34m[1mGenerating C introspection for ROS interfaces[0m
[6.016s] [ 45%] [32m[1mLinking CXX shared library libimage_interfaces__rosidl_typesupport_cpp.so[0m
[6.057s] [35m[1mConsolidate compiler generated dependencies of target image_interfaces__rosidl_typesupport_c[0m
[6.076s] [ 48%] [32mBuilding CXX object CMakeFiles/image_interfaces__rosidl_typesupport_c.dir/rosidl_typesupport_c/image_interfaces/srv/image_request__type_support.cpp.o[0m
[6.118s] [35m[1mConsolidate compiler generated dependencies of target image_interfaces__rosidl_typesupport_introspection_c[0m
[6.119s] [ 51%] [32m[1mLinking CXX shared library libimage_interfaces__rosidl_typesupport_c.so[0m
[6.127s] [35m[1mConsolidate compiler generated dependencies of target image_interfaces__rosidl_typesupport_fastrtps_c[0m
[6.135s] [ 54%] [32mBuilding C object CMakeFiles/image_interfaces__rosidl_typesupport_introspection_c.dir/rosidl_typesupport_introspection_c/image_interfaces/srv/detail/image_request__type_support.c.o[0m
[6.148s] [ 58%] [32mBuilding CXX object CMakeFiles/image_interfaces__rosidl_typesupport_fastrtps_c.dir/rosidl_typesupport_fastrtps_c/image_interfaces/srv/detail/image_request__type_support_c.cpp.o[0m
[6.190s] [ 61%] [32m[1mLinking C shared library libimage_interfaces__rosidl_typesupport_introspection_c.so[0m
[6.229s] [ 64%] [32m[1mLinking CXX shared library libimage_interfaces__rosidl_typesupport_introspection_cpp.so[0m
[6.237s] [ 67%] [32m[1mLinking CXX shared library libimage_interfaces__rosidl_typesupport_fastrtps_cpp.so[0m
[6.319s] [ 67%] Built target image_interfaces__rosidl_typesupport_cpp
[6.376s] [ 67%] Built target image_interfaces__rosidl_typesupport_c
[6.454s] [ 67%] Built target image_interfaces__rosidl_typesupport_introspection_c
[6.514s] [ 67%] Built target image_interfaces__rosidl_typesupport_introspection_cpp
[6.519s] [ 67%] Built target image_interfaces__rosidl_typesupport_fastrtps_cpp
[6.629s] [ 70%] [32m[1mLinking CXX shared library libimage_interfaces__rosidl_typesupport_fastrtps_c.so[0m
[7.152s] [ 70%] Built target image_interfaces__rosidl_typesupport_fastrtps_c
[7.182s] [ 70%] Built target image_interfaces
[7.210s] [ 74%] [34m[1mGenerating Python code for ROS interfaces[0m
[7.693s] [ 74%] Built target image_interfaces__py
[7.702s] [35m[1mConsolidate compiler generated dependencies of target image_interfaces__rosidl_generator_py[0m
[7.725s] [ 77%] [32mBuilding C object CMakeFiles/image_interfaces__rosidl_generator_py.dir/rosidl_generator_py/image_interfaces/srv/_image_request_s.c.o[0m
[7.984s] [ 80%] [32m[1mLinking C shared library rosidl_generator_py/image_interfaces/libimage_interfaces__rosidl_generator_py.so[0m
[9.320s] [ 80%] Built target image_interfaces__rosidl_generator_py
[9.329s] [35m[1mConsolidate compiler generated dependencies of target image_interfaces__rosidl_typesupport_fastrtps_c__pyext[0m
[9.330s] [35m[1mConsolidate compiler generated dependencies of target image_interfaces__rosidl_typesupport_introspection_c__pyext[0m
[9.330s] [35m[1mConsolidate compiler generated dependencies of target image_interfaces__rosidl_typesupport_c__pyext[0m
[9.342s] [ 87%] [32mBuilding C object CMakeFiles/image_interfaces__rosidl_typesupport_fastrtps_c__pyext.dir/rosidl_generator_py/image_interfaces/_image_interfaces_s.ep.rosidl_typesupport_fastrtps_c.c.o[0m
[9.342s] [ 87%] [32mBuilding C object CMakeFiles/image_interfaces__rosidl_typesupport_introspection_c__pyext.dir/rosidl_generator_py/image_interfaces/_image_interfaces_s.ep.rosidl_typesupport_introspection_c.c.o[0m
[9.344s] [ 90%] [32mBuilding C object CMakeFiles/image_interfaces__rosidl_typesupport_c__pyext.dir/rosidl_generator_py/image_interfaces/_image_interfaces_s.ep.rosidl_typesupport_c.c.o[0m
[9.466s] [ 93%] [32m[1mLinking C shared library rosidl_generator_py/image_interfaces/image_interfaces_s__rosidl_typesupport_c.cpython-310-x86_64-linux-gnu.so[0m
[9.480s] [ 96%] [32m[1mLinking C shared library rosidl_generator_py/image_interfaces/image_interfaces_s__rosidl_typesupport_introspection_c.cpython-310-x86_64-linux-gnu.so[0m
[9.485s] [100%] [32m[1mLinking C shared library rosidl_generator_py/image_interfaces/image_interfaces_s__rosidl_typesupport_fastrtps_c.cpython-310-x86_64-linux-gnu.so[0m
[9.722s] [100%] Built target image_interfaces__rosidl_typesupport_c__pyext
[9.727s] [100%] Built target image_interfaces__rosidl_typesupport_introspection_c__pyext
[9.812s] [100%] Built target image_interfaces__rosidl_typesupport_fastrtps_c__pyext
[9.831s] Invoked command in '/home/bushwookie/ws_orbot/build/image_interfaces' returned '0': CMAKE_PREFIX_PATH=/opt/ros/humble WSLENV=ELECTRON_RUN_AS_NODE/w: /usr/bin/cmake --build /home/bushwookie/ws_orbot/build/image_interfaces -- -j16 -l16
[9.952s] Invoking command in '/home/bushwookie/ws_orbot/build/image_interfaces': CMAKE_PREFIX_PATH=/opt/ros/humble WSLENV=ELECTRON_RUN_AS_NODE/w: /usr/bin/cmake --install /home/bushwookie/ws_orbot/build/image_interfaces
[9.966s] -- Install configuration: ""
[9.967s] -- Up-to-date: /home/bushwookie/ws_orbot/install/image_interfaces/share/ament_index/resource_index/rosidl_interfaces/image_interfaces
[9.968s] -- Up-to-date: /home/bushwookie/ws_orbot/install/image_interfaces/include/image_interfaces/image_interfaces
[9.968s] -- Up-to-date: /home/bushwookie/ws_orbot/install/image_interfaces/include/image_interfaces/image_interfaces/srv
[9.969s] -- Up-to-date: /home/bushwookie/ws_orbot/install/image_interfaces/include/image_interfaces/image_interfaces/srv/detail
[9.973s] -- Installing: /home/bushwookie/ws_orbot/install/image_interfaces/include/image_interfaces/image_interfaces/srv/detail/image_request__type_support.h
[9.973s] -- Installing: /home/bushwookie/ws_orbot/install/image_interfaces/include/image_interfaces/image_interfaces/srv/detail/image_request__functions.h
[9.973s] -- Installing: /home/bushwookie/ws_orbot/install/image_interfaces/include/image_interfaces/image_interfaces/srv/detail/image_request__functions.c
[9.974s] -- Installing: /home/bushwookie/ws_orbot/install/image_interfaces/include/image_interfaces/image_interfaces/srv/detail/image_request__struct.h
[9.974s] -- Installing: /home/bushwookie/ws_orbot/install/image_interfaces/include/image_interfaces/image_interfaces/srv/image_request.h
[9.975s] -- Up-to-date: /home/bushwookie/ws_orbot/install/image_interfaces/include/image_interfaces/image_interfaces/msg
[9.976s] -- Up-to-date: /home/bushwookie/ws_orbot/install/image_interfaces/include/image_interfaces/image_interfaces/msg/rosidl_generator_c__visibility_control.h
[9.976s] -- Up-to-date: /home/bushwookie/ws_orbot/install/image_interfaces/share/image_interfaces/environment/library_path.sh
[9.976s] -- Installing: /home/bushwookie/ws_orbot/install/image_interfaces/share/image_interfaces/environment/library_path.dsv
[9.978s] -- Installing: /home/bushwookie/ws_orbot/install/image_interfaces/lib/libimage_interfaces__rosidl_generator_c.so
[9.981s] -- Set runtime path of "/home/bushwookie/ws_orbot/install/image_interfaces/lib/libimage_interfaces__rosidl_generator_c.so" to ""
[9.981s] -- Up-to-date: /home/bushwookie/ws_orbot/install/image_interfaces/include/image_interfaces/image_interfaces
[9.982s] -- Up-to-date: /home/bushwookie/ws_orbot/install/image_interfaces/include/image_interfaces/image_interfaces/srv
[9.982s] -- Up-to-date: /home/bushwookie/ws_orbot/install/image_interfaces/include/image_interfaces/image_interfaces/srv/detail
[9.982s] -- Installing: /home/bushwookie/ws_orbot/install/image_interfaces/include/image_interfaces/image_interfaces/srv/detail/image_request__rosidl_typesupport_fastrtps_c.h
[9.983s] -- Up-to-date: /home/bushwookie/ws_orbot/install/image_interfaces/include/image_interfaces/image_interfaces/msg
[9.983s] -- Up-to-date: /home/bushwookie/ws_orbot/install/image_interfaces/include/image_interfaces/image_interfaces/msg/rosidl_typesupport_fastrtps_c__visibility_control.h
[9.985s] -- Installing: /home/bushwookie/ws_orbot/install/image_interfaces/lib/libimage_interfaces__rosidl_typesupport_fastrtps_c.so
[9.986s] -- Set runtime path of "/home/bushwookie/ws_orbot/install/image_interfaces/lib/libimage_interfaces__rosidl_typesupport_fastrtps_c.so" to ""
[9.986s] -- Up-to-date: /home/bushwookie/ws_orbot/install/image_interfaces/include/image_interfaces/image_interfaces
[9.987s] -- Up-to-date: /home/bushwookie/ws_orbot/install/image_interfaces/include/image_interfaces/image_interfaces/srv
[9.987s] -- Up-to-date: /home/bushwookie/ws_orbot/install/image_interfaces/include/image_interfaces/image_interfaces/srv/detail
[9.987s] -- Installing: /home/bushwookie/ws_orbot/install/image_interfaces/include/image_interfaces/image_interfaces/srv/detail/image_request__rosidl_typesupport_introspection_c.h
[9.987s] -- Installing: /home/bushwookie/ws_orbot/install/image_interfaces/include/image_interfaces/image_interfaces/srv/detail/image_request__type_support.c
[9.988s] -- Up-to-date: /home/bushwookie/ws_orbot/install/image_interfaces/include/image_interfaces/image_interfaces/msg
[9.988s] -- Up-to-date: /home/bushwookie/ws_orbot/install/image_interfaces/include/image_interfaces/image_interfaces/msg/rosidl_typesupport_introspection_c__visibility_control.h
[9.990s] -- Installing: /home/bushwookie/ws_orbot/install/image_interfaces/lib/libimage_interfaces__rosidl_typesupport_introspection_c.so
[9.991s] -- Set runtime path of "/home/bushwookie/ws_orbot/install/image_interfaces/lib/libimage_interfaces__rosidl_typesupport_introspection_c.so" to ""
[9.992s] -- Installing: /home/bushwookie/ws_orbot/install/image_interfaces/lib/libimage_interfaces__rosidl_typesupport_c.so
[9.993s] -- Set runtime path of "/home/bushwookie/ws_orbot/install/image_interfaces/lib/libimage_interfaces__rosidl_typesupport_c.so" to ""
[9.993s] -- Up-to-date: /home/bushwookie/ws_orbot/install/image_interfaces/include/image_interfaces/image_interfaces
[9.993s] -- Up-to-date: /home/bushwookie/ws_orbot/install/image_interfaces/include/image_interfaces/image_interfaces/srv
[9.993s] -- Up-to-date: /home/bushwookie/ws_orbot/install/image_interfaces/include/image_interfaces/image_interfaces/srv/detail
[9.993s] -- Installing: /home/bushwookie/ws_orbot/install/image_interfaces/include/image_interfaces/image_interfaces/srv/detail/image_request__traits.hpp
[9.994s] -- Installing: /home/bushwookie/ws_orbot/install/image_interfaces/include/image_interfaces/image_interfaces/srv/detail/image_request__builder.hpp
[9.994s] -- Installing: /home/bushwookie/ws_orbot/install/image_interfaces/include/image_interfaces/image_interfaces/srv/detail/image_request__struct.hpp
[9.995s] -- Installing: /home/bushwookie/ws_orbot/install/image_interfaces/include/image_interfaces/image_interfaces/srv/image_request.hpp
[9.995s] -- Up-to-date: /home/bushwookie/ws_orbot/install/image_interfaces/include/image_interfaces/image_interfaces
[9.996s] -- Up-to-date: /home/bushwookie/ws_orbot/install/image_interfaces/include/image_interfaces/image_interfaces/srv
[9.996s] -- Up-to-date: /home/bushwookie/ws_orbot/install/image_interfaces/include/image_interfaces/image_interfaces/srv/detail
[9.996s] -- Installing: /home/bushwookie/ws_orbot/install/image_interfaces/include/image_interfaces/image_interfaces/srv/detail/image_request__rosidl_typesupport_fastrtps_cpp.hpp
[9.996s] -- Up-to-date: /home/bushwookie/ws_orbot/install/image_interfaces/include/image_interfaces/image_interfaces/srv/detail/dds_fastrtps
[9.996s] -- Up-to-date: /home/bushwookie/ws_orbot/install/image_interfaces/include/image_interfaces/image_interfaces/msg
[9.996s] -- Up-to-date: /home/bushwookie/ws_orbot/install/image_interfaces/include/image_interfaces/image_interfaces/msg/rosidl_typesupport_fastrtps_cpp__visibility_control.h
[9.997s] -- Installing: /home/bushwookie/ws_orbot/install/image_interfaces/lib/libimage_interfaces__rosidl_typesupport_fastrtps_cpp.so
[9.999s] -- Set runtime path of "/home/bushwookie/ws_orbot/install/image_interfaces/lib/libimage_interfaces__rosidl_typesupport_fastrtps_cpp.so" to ""
[9.999s] -- Up-to-date: /home/bushwookie/ws_orbot/install/image_interfaces/include/image_interfaces/image_interfaces
[9.999s] -- Up-to-date: /home/bushwookie/ws_orbot/install/image_interfaces/include/image_interfaces/image_interfaces/srv
[9.999s] -- Up-to-date: /home/bushwookie/ws_orbot/install/image_interfaces/include/image_interfaces/image_interfaces/srv/detail
[9.999s] -- Installing: /home/bushwookie/ws_orbot/install/image_interfaces/include/image_interfaces/image_interfaces/srv/detail/image_request__rosidl_typesupport_introspection_cpp.hpp
[9.999s] -- Installing: /home/bushwookie/ws_orbot/install/image_interfaces/include/image_interfaces/image_interfaces/srv/detail/image_request__type_support.cpp
[10.001s] -- Installing: /home/bushwookie/ws_orbot/install/image_interfaces/lib/libimage_interfaces__rosidl_typesupport_introspection_cpp.so
[10.003s] -- Set runtime path of "/home/bushwookie/ws_orbot/install/image_interfaces/lib/libimage_interfaces__rosidl_typesupport_introspection_cpp.so" to ""
[10.004s] -- Installing: /home/bushwookie/ws_orbot/install/image_interfaces/lib/libimage_interfaces__rosidl_typesupport_cpp.so
[10.005s] -- Set runtime path of "/home/bushwookie/ws_orbot/install/image_interfaces/lib/libimage_interfaces__rosidl_typesupport_cpp.so" to ""
[10.005s] -- Up-to-date: /home/bushwookie/ws_orbot/install/image_interfaces/share/image_interfaces/environment/pythonpath.sh
[10.005s] -- Installing: /home/bushwookie/ws_orbot/install/image_interfaces/share/image_interfaces/environment/pythonpath.dsv
[10.005s] -- Up-to-date: /home/bushwookie/ws_orbot/install/image_interfaces/local/lib/python3.10/dist-packages/image_interfaces-0.0.0-py3.10.egg-info
[10.005s] -- Installing: /home/bushwookie/ws_orbot/install/image_interfaces/local/lib/python3.10/dist-packages/image_interfaces-0.0.0-py3.10.egg-info/SOURCES.txt
[10.006s] -- Installing: /home/bushwookie/ws_orbot/install/image_interfaces/local/lib/python3.10/dist-packages/image_interfaces-0.0.0-py3.10.egg-info/dependency_links.txt
[10.006s] -- Installing: /home/bushwookie/ws_orbot/install/image_interfaces/local/lib/python3.10/dist-packages/image_interfaces-0.0.0-py3.10.egg-info/PKG-INFO
[10.007s] -- Installing: /home/bushwookie/ws_orbot/install/image_interfaces/local/lib/python3.10/dist-packages/image_interfaces-0.0.0-py3.10.egg-info/top_level.txt
[10.007s] -- Up-to-date: /home/bushwookie/ws_orbot/install/image_interfaces/local/lib/python3.10/dist-packages/image_interfaces
[10.008s] -- Installing: /home/bushwookie/ws_orbot/install/image_interfaces/local/lib/python3.10/dist-packages/image_interfaces/image_interfaces_s__rosidl_typesupport_introspection_c.cpython-310-x86_64-linux-gnu.so
[10.008s] -- Installing: /home/bushwookie/ws_orbot/install/image_interfaces/local/lib/python3.10/dist-packages/image_interfaces/_image_interfaces_s.ep.rosidl_typesupport_introspection_c.c
[10.009s] -- Installing: /home/bushwookie/ws_orbot/install/image_interfaces/local/lib/python3.10/dist-packages/image_interfaces/image_interfaces_s__rosidl_typesupport_fastrtps_c.cpython-310-x86_64-linux-gnu.so
[10.010s] -- Up-to-date: /home/bushwookie/ws_orbot/install/image_interfaces/local/lib/python3.10/dist-packages/image_interfaces/srv
[10.010s] -- Installing: /home/bushwookie/ws_orbot/install/image_interfaces/local/lib/python3.10/dist-packages/image_interfaces/srv/__init__.py
[10.010s] -- Installing: /home/bushwookie/ws_orbot/install/image_interfaces/local/lib/python3.10/dist-packages/image_interfaces/srv/_image_request_s.c
[10.011s] -- Installing: /home/bushwookie/ws_orbot/install/image_interfaces/local/lib/python3.10/dist-packages/image_interfaces/srv/_image_request.py
[10.011s] -- Installing: /home/bushwookie/ws_orbot/install/image_interfaces/local/lib/python3.10/dist-packages/image_interfaces/_image_interfaces_s.ep.rosidl_typesupport_fastrtps_c.c
[10.011s] -- Installing: /home/bushwookie/ws_orbot/install/image_interfaces/local/lib/python3.10/dist-packages/image_interfaces/_image_interfaces_s.ep.rosidl_typesupport_c.c
[10.013s] -- Installing: /home/bushwookie/ws_orbot/install/image_interfaces/local/lib/python3.10/dist-packages/image_interfaces/libimage_interfaces__rosidl_generator_py.so
[10.013s] -- Installing: /home/bushwookie/ws_orbot/install/image_interfaces/local/lib/python3.10/dist-packages/image_interfaces/__init__.py
[10.013s] -- Installing: /home/bushwookie/ws_orbot/install/image_interfaces/local/lib/python3.10/dist-packages/image_interfaces/image_interfaces_s__rosidl_typesupport_c.cpython-310-x86_64-linux-gnu.so
[10.074s] Listing '/home/bushwookie/ws_orbot/install/image_interfaces/local/lib/python3.10/dist-packages/image_interfaces'...
[10.074s] Compiling '/home/bushwookie/ws_orbot/install/image_interfaces/local/lib/python3.10/dist-packages/image_interfaces/__init__.py'...
[10.074s] Listing '/home/bushwookie/ws_orbot/install/image_interfaces/local/lib/python3.10/dist-packages/image_interfaces/srv'...
[10.074s] Compiling '/home/bushwookie/ws_orbot/install/image_interfaces/local/lib/python3.10/dist-packages/image_interfaces/srv/__init__.py'...
[10.074s] Compiling '/home/bushwookie/ws_orbot/install/image_interfaces/local/lib/python3.10/dist-packages/image_interfaces/srv/_image_request.py'...
[10.080s] -- Installing: /home/bushwookie/ws_orbot/install/image_interfaces/local/lib/python3.10/dist-packages/image_interfaces/image_interfaces_s__rosidl_typesupport_fastrtps_c.cpython-310-x86_64-linux-gnu.so
[10.080s] -- Set runtime path of "/home/bushwookie/ws_orbot/install/image_interfaces/local/lib/python3.10/dist-packages/image_interfaces/image_interfaces_s__rosidl_typesupport_fastrtps_c.cpython-310-x86_64-linux-gnu.so" to ""
[10.081s] -- Installing: /home/bushwookie/ws_orbot/install/image_interfaces/local/lib/python3.10/dist-packages/image_interfaces/image_interfaces_s__rosidl_typesupport_introspection_c.cpython-310-x86_64-linux-gnu.so
[10.081s] -- Set runtime path of "/home/bushwookie/ws_orbot/install/image_interfaces/local/lib/python3.10/dist-packages/image_interfaces/image_interfaces_s__rosidl_typesupport_introspection_c.cpython-310-x86_64-linux-gnu.so" to ""
[10.081s] -- Installing: /home/bushwookie/ws_orbot/install/image_interfaces/local/lib/python3.10/dist-packages/image_interfaces/image_interfaces_s__rosidl_typesupport_c.cpython-310-x86_64-linux-gnu.so
[10.081s] -- Set runtime path of "/home/bushwookie/ws_orbot/install/image_interfaces/local/lib/python3.10/dist-packages/image_interfaces/image_interfaces_s__rosidl_typesupport_c.cpython-310-x86_64-linux-gnu.so" to ""
[10.083s] -- Installing: /home/bushwookie/ws_orbot/install/image_interfaces/lib/libimage_interfaces__rosidl_generator_py.so
[10.083s] -- Set runtime path of "/home/bushwookie/ws_orbot/install/image_interfaces/lib/libimage_interfaces__rosidl_generator_py.so" to ""
[10.084s] -- Installing: /home/bushwookie/ws_orbot/install/image_interfaces/share/image_interfaces/srv/ImageRequest.idl
[10.084s] -- Installing: /home/bushwookie/ws_orbot/install/image_interfaces/share/image_interfaces/srv/ImageRequest.srv
[10.084s] -- Up-to-date: /home/bushwookie/ws_orbot/install/image_interfaces/share/image_interfaces/srv/ImageRequest_Request.msg
[10.085s] -- Installing: /home/bushwookie/ws_orbot/install/image_interfaces/share/image_interfaces/srv/ImageRequest_Response.msg
[10.085s] -- Up-to-date: /home/bushwookie/ws_orbot/install/image_interfaces/share/ament_index/resource_index/package_run_dependencies/image_interfaces
[10.085s] -- Up-to-date: /home/bushwookie/ws_orbot/install/image_interfaces/share/ament_index/resource_index/parent_prefix_path/image_interfaces
[10.086s] -- Up-to-date: /home/bushwookie/ws_orbot/install/image_interfaces/share/image_interfaces/environment/ament_prefix_path.sh
[10.086s] -- Installing: /home/bushwookie/ws_orbot/install/image_interfaces/share/image_interfaces/environment/ament_prefix_path.dsv
[10.087s] -- Up-to-date: /home/bushwookie/ws_orbot/install/image_interfaces/share/image_interfaces/environment/path.sh
[10.087s] -- Installing: /home/bushwookie/ws_orbot/install/image_interfaces/share/image_interfaces/environment/path.dsv
[10.087s] -- Up-to-date: /home/bushwookie/ws_orbot/install/image_interfaces/share/image_interfaces/local_setup.bash
[10.087s] -- Up-to-date: /home/bushwookie/ws_orbot/install/image_interfaces/share/image_interfaces/local_setup.sh
[10.088s] -- Up-to-date: /home/bushwookie/ws_orbot/install/image_interfaces/share/image_interfaces/local_setup.zsh
[10.088s] -- Installing: /home/bushwookie/ws_orbot/install/image_interfaces/share/image_interfaces/local_setup.dsv
[10.088s] -- Installing: /home/bushwookie/ws_orbot/install/image_interfaces/share/image_interfaces/package.dsv
[10.089s] -- Up-to-date: /home/bushwookie/ws_orbot/install/image_interfaces/share/ament_index/resource_index/packages/image_interfaces
[10.089s] -- Up-to-date: /home/bushwookie/ws_orbot/install/image_interfaces/share/image_interfaces/cmake/export_image_interfaces__rosidl_generator_cExport.cmake
[10.090s] -- Up-to-date: /home/bushwookie/ws_orbot/install/image_interfaces/share/image_interfaces/cmake/export_image_interfaces__rosidl_generator_cExport-noconfig.cmake
[10.090s] -- Up-to-date: /home/bushwookie/ws_orbot/install/image_interfaces/share/image_interfaces/cmake/export_image_interfaces__rosidl_typesupport_fastrtps_cExport.cmake
[10.091s] -- Up-to-date: /home/bushwookie/ws_orbot/install/image_interfaces/share/image_interfaces/cmake/export_image_interfaces__rosidl_typesupport_fastrtps_cExport-noconfig.cmake
[10.092s] -- Up-to-date: /home/bushwookie/ws_orbot/install/image_interfaces/share/image_interfaces/cmake/image_interfaces__rosidl_typesupport_introspection_cExport.cmake
[10.092s] -- Up-to-date: /home/bushwookie/ws_orbot/install/image_interfaces/share/image_interfaces/cmake/image_interfaces__rosidl_typesupport_introspection_cExport-noconfig.cmake
[10.092s] -- Up-to-date: /home/bushwookie/ws_orbot/install/image_interfaces/share/image_interfaces/cmake/image_interfaces__rosidl_typesupport_cExport.cmake
[10.093s] -- Up-to-date: /home/bushwookie/ws_orbot/install/image_interfaces/share/image_interfaces/cmake/image_interfaces__rosidl_typesupport_cExport-noconfig.cmake
[10.094s] -- Up-to-date: /home/bushwookie/ws_orbot/install/image_interfaces/share/image_interfaces/cmake/export_image_interfaces__rosidl_generator_cppExport.cmake
[10.095s] -- Up-to-date: /home/bushwookie/ws_orbot/install/image_interfaces/share/image_interfaces/cmake/export_image_interfaces__rosidl_typesupport_fastrtps_cppExport.cmake
[10.095s] -- Up-to-date: /home/bushwookie/ws_orbot/install/image_interfaces/share/image_interfaces/cmake/export_image_interfaces__rosidl_typesupport_fastrtps_cppExport-noconfig.cmake
[10.095s] -- Up-to-date: /home/bushwookie/ws_orbot/install/image_interfaces/share/image_interfaces/cmake/image_interfaces__rosidl_typesupport_introspection_cppExport.cmake
[10.095s] -- Up-to-date: /home/bushwookie/ws_orbot/install/image_interfaces/share/image_interfaces/cmake/image_interfaces__rosidl_typesupport_introspection_cppExport-noconfig.cmake
[10.096s] -- Up-to-date: /home/bushwookie/ws_orbot/install/image_interfaces/share/image_interfaces/cmake/image_interfaces__rosidl_typesupport_cppExport.cmake
[10.097s] -- Up-to-date: /home/bushwookie/ws_orbot/install/image_interfaces/share/image_interfaces/cmake/image_interfaces__rosidl_typesupport_cppExport-noconfig.cmake
[10.098s] -- Up-to-date: /home/bushwookie/ws_orbot/install/image_interfaces/share/image_interfaces/cmake/export_image_interfaces__rosidl_generator_pyExport.cmake
[10.099s] -- Up-to-date: /home/bushwookie/ws_orbot/install/image_interfaces/share/image_interfaces/cmake/export_image_interfaces__rosidl_generator_pyExport-noconfig.cmake
[10.100s] -- Up-to-date: /home/bushwookie/ws_orbot/install/image_interfaces/share/image_interfaces/cmake/rosidl_cmake-extras.cmake
[10.102s] -- Up-to-date: /home/bushwookie/ws_orbot/install/image_interfaces/share/image_interfaces/cmake/ament_cmake_export_dependencies-extras.cmake
[10.104s] -- Up-to-date: /home/bushwookie/ws_orbot/install/image_interfaces/share/image_interfaces/cmake/ament_cmake_export_include_directories-extras.cmake
[10.106s] -- Up-to-date: /home/bushwookie/ws_orbot/install/image_interfaces/share/image_interfaces/cmake/ament_cmake_export_libraries-extras.cmake
[10.106s] -- Up-to-date: /home/bushwookie/ws_orbot/install/image_interfaces/share/image_interfaces/cmake/ament_cmake_export_targets-extras.cmake
[10.107s] -- Up-to-date: /home/bushwookie/ws_orbot/install/image_interfaces/share/image_interfaces/cmake/rosidl_cmake_export_typesupport_targets-extras.cmake
[10.107s] -- Up-to-date: /home/bushwookie/ws_orbot/install/image_interfaces/share/image_interfaces/cmake/rosidl_cmake_export_typesupport_libraries-extras.cmake
[10.107s] -- Up-to-date: /home/bushwookie/ws_orbot/install/image_interfaces/share/image_interfaces/cmake/image_interfacesConfig.cmake
[10.107s] -- Up-to-date: /home/bushwookie/ws_orbot/install/image_interfaces/share/image_interfaces/cmake/image_interfacesConfig-version.cmake
[10.108s] -- Up-to-date: /home/bushwookie/ws_orbot/install/image_interfaces/share/image_interfaces/package.xml
[10.108s] Invoked command in '/home/bushwookie/ws_orbot/build/image_interfaces' returned '0': CMAKE_PREFIX_PATH=/opt/ros/humble WSLENV=ELECTRON_RUN_AS_NODE/w: /usr/bin/cmake --install /home/bushwookie/ws_orbot/build/image_interfaces
