[0.009s] Invoking command in '/home/bushwookie/ws_orbot/build/image_interfaces': CMAKE_PREFIX_PATH=/opt/ros/humble WSLENV=ELECTRON_RUN_AS_NODE/w: /usr/bin/cmake /home/bushwookie/ws_orbot/src/image_interfaces -DCMAKE_INSTALL_PREFIX=/home/bushwookie/ws_orbot/install/image_interfaces
[0.018s] -- Found ament_cmake: 1.3.9 (/opt/ros/humble/share/ament_cmake/cmake)
[0.094s] -- Found rosidl_default_generators: 1.2.0 (/opt/ros/humble/share/rosidl_default_generators/cmake)
[0.094s] -- Using all available rosidl_typesupport_c: rosidl_typesupport_fastrtps_c;rosidl_typesupport_introspection_c
[0.096s] -- Found rosidl_adapter: 3.1.5 (/opt/ros/humble/share/rosidl_adapter/cmake)
[0.380s] -- Using all available rosidl_typesupport_cpp: rosidl_typesupport_fastrtps_cpp;rosidl_typesupport_introspection_cpp
[0.396s] -- Found sensor_msgs: 4.2.3 (/opt/ros/humble/share/sensor_msgs/cmake)
[0.631s] [31mCMake Error at /opt/ros/humble/share/rosidl_adapter/cmake/rosidl_adapt_interfaces.cmake:59 (message):
[0.631s]   execute_process(/usr/bin/python3 -m rosidl_adapter --package-name
[0.631s]   image_interfaces --arguments-file
[0.631s]   /home/bushwookie/ws_orbot/build/image_interfaces/rosidl_adapter__arguments__image_interfaces.json
[0.631s]   --output-dir
[0.631s]   /home/bushwookie/ws_orbot/build/image_interfaces/rosidl_adapter/image_interfaces
[0.631s]   --output-file
[0.631s]   /home/bushwookie/ws_orbot/build/image_interfaces/rosidl_adapter/image_interfaces.idls)
[0.632s]   returned error code 1:
[0.632s] 
[0.632s]   Error processing 'float region_area' of
[0.632s]   'image_interfaces/ImageRequest_Response': ''float' is an invalid message
[0.632s]   name.  It should have the pattern '^[A-Z][A-Za-z0-9]*$''
[0.632s] 
[0.632s]   Traceback (most recent call last):
[0.632s] 
[0.632s]     File "/usr/lib/python3.10/runpy.py", line 196, in _run_module_as_main
[0.632s]       return _run_code(code, main_globals, None,
[0.632s]     File "/usr/lib/python3.10/runpy.py", line 86, in _run_code
[0.632s]       exec(code, run_globals)
[0.632s]     File "/opt/ros/humble/local/lib/python3.10/dist-packages/rosidl_adapter/__main__.py", line 19, in <module>
[0.632s]       sys.exit(main())
[0.632s]     File "/opt/ros/humble/local/lib/python3.10/dist-packages/rosidl_adapter/main.py", line 53, in main
[0.632s]       abs_idl_file = convert_to_idl(
[0.632s]     File "/opt/ros/humble/local/lib/python3.10/dist-packages/rosidl_adapter/__init__.py", line 24, in convert_to_idl
[0.632s]       return convert_srv_to_idl(
[0.632s]     File "/opt/ros/humble/local/lib/python3.10/dist-packages/rosidl_adapter/srv/__init__.py", line 28, in convert_srv_to_idl
[0.632s]       srv = parse_service_string(package_name, input_file.stem, content)
[0.632s]     File "/opt/ros/humble/local/lib/python3.10/dist-packages/rosidl_adapter/parser.py", line 863, in parse_service_string
[0.632s]       response_message = parse_message_string(
[0.632s]     File "/opt/ros/humble/local/lib/python3.10/dist-packages/rosidl_adapter/parser.py", line 520, in parse_message_string
[0.632s]       Type(type_string, context_package_name=pkg_name),
[0.632s]     File "/opt/ros/humble/local/lib/python3.10/dist-packages/rosidl_adapter/parser.py", line 277, in __init__
[0.632s]       super(Type, self).__init__(
[0.632s]     File "/opt/ros/humble/local/lib/python3.10/dist-packages/rosidl_adapter/parser.py", line 205, in __init__
[0.632s]       raise InvalidResourceName(
[0.632s] 
[0.632s]   rosidl_adapter.parser.InvalidResourceName: 'float' is an invalid message
[0.632s]   name.  It should have the pattern '^[A-Z][A-Za-z0-9]*$'
[0.632s] 
[0.632s] Call Stack (most recent call first):
[0.632s]   /opt/ros/humble/share/rosidl_cmake/cmake/rosidl_generate_interfaces.cmake:130 (rosidl_adapt_interfaces)
[0.632s]   CMakeLists.txt:17 (rosidl_generate_interfaces)
[0.632s] 
[0.633s] [0m
[0.633s] -- Configuring incomplete, errors occurred!
[0.633s] See also "/home/bushwookie/ws_orbot/build/image_interfaces/CMakeFiles/CMakeOutput.log".
[0.637s] Invoked command in '/home/bushwookie/ws_orbot/build/image_interfaces' returned '1': CMAKE_PREFIX_PATH=/opt/ros/humble WSLENV=ELECTRON_RUN_AS_NODE/w: /usr/bin/cmake /home/bushwookie/ws_orbot/src/image_interfaces -DCMAKE_INSTALL_PREFIX=/home/bushwookie/ws_orbot/install/image_interfaces
