[0.007s] Invoking command in '/home/bushwookie/ws_orbot/build/image_interfaces': CMAKE_PREFIX_PATH=/opt/ros/humble WSLENV=ELECTRON_RUN_AS_NODE/w: /usr/bin/cmake /home/bushwookie/ws_orbot/src/image_interfaces -DCMAKE_INSTALL_PREFIX=/home/bushwookie/ws_orbot/install/image_interfaces
[0.016s] -- Found ament_cmake: 1.3.9 (/opt/ros/humble/share/ament_cmake/cmake)
[0.094s] -- Found rosidl_default_generators: 1.2.0 (/opt/ros/humble/share/rosidl_default_generators/cmake)
[0.095s] -- Using all available rosidl_typesupport_c: rosidl_typesupport_fastrtps_c;rosidl_typesupport_introspection_c
[0.097s] -- Found rosidl_adapter: 3.1.5 (/opt/ros/humble/share/rosidl_adapter/cmake)
[0.418s] -- Using all available rosidl_typesupport_cpp: rosidl_typesupport_fastrtps_cpp;rosidl_typesupport_introspection_cpp
[0.435s] -- Found sensor_msgs: 4.2.3 (/opt/ros/humble/share/sensor_msgs/cmake)
[0.761s] -- Found ament_cmake_ros: 0.10.0 (/opt/ros/humble/share/ament_cmake_ros/cmake)
[0.958s] -- Using all available rosidl_typesupport_c: rosidl_typesupport_fastrtps_c;rosidl_typesupport_introspection_c
[1.189s] -- Using all available rosidl_typesupport_cpp: rosidl_typesupport_fastrtps_cpp;rosidl_typesupport_introspection_cpp
[1.482s] -- Found PythonInterp: /usr/bin/python3 (found suitable version "3.10.12", minimum required is "3.6") 
[1.485s] -- Found python_cmake_module: 0.10.0 (/opt/ros/humble/share/python_cmake_module/cmake)
[2.306s] -- Found PythonLibs: /usr/lib/x86_64-linux-gnu/libpython3.10.so (found suitable version "3.10.12", minimum required is "3.5") 
[2.306s] -- Using PYTHON_EXECUTABLE: /usr/bin/python3
[2.306s] -- Using PYTHON_INCLUDE_DIRS: /usr/include/python3.10
[2.306s] -- Using PYTHON_LIBRARIES: /usr/lib/x86_64-linux-gnu/libpython3.10.so
[2.320s] -- Found PythonExtra: .so  
[2.474s] -- Found ament_lint_auto: 0.12.11 (/opt/ros/humble/share/ament_lint_auto/cmake)
[2.503s] -- Added test 'lint_cmake' to check CMake code style
[2.505s] -- Added test 'xmllint' to check XML markup files
[2.508s] -- Configuring done
[2.537s] -- Generating done
[2.538s] -- Build files have been written to: /home/bushwookie/ws_orbot/build/image_interfaces
[2.545s] Invoked command in '/home/bushwookie/ws_orbot/build/image_interfaces' returned '0': CMAKE_PREFIX_PATH=/opt/ros/humble WSLENV=ELECTRON_RUN_AS_NODE/w: /usr/bin/cmake /home/bushwookie/ws_orbot/src/image_interfaces -DCMAKE_INSTALL_PREFIX=/home/bushwookie/ws_orbot/install/image_interfaces
[2.546s] Invoking command in '/home/bushwookie/ws_orbot/build/image_interfaces': CMAKE_PREFIX_PATH=/opt/ros/humble WSLENV=ELECTRON_RUN_AS_NODE/w: /usr/bin/cmake --build /home/bushwookie/ws_orbot/build/image_interfaces -- -j16 -l16
[2.567s] [  3%] [34m[1mGenerating C code for ROS interfaces[0m
[2.573s] [  6%] [34m[1mGenerating C++ code for ROS interfaces[0m
[2.579s] [  6%] Built target ament_cmake_python_copy_image_interfaces
[2.739s] running egg_info
[2.739s] creating image_interfaces.egg-info
[2.740s] writing image_interfaces.egg-info/PKG-INFO
[2.740s] writing dependency_links to image_interfaces.egg-info/dependency_links.txt
[2.740s] writing top-level names to image_interfaces.egg-info/top_level.txt
[2.740s] writing manifest file 'image_interfaces.egg-info/SOURCES.txt'
[2.742s] reading manifest file 'image_interfaces.egg-info/SOURCES.txt'
[2.743s] writing manifest file 'image_interfaces.egg-info/SOURCES.txt'
[2.770s] [  6%] Built target ament_cmake_python_build_image_interfaces_egg
[2.789s] [  6%] Built target image_interfaces__cpp
[2.790s] [  9%] [32mBuilding C object CMakeFiles/image_interfaces__rosidl_generator_c.dir/rosidl_generator_c/image_interfaces/srv/detail/image_request__functions.c.o[0m
[2.796s] [ 16%] [34m[1mGenerating C++ type support for eProsima Fast-RTPS[0m
[2.797s] [ 16%] [34m[1mGenerating C++ type support dispatch for ROS interfaces[0m
[2.797s] [ 19%] [34m[1mGenerating C++ introspection for ROS interfaces[0m
[2.883s] [ 22%] [32m[1mLinking C shared library libimage_interfaces__rosidl_generator_c.so[0m
[2.986s] [ 25%] [32mBuilding CXX object CMakeFiles/image_interfaces__rosidl_typesupport_cpp.dir/rosidl_typesupport_cpp/image_interfaces/srv/image_request__type_support.cpp.o[0m
[2.996s] [ 29%] [32mBuilding CXX object CMakeFiles/image_interfaces__rosidl_typesupport_introspection_cpp.dir/rosidl_typesupport_introspection_cpp/image_interfaces/srv/detail/image_request__type_support.cpp.o[0m
[3.013s] [ 32%] [32mBuilding CXX object CMakeFiles/image_interfaces__rosidl_typesupport_fastrtps_cpp.dir/rosidl_typesupport_fastrtps_cpp/image_interfaces/srv/detail/dds_fastrtps/image_request__type_support.cpp.o[0m
[3.052s] [ 32%] Built target image_interfaces__rosidl_generator_c
[3.061s] [ 35%] [34m[1mGenerating C type support dispatch for ROS interfaces[0m
[3.061s] [ 38%] [34m[1mGenerating C introspection for ROS interfaces[0m
[3.061s] [ 41%] [34m[1mGenerating C type support for eProsima Fast-RTPS[0m
[3.289s] [ 45%] [32mBuilding CXX object CMakeFiles/image_interfaces__rosidl_typesupport_c.dir/rosidl_typesupport_c/image_interfaces/srv/image_request__type_support.cpp.o[0m
[3.310s] [ 48%] [32m[1mLinking CXX shared library libimage_interfaces__rosidl_typesupport_cpp.so[0m
[3.324s] [ 51%] [32m[1mLinking CXX shared library libimage_interfaces__rosidl_typesupport_c.so[0m
[3.330s] [ 54%] [32mBuilding CXX object CMakeFiles/image_interfaces__rosidl_typesupport_fastrtps_c.dir/rosidl_typesupport_fastrtps_c/image_interfaces/srv/detail/image_request__type_support_c.cpp.o[0m
[3.337s] [ 58%] [32mBuilding C object CMakeFiles/image_interfaces__rosidl_typesupport_introspection_c.dir/rosidl_typesupport_introspection_c/image_interfaces/srv/detail/image_request__type_support.c.o[0m
[3.366s] [ 61%] [32m[1mLinking C shared library libimage_interfaces__rosidl_typesupport_introspection_c.so[0m
[3.443s] [ 64%] [32m[1mLinking CXX shared library libimage_interfaces__rosidl_typesupport_fastrtps_cpp.so[0m
[3.445s] [ 67%] [32m[1mLinking CXX shared library libimage_interfaces__rosidl_typesupport_introspection_cpp.so[0m
[3.449s] [ 67%] Built target image_interfaces__rosidl_typesupport_cpp
[3.476s] [ 67%] Built target image_interfaces__rosidl_typesupport_c
[3.493s] [ 67%] Built target image_interfaces__rosidl_typesupport_introspection_c
[3.572s] [ 67%] Built target image_interfaces__rosidl_typesupport_introspection_cpp
[3.584s] [ 70%] [32m[1mLinking CXX shared library libimage_interfaces__rosidl_typesupport_fastrtps_c.so[0m
[3.584s] [ 70%] Built target image_interfaces__rosidl_typesupport_fastrtps_cpp
[3.825s] [ 70%] Built target image_interfaces__rosidl_typesupport_fastrtps_c
[3.838s] [ 70%] Built target image_interfaces
[3.851s] [ 74%] [34m[1mGenerating Python code for ROS interfaces[0m
[4.083s] [ 74%] Built target image_interfaces__py
[4.095s] [ 77%] [32mBuilding C object CMakeFiles/image_interfaces__rosidl_generator_py.dir/rosidl_generator_py/image_interfaces/srv/_image_request_s.c.o[0m
[4.231s] [ 80%] [32m[1mLinking C shared library rosidl_generator_py/image_interfaces/libimage_interfaces__rosidl_generator_py.so[0m
[4.522s] [ 80%] Built target image_interfaces__rosidl_generator_py
[4.536s] [ 90%] [32mBuilding C object CMakeFiles/image_interfaces__rosidl_typesupport_introspection_c__pyext.dir/rosidl_generator_py/image_interfaces/_image_interfaces_s.ep.rosidl_typesupport_introspection_c.c.o[0m
[4.536s] [ 90%] [32mBuilding C object CMakeFiles/image_interfaces__rosidl_typesupport_c__pyext.dir/rosidl_generator_py/image_interfaces/_image_interfaces_s.ep.rosidl_typesupport_c.c.o[0m
[4.536s] [ 90%] [32mBuilding C object CMakeFiles/image_interfaces__rosidl_typesupport_fastrtps_c__pyext.dir/rosidl_generator_py/image_interfaces/_image_interfaces_s.ep.rosidl_typesupport_fastrtps_c.c.o[0m
[4.597s] [100%] [32m[1mLinking C shared library rosidl_generator_py/image_interfaces/image_interfaces_s__rosidl_typesupport_fastrtps_c.cpython-310-x86_64-linux-gnu.so[0m
[4.598s] [100%] [32m[1mLinking C shared library rosidl_generator_py/image_interfaces/image_interfaces_s__rosidl_typesupport_c.cpython-310-x86_64-linux-gnu.so[0m
[4.598s] [100%] [32m[1mLinking C shared library rosidl_generator_py/image_interfaces/image_interfaces_s__rosidl_typesupport_introspection_c.cpython-310-x86_64-linux-gnu.so[0m
[4.773s] [100%] Built target image_interfaces__rosidl_typesupport_introspection_c__pyext
[4.773s] [100%] Built target image_interfaces__rosidl_typesupport_c__pyext
[4.773s] [100%] Built target image_interfaces__rosidl_typesupport_fastrtps_c__pyext
[4.780s] Invoked command in '/home/bushwookie/ws_orbot/build/image_interfaces' returned '0': CMAKE_PREFIX_PATH=/opt/ros/humble WSLENV=ELECTRON_RUN_AS_NODE/w: /usr/bin/cmake --build /home/bushwookie/ws_orbot/build/image_interfaces -- -j16 -l16
[4.824s] Invoking command in '/home/bushwookie/ws_orbot/build/image_interfaces': CMAKE_PREFIX_PATH=/opt/ros/humble WSLENV=ELECTRON_RUN_AS_NODE/w: /usr/bin/cmake --install /home/bushwookie/ws_orbot/build/image_interfaces
[4.829s] -- Install configuration: ""
[4.829s] -- Installing: /home/bushwookie/ws_orbot/install/image_interfaces/share/ament_index/resource_index/rosidl_interfaces/image_interfaces
[4.829s] -- Installing: /home/bushwookie/ws_orbot/install/image_interfaces/include/image_interfaces/image_interfaces
[4.830s] -- Installing: /home/bushwookie/ws_orbot/install/image_interfaces/include/image_interfaces/image_interfaces/srv
[4.830s] -- Installing: /home/bushwookie/ws_orbot/install/image_interfaces/include/image_interfaces/image_interfaces/srv/detail
[4.830s] -- Installing: /home/bushwookie/ws_orbot/install/image_interfaces/include/image_interfaces/image_interfaces/srv/detail/image_request__type_support.h
[4.830s] -- Installing: /home/bushwookie/ws_orbot/install/image_interfaces/include/image_interfaces/image_interfaces/srv/detail/image_request__functions.h
[4.830s] -- Installing: /home/bushwookie/ws_orbot/install/image_interfaces/include/image_interfaces/image_interfaces/srv/detail/image_request__functions.c
[4.830s] -- Installing: /home/bushwookie/ws_orbot/install/image_interfaces/include/image_interfaces/image_interfaces/srv/detail/image_request__struct.h
[4.830s] -- Installing: /home/bushwookie/ws_orbot/install/image_interfaces/include/image_interfaces/image_interfaces/srv/image_request.h
[4.830s] -- Installing: /home/bushwookie/ws_orbot/install/image_interfaces/include/image_interfaces/image_interfaces/msg
[4.831s] -- Installing: /home/bushwookie/ws_orbot/install/image_interfaces/include/image_interfaces/image_interfaces/msg/rosidl_generator_c__visibility_control.h
[4.831s] -- Installing: /home/bushwookie/ws_orbot/install/image_interfaces/share/image_interfaces/environment/library_path.sh
[4.831s] -- Installing: /home/bushwookie/ws_orbot/install/image_interfaces/share/image_interfaces/environment/library_path.dsv
[4.831s] -- Installing: /home/bushwookie/ws_orbot/install/image_interfaces/lib/libimage_interfaces__rosidl_generator_c.so
[4.831s] -- Set runtime path of "/home/bushwookie/ws_orbot/install/image_interfaces/lib/libimage_interfaces__rosidl_generator_c.so" to ""
[4.832s] -- Up-to-date: /home/bushwookie/ws_orbot/install/image_interfaces/include/image_interfaces/image_interfaces
[4.832s] -- Up-to-date: /home/bushwookie/ws_orbot/install/image_interfaces/include/image_interfaces/image_interfaces/srv
[4.832s] -- Up-to-date: /home/bushwookie/ws_orbot/install/image_interfaces/include/image_interfaces/image_interfaces/srv/detail
[4.832s] -- Installing: /home/bushwookie/ws_orbot/install/image_interfaces/include/image_interfaces/image_interfaces/srv/detail/image_request__rosidl_typesupport_fastrtps_c.h
[4.833s] -- Up-to-date: /home/bushwookie/ws_orbot/install/image_interfaces/include/image_interfaces/image_interfaces/msg
[4.833s] -- Installing: /home/bushwookie/ws_orbot/install/image_interfaces/include/image_interfaces/image_interfaces/msg/rosidl_typesupport_fastrtps_c__visibility_control.h
[4.834s] -- Installing: /home/bushwookie/ws_orbot/install/image_interfaces/lib/libimage_interfaces__rosidl_typesupport_fastrtps_c.so
[4.834s] -- Set runtime path of "/home/bushwookie/ws_orbot/install/image_interfaces/lib/libimage_interfaces__rosidl_typesupport_fastrtps_c.so" to ""
[4.834s] -- Up-to-date: /home/bushwookie/ws_orbot/install/image_interfaces/include/image_interfaces/image_interfaces
[4.834s] -- Up-to-date: /home/bushwookie/ws_orbot/install/image_interfaces/include/image_interfaces/image_interfaces/srv
[4.835s] -- Up-to-date: /home/bushwookie/ws_orbot/install/image_interfaces/include/image_interfaces/image_interfaces/srv/detail
[4.835s] -- Installing: /home/bushwookie/ws_orbot/install/image_interfaces/include/image_interfaces/image_interfaces/srv/detail/image_request__rosidl_typesupport_introspection_c.h
[4.835s] -- Installing: /home/bushwookie/ws_orbot/install/image_interfaces/include/image_interfaces/image_interfaces/srv/detail/image_request__type_support.c
[4.835s] -- Up-to-date: /home/bushwookie/ws_orbot/install/image_interfaces/include/image_interfaces/image_interfaces/msg
[4.835s] -- Installing: /home/bushwookie/ws_orbot/install/image_interfaces/include/image_interfaces/image_interfaces/msg/rosidl_typesupport_introspection_c__visibility_control.h
[4.835s] -- Installing: /home/bushwookie/ws_orbot/install/image_interfaces/lib/libimage_interfaces__rosidl_typesupport_introspection_c.so
[4.835s] -- Set runtime path of "/home/bushwookie/ws_orbot/install/image_interfaces/lib/libimage_interfaces__rosidl_typesupport_introspection_c.so" to ""
[4.835s] -- Installing: /home/bushwookie/ws_orbot/install/image_interfaces/lib/libimage_interfaces__rosidl_typesupport_c.so
[4.835s] -- Set runtime path of "/home/bushwookie/ws_orbot/install/image_interfaces/lib/libimage_interfaces__rosidl_typesupport_c.so" to ""
[4.835s] -- Up-to-date: /home/bushwookie/ws_orbot/install/image_interfaces/include/image_interfaces/image_interfaces
[4.835s] -- Up-to-date: /home/bushwookie/ws_orbot/install/image_interfaces/include/image_interfaces/image_interfaces/srv
[4.836s] -- Up-to-date: /home/bushwookie/ws_orbot/install/image_interfaces/include/image_interfaces/image_interfaces/srv/detail
[4.836s] -- Installing: /home/bushwookie/ws_orbot/install/image_interfaces/include/image_interfaces/image_interfaces/srv/detail/image_request__traits.hpp
[4.836s] -- Installing: /home/bushwookie/ws_orbot/install/image_interfaces/include/image_interfaces/image_interfaces/srv/detail/image_request__builder.hpp
[4.836s] -- Installing: /home/bushwookie/ws_orbot/install/image_interfaces/include/image_interfaces/image_interfaces/srv/detail/image_request__struct.hpp
[4.836s] -- Installing: /home/bushwookie/ws_orbot/install/image_interfaces/include/image_interfaces/image_interfaces/srv/image_request.hpp
[4.836s] -- Up-to-date: /home/bushwookie/ws_orbot/install/image_interfaces/include/image_interfaces/image_interfaces
[4.836s] -- Up-to-date: /home/bushwookie/ws_orbot/install/image_interfaces/include/image_interfaces/image_interfaces/srv
[4.836s] -- Up-to-date: /home/bushwookie/ws_orbot/install/image_interfaces/include/image_interfaces/image_interfaces/srv/detail
[4.836s] -- Installing: /home/bushwookie/ws_orbot/install/image_interfaces/include/image_interfaces/image_interfaces/srv/detail/image_request__rosidl_typesupport_fastrtps_cpp.hpp
[4.836s] -- Installing: /home/bushwookie/ws_orbot/install/image_interfaces/include/image_interfaces/image_interfaces/srv/detail/dds_fastrtps
[4.836s] -- Up-to-date: /home/bushwookie/ws_orbot/install/image_interfaces/include/image_interfaces/image_interfaces/msg
[4.836s] -- Installing: /home/bushwookie/ws_orbot/install/image_interfaces/include/image_interfaces/image_interfaces/msg/rosidl_typesupport_fastrtps_cpp__visibility_control.h
[4.836s] -- Installing: /home/bushwookie/ws_orbot/install/image_interfaces/lib/libimage_interfaces__rosidl_typesupport_fastrtps_cpp.so
[4.836s] -- Set runtime path of "/home/bushwookie/ws_orbot/install/image_interfaces/lib/libimage_interfaces__rosidl_typesupport_fastrtps_cpp.so" to ""
[4.836s] -- Up-to-date: /home/bushwookie/ws_orbot/install/image_interfaces/include/image_interfaces/image_interfaces
[4.836s] -- Up-to-date: /home/bushwookie/ws_orbot/install/image_interfaces/include/image_interfaces/image_interfaces/srv
[4.836s] -- Up-to-date: /home/bushwookie/ws_orbot/install/image_interfaces/include/image_interfaces/image_interfaces/srv/detail
[4.836s] -- Installing: /home/bushwookie/ws_orbot/install/image_interfaces/include/image_interfaces/image_interfaces/srv/detail/image_request__rosidl_typesupport_introspection_cpp.hpp
[4.836s] -- Installing: /home/bushwookie/ws_orbot/install/image_interfaces/include/image_interfaces/image_interfaces/srv/detail/image_request__type_support.cpp
[4.836s] -- Installing: /home/bushwookie/ws_orbot/install/image_interfaces/lib/libimage_interfaces__rosidl_typesupport_introspection_cpp.so
[4.836s] -- Set runtime path of "/home/bushwookie/ws_orbot/install/image_interfaces/lib/libimage_interfaces__rosidl_typesupport_introspection_cpp.so" to ""
[4.836s] -- Installing: /home/bushwookie/ws_orbot/install/image_interfaces/lib/libimage_interfaces__rosidl_typesupport_cpp.so
[4.836s] -- Set runtime path of "/home/bushwookie/ws_orbot/install/image_interfaces/lib/libimage_interfaces__rosidl_typesupport_cpp.so" to ""
[4.836s] -- Installing: /home/bushwookie/ws_orbot/install/image_interfaces/share/image_interfaces/environment/pythonpath.sh
[4.836s] -- Installing: /home/bushwookie/ws_orbot/install/image_interfaces/share/image_interfaces/environment/pythonpath.dsv
[4.836s] -- Installing: /home/bushwookie/ws_orbot/install/image_interfaces/local/lib/python3.10/dist-packages/image_interfaces-0.0.0-py3.10.egg-info
[4.836s] -- Installing: /home/bushwookie/ws_orbot/install/image_interfaces/local/lib/python3.10/dist-packages/image_interfaces-0.0.0-py3.10.egg-info/SOURCES.txt
[4.836s] -- Installing: /home/bushwookie/ws_orbot/install/image_interfaces/local/lib/python3.10/dist-packages/image_interfaces-0.0.0-py3.10.egg-info/dependency_links.txt
[4.836s] -- Installing: /home/bushwookie/ws_orbot/install/image_interfaces/local/lib/python3.10/dist-packages/image_interfaces-0.0.0-py3.10.egg-info/PKG-INFO
[4.836s] -- Installing: /home/bushwookie/ws_orbot/install/image_interfaces/local/lib/python3.10/dist-packages/image_interfaces-0.0.0-py3.10.egg-info/top_level.txt
[4.836s] -- Installing: /home/bushwookie/ws_orbot/install/image_interfaces/local/lib/python3.10/dist-packages/image_interfaces
[4.837s] -- Installing: /home/bushwookie/ws_orbot/install/image_interfaces/local/lib/python3.10/dist-packages/image_interfaces/image_interfaces_s__rosidl_typesupport_introspection_c.cpython-310-x86_64-linux-gnu.so
[4.837s] -- Installing: /home/bushwookie/ws_orbot/install/image_interfaces/local/lib/python3.10/dist-packages/image_interfaces/_image_interfaces_s.ep.rosidl_typesupport_introspection_c.c
[4.837s] -- Installing: /home/bushwookie/ws_orbot/install/image_interfaces/local/lib/python3.10/dist-packages/image_interfaces/image_interfaces_s__rosidl_typesupport_fastrtps_c.cpython-310-x86_64-linux-gnu.so
[4.837s] -- Installing: /home/bushwookie/ws_orbot/install/image_interfaces/local/lib/python3.10/dist-packages/image_interfaces/srv
[4.837s] -- Installing: /home/bushwookie/ws_orbot/install/image_interfaces/local/lib/python3.10/dist-packages/image_interfaces/srv/__init__.py
[4.837s] -- Installing: /home/bushwookie/ws_orbot/install/image_interfaces/local/lib/python3.10/dist-packages/image_interfaces/srv/_image_request_s.c
[4.837s] -- Installing: /home/bushwookie/ws_orbot/install/image_interfaces/local/lib/python3.10/dist-packages/image_interfaces/srv/_image_request.py
[4.837s] -- Installing: /home/bushwookie/ws_orbot/install/image_interfaces/local/lib/python3.10/dist-packages/image_interfaces/_image_interfaces_s.ep.rosidl_typesupport_fastrtps_c.c
[4.837s] -- Installing: /home/bushwookie/ws_orbot/install/image_interfaces/local/lib/python3.10/dist-packages/image_interfaces/_image_interfaces_s.ep.rosidl_typesupport_c.c
[4.837s] -- Installing: /home/bushwookie/ws_orbot/install/image_interfaces/local/lib/python3.10/dist-packages/image_interfaces/libimage_interfaces__rosidl_generator_py.so
[4.838s] -- Installing: /home/bushwookie/ws_orbot/install/image_interfaces/local/lib/python3.10/dist-packages/image_interfaces/__init__.py
[4.838s] -- Installing: /home/bushwookie/ws_orbot/install/image_interfaces/local/lib/python3.10/dist-packages/image_interfaces/image_interfaces_s__rosidl_typesupport_c.cpython-310-x86_64-linux-gnu.so
[4.864s] Listing '/home/bushwookie/ws_orbot/install/image_interfaces/local/lib/python3.10/dist-packages/image_interfaces'...
[4.864s] Compiling '/home/bushwookie/ws_orbot/install/image_interfaces/local/lib/python3.10/dist-packages/image_interfaces/__init__.py'...
[4.864s] Listing '/home/bushwookie/ws_orbot/install/image_interfaces/local/lib/python3.10/dist-packages/image_interfaces/srv'...
[4.864s] Compiling '/home/bushwookie/ws_orbot/install/image_interfaces/local/lib/python3.10/dist-packages/image_interfaces/srv/__init__.py'...
[4.864s] Compiling '/home/bushwookie/ws_orbot/install/image_interfaces/local/lib/python3.10/dist-packages/image_interfaces/srv/_image_request.py'...
[4.867s] -- Installing: /home/bushwookie/ws_orbot/install/image_interfaces/local/lib/python3.10/dist-packages/image_interfaces/image_interfaces_s__rosidl_typesupport_fastrtps_c.cpython-310-x86_64-linux-gnu.so
[4.867s] -- Set runtime path of "/home/bushwookie/ws_orbot/install/image_interfaces/local/lib/python3.10/dist-packages/image_interfaces/image_interfaces_s__rosidl_typesupport_fastrtps_c.cpython-310-x86_64-linux-gnu.so" to ""
[4.867s] -- Installing: /home/bushwookie/ws_orbot/install/image_interfaces/local/lib/python3.10/dist-packages/image_interfaces/image_interfaces_s__rosidl_typesupport_introspection_c.cpython-310-x86_64-linux-gnu.so
[4.868s] -- Set runtime path of "/home/bushwookie/ws_orbot/install/image_interfaces/local/lib/python3.10/dist-packages/image_interfaces/image_interfaces_s__rosidl_typesupport_introspection_c.cpython-310-x86_64-linux-gnu.so" to ""
[4.868s] -- Installing: /home/bushwookie/ws_orbot/install/image_interfaces/local/lib/python3.10/dist-packages/image_interfaces/image_interfaces_s__rosidl_typesupport_c.cpython-310-x86_64-linux-gnu.so
[4.868s] -- Set runtime path of "/home/bushwookie/ws_orbot/install/image_interfaces/local/lib/python3.10/dist-packages/image_interfaces/image_interfaces_s__rosidl_typesupport_c.cpython-310-x86_64-linux-gnu.so" to ""
[4.869s] -- Installing: /home/bushwookie/ws_orbot/install/image_interfaces/lib/libimage_interfaces__rosidl_generator_py.so
[4.869s] -- Set runtime path of "/home/bushwookie/ws_orbot/install/image_interfaces/lib/libimage_interfaces__rosidl_generator_py.so" to ""
[4.869s] -- Installing: /home/bushwookie/ws_orbot/install/image_interfaces/share/image_interfaces/srv/ImageRequest.idl
[4.869s] -- Installing: /home/bushwookie/ws_orbot/install/image_interfaces/share/image_interfaces/srv/ImageRequest.srv
[4.869s] -- Installing: /home/bushwookie/ws_orbot/install/image_interfaces/share/image_interfaces/srv/ImageRequest_Request.msg
[4.869s] -- Installing: /home/bushwookie/ws_orbot/install/image_interfaces/share/image_interfaces/srv/ImageRequest_Response.msg
[4.869s] -- Installing: /home/bushwookie/ws_orbot/install/image_interfaces/share/ament_index/resource_index/package_run_dependencies/image_interfaces
[4.869s] -- Installing: /home/bushwookie/ws_orbot/install/image_interfaces/share/ament_index/resource_index/parent_prefix_path/image_interfaces
[4.870s] -- Installing: /home/bushwookie/ws_orbot/install/image_interfaces/share/image_interfaces/environment/ament_prefix_path.sh
[4.870s] -- Installing: /home/bushwookie/ws_orbot/install/image_interfaces/share/image_interfaces/environment/ament_prefix_path.dsv
[4.870s] -- Installing: /home/bushwookie/ws_orbot/install/image_interfaces/share/image_interfaces/environment/path.sh
[4.870s] -- Installing: /home/bushwookie/ws_orbot/install/image_interfaces/share/image_interfaces/environment/path.dsv
[4.870s] -- Installing: /home/bushwookie/ws_orbot/install/image_interfaces/share/image_interfaces/local_setup.bash
[4.870s] -- Installing: /home/bushwookie/ws_orbot/install/image_interfaces/share/image_interfaces/local_setup.sh
[4.870s] -- Installing: /home/bushwookie/ws_orbot/install/image_interfaces/share/image_interfaces/local_setup.zsh
[4.870s] -- Installing: /home/bushwookie/ws_orbot/install/image_interfaces/share/image_interfaces/local_setup.dsv
[4.870s] -- Installing: /home/bushwookie/ws_orbot/install/image_interfaces/share/image_interfaces/package.dsv
[4.871s] -- Installing: /home/bushwookie/ws_orbot/install/image_interfaces/share/ament_index/resource_index/packages/image_interfaces
[4.871s] -- Installing: /home/bushwookie/ws_orbot/install/image_interfaces/share/image_interfaces/cmake/export_image_interfaces__rosidl_generator_cExport.cmake
[4.871s] -- Installing: /home/bushwookie/ws_orbot/install/image_interfaces/share/image_interfaces/cmake/export_image_interfaces__rosidl_generator_cExport-noconfig.cmake
[4.871s] -- Installing: /home/bushwookie/ws_orbot/install/image_interfaces/share/image_interfaces/cmake/export_image_interfaces__rosidl_typesupport_fastrtps_cExport.cmake
[4.871s] -- Installing: /home/bushwookie/ws_orbot/install/image_interfaces/share/image_interfaces/cmake/export_image_interfaces__rosidl_typesupport_fastrtps_cExport-noconfig.cmake
[4.871s] -- Installing: /home/bushwookie/ws_orbot/install/image_interfaces/share/image_interfaces/cmake/image_interfaces__rosidl_typesupport_introspection_cExport.cmake
[4.871s] -- Installing: /home/bushwookie/ws_orbot/install/image_interfaces/share/image_interfaces/cmake/image_interfaces__rosidl_typesupport_introspection_cExport-noconfig.cmake
[4.871s] -- Installing: /home/bushwookie/ws_orbot/install/image_interfaces/share/image_interfaces/cmake/image_interfaces__rosidl_typesupport_cExport.cmake
[4.871s] -- Installing: /home/bushwookie/ws_orbot/install/image_interfaces/share/image_interfaces/cmake/image_interfaces__rosidl_typesupport_cExport-noconfig.cmake
[4.872s] -- Installing: /home/bushwookie/ws_orbot/install/image_interfaces/share/image_interfaces/cmake/export_image_interfaces__rosidl_generator_cppExport.cmake
[4.872s] -- Installing: /home/bushwookie/ws_orbot/install/image_interfaces/share/image_interfaces/cmake/export_image_interfaces__rosidl_typesupport_fastrtps_cppExport.cmake
[4.872s] -- Installing: /home/bushwookie/ws_orbot/install/image_interfaces/share/image_interfaces/cmake/export_image_interfaces__rosidl_typesupport_fastrtps_cppExport-noconfig.cmake
[4.872s] -- Installing: /home/bushwookie/ws_orbot/install/image_interfaces/share/image_interfaces/cmake/image_interfaces__rosidl_typesupport_introspection_cppExport.cmake
[4.872s] -- Installing: /home/bushwookie/ws_orbot/install/image_interfaces/share/image_interfaces/cmake/image_interfaces__rosidl_typesupport_introspection_cppExport-noconfig.cmake
[4.872s] -- Installing: /home/bushwookie/ws_orbot/install/image_interfaces/share/image_interfaces/cmake/image_interfaces__rosidl_typesupport_cppExport.cmake
[4.872s] -- Installing: /home/bushwookie/ws_orbot/install/image_interfaces/share/image_interfaces/cmake/image_interfaces__rosidl_typesupport_cppExport-noconfig.cmake
[4.872s] -- Installing: /home/bushwookie/ws_orbot/install/image_interfaces/share/image_interfaces/cmake/export_image_interfaces__rosidl_generator_pyExport.cmake
[4.872s] -- Installing: /home/bushwookie/ws_orbot/install/image_interfaces/share/image_interfaces/cmake/export_image_interfaces__rosidl_generator_pyExport-noconfig.cmake
[4.872s] -- Installing: /home/bushwookie/ws_orbot/install/image_interfaces/share/image_interfaces/cmake/rosidl_cmake-extras.cmake
[4.872s] -- Installing: /home/bushwookie/ws_orbot/install/image_interfaces/share/image_interfaces/cmake/ament_cmake_export_dependencies-extras.cmake
[4.873s] -- Installing: /home/bushwookie/ws_orbot/install/image_interfaces/share/image_interfaces/cmake/ament_cmake_export_include_directories-extras.cmake
[4.873s] -- Installing: /home/bushwookie/ws_orbot/install/image_interfaces/share/image_interfaces/cmake/ament_cmake_export_libraries-extras.cmake
[4.873s] -- Installing: /home/bushwookie/ws_orbot/install/image_interfaces/share/image_interfaces/cmake/ament_cmake_export_targets-extras.cmake
[4.873s] -- Installing: /home/bushwookie/ws_orbot/install/image_interfaces/share/image_interfaces/cmake/rosidl_cmake_export_typesupport_targets-extras.cmake
[4.873s] -- Installing: /home/bushwookie/ws_orbot/install/image_interfaces/share/image_interfaces/cmake/rosidl_cmake_export_typesupport_libraries-extras.cmake
[4.873s] -- Installing: /home/bushwookie/ws_orbot/install/image_interfaces/share/image_interfaces/cmake/image_interfacesConfig.cmake
[4.873s] -- Installing: /home/bushwookie/ws_orbot/install/image_interfaces/share/image_interfaces/cmake/image_interfacesConfig-version.cmake
[4.873s] -- Installing: /home/bushwookie/ws_orbot/install/image_interfaces/share/image_interfaces/package.xml
[4.875s] Invoked command in '/home/bushwookie/ws_orbot/build/image_interfaces' returned '0': CMAKE_PREFIX_PATH=/opt/ros/humble WSLENV=ELECTRON_RUN_AS_NODE/w: /usr/bin/cmake --install /home/bushwookie/ws_orbot/build/image_interfaces
