[0.009s] Invoking command in '/home/bushwookie/ws_orbot/build/custom_interfaces': CMAKE_PREFIX_PATH=/opt/ros/humble WSLENV=ELECTRON_RUN_AS_NODE/w: /usr/bin/cmake --build /home/bushwookie/ws_orbot/build/custom_interfaces -- -j16 -l16
[0.045s] [  6%] Built target custom_interfaces__cpp
[0.045s] [ 12%] Built target custom_interfaces__rosidl_generator_c
[0.053s] [ 12%] Built target ament_cmake_python_copy_custom_interfaces
[0.064s] [ 22%] Built target custom_interfaces__rosidl_typesupport_cpp
[0.065s] [ 32%] Built target custom_interfaces__rosidl_typesupport_fastrtps_cpp
[0.066s] [ 41%] Built target custom_interfaces__rosidl_typesupport_introspection_cpp
[0.072s] [ 70%] Built target custom_interfaces__rosidl_typesupport_c
[0.072s] [ 70%] Built target custom_interfaces__rosidl_typesupport_fastrtps_c
[0.072s] [ 70%] Built target custom_interfaces__rosidl_typesupport_introspection_c
[0.088s] [ 70%] Built target custom_interfaces
[0.102s] [ 74%] Built target custom_interfaces__py
[0.118s] [ 80%] Built target custom_interfaces__rosidl_generator_py
[0.136s] [ 87%] Built target custom_interfaces__rosidl_typesupport_c__pyext
[0.136s] [ 93%] Built target custom_interfaces__rosidl_typesupport_fastrtps_c__pyext
[0.142s] [100%] Built target custom_interfaces__rosidl_typesupport_introspection_c__pyext
[0.238s] running egg_info
[0.239s] writing custom_interfaces.egg-info/PKG-INFO
[0.239s] writing dependency_links to custom_interfaces.egg-info/dependency_links.txt
[0.239s] writing top-level names to custom_interfaces.egg-info/top_level.txt
[0.242s] reading manifest file 'custom_interfaces.egg-info/SOURCES.txt'
[0.242s] writing manifest file 'custom_interfaces.egg-info/SOURCES.txt'
[0.267s] [100%] Built target ament_cmake_python_build_custom_interfaces_egg
[0.277s] Invoked command in '/home/bushwookie/ws_orbot/build/custom_interfaces' returned '0': CMAKE_PREFIX_PATH=/opt/ros/humble WSLENV=ELECTRON_RUN_AS_NODE/w: /usr/bin/cmake --build /home/bushwookie/ws_orbot/build/custom_interfaces -- -j16 -l16
[0.318s] Invoking command in '/home/bushwookie/ws_orbot/build/custom_interfaces': CMAKE_PREFIX_PATH=/opt/ros/humble WSLENV=ELECTRON_RUN_AS_NODE/w: /usr/bin/cmake --install /home/bushwookie/ws_orbot/build/custom_interfaces
[0.324s] -- Install configuration: ""
[0.324s] -- Up-to-date: /home/bushwookie/ws_orbot/install/custom_interfaces/share/ament_index/resource_index/rosidl_interfaces/custom_interfaces
[0.324s] -- Up-to-date: /home/bushwookie/ws_orbot/install/custom_interfaces/include/custom_interfaces/custom_interfaces
[0.324s] -- Up-to-date: /home/bushwookie/ws_orbot/install/custom_interfaces/include/custom_interfaces/custom_interfaces/srv
[0.324s] -- Up-to-date: /home/bushwookie/ws_orbot/install/custom_interfaces/include/custom_interfaces/custom_interfaces/srv/detail
[0.324s] -- Up-to-date: /home/bushwookie/ws_orbot/install/custom_interfaces/include/custom_interfaces/custom_interfaces/srv/detail/image_request__type_support.h
[0.325s] -- Up-to-date: /home/bushwookie/ws_orbot/install/custom_interfaces/include/custom_interfaces/custom_interfaces/srv/detail/image_request__functions.h
[0.325s] -- Up-to-date: /home/bushwookie/ws_orbot/install/custom_interfaces/include/custom_interfaces/custom_interfaces/srv/detail/image_request__functions.c
[0.325s] -- Up-to-date: /home/bushwookie/ws_orbot/install/custom_interfaces/include/custom_interfaces/custom_interfaces/srv/detail/image_request__struct.h
[0.325s] -- Up-to-date: /home/bushwookie/ws_orbot/install/custom_interfaces/include/custom_interfaces/custom_interfaces/srv/image_request.h
[0.325s] -- Up-to-date: /home/bushwookie/ws_orbot/install/custom_interfaces/include/custom_interfaces/custom_interfaces/msg
[0.325s] -- Up-to-date: /home/bushwookie/ws_orbot/install/custom_interfaces/include/custom_interfaces/custom_interfaces/msg/rosidl_generator_c__visibility_control.h
[0.325s] -- Up-to-date: /home/bushwookie/ws_orbot/install/custom_interfaces/share/custom_interfaces/environment/library_path.sh
[0.326s] -- Up-to-date: /home/bushwookie/ws_orbot/install/custom_interfaces/share/custom_interfaces/environment/library_path.dsv
[0.326s] -- Up-to-date: /home/bushwookie/ws_orbot/install/custom_interfaces/lib/libcustom_interfaces__rosidl_generator_c.so
[0.326s] -- Up-to-date: /home/bushwookie/ws_orbot/install/custom_interfaces/include/custom_interfaces/custom_interfaces
[0.326s] -- Up-to-date: /home/bushwookie/ws_orbot/install/custom_interfaces/include/custom_interfaces/custom_interfaces/srv
[0.326s] -- Up-to-date: /home/bushwookie/ws_orbot/install/custom_interfaces/include/custom_interfaces/custom_interfaces/srv/detail
[0.326s] -- Up-to-date: /home/bushwookie/ws_orbot/install/custom_interfaces/include/custom_interfaces/custom_interfaces/srv/detail/image_request__rosidl_typesupport_fastrtps_c.h
[0.326s] -- Up-to-date: /home/bushwookie/ws_orbot/install/custom_interfaces/include/custom_interfaces/custom_interfaces/msg
[0.326s] -- Up-to-date: /home/bushwookie/ws_orbot/install/custom_interfaces/include/custom_interfaces/custom_interfaces/msg/rosidl_typesupport_fastrtps_c__visibility_control.h
[0.330s] -- Up-to-date: /home/bushwookie/ws_orbot/install/custom_interfaces/lib/libcustom_interfaces__rosidl_typesupport_fastrtps_c.so
[0.330s] -- Up-to-date: /home/bushwookie/ws_orbot/install/custom_interfaces/include/custom_interfaces/custom_interfaces
[0.330s] -- Up-to-date: /home/bushwookie/ws_orbot/install/custom_interfaces/include/custom_interfaces/custom_interfaces/srv
[0.330s] -- Up-to-date: /home/bushwookie/ws_orbot/install/custom_interfaces/include/custom_interfaces/custom_interfaces/srv/detail
[0.330s] -- Up-to-date: /home/bushwookie/ws_orbot/install/custom_interfaces/include/custom_interfaces/custom_interfaces/srv/detail/image_request__rosidl_typesupport_introspection_c.h
[0.330s] -- Up-to-date: /home/bushwookie/ws_orbot/install/custom_interfaces/include/custom_interfaces/custom_interfaces/srv/detail/image_request__type_support.c
[0.330s] -- Up-to-date: /home/bushwookie/ws_orbot/install/custom_interfaces/include/custom_interfaces/custom_interfaces/msg
[0.330s] -- Up-to-date: /home/bushwookie/ws_orbot/install/custom_interfaces/include/custom_interfaces/custom_interfaces/msg/rosidl_typesupport_introspection_c__visibility_control.h
[0.330s] -- Up-to-date: /home/bushwookie/ws_orbot/install/custom_interfaces/lib/libcustom_interfaces__rosidl_typesupport_introspection_c.so
[0.330s] -- Up-to-date: /home/bushwookie/ws_orbot/install/custom_interfaces/lib/libcustom_interfaces__rosidl_typesupport_c.so
[0.330s] -- Up-to-date: /home/bushwookie/ws_orbot/install/custom_interfaces/include/custom_interfaces/custom_interfaces
[0.330s] -- Up-to-date: /home/bushwookie/ws_orbot/install/custom_interfaces/include/custom_interfaces/custom_interfaces/srv
[0.330s] -- Up-to-date: /home/bushwookie/ws_orbot/install/custom_interfaces/include/custom_interfaces/custom_interfaces/srv/detail
[0.330s] -- Up-to-date: /home/bushwookie/ws_orbot/install/custom_interfaces/include/custom_interfaces/custom_interfaces/srv/detail/image_request__traits.hpp
[0.330s] -- Up-to-date: /home/bushwookie/ws_orbot/install/custom_interfaces/include/custom_interfaces/custom_interfaces/srv/detail/image_request__builder.hpp
[0.330s] -- Up-to-date: /home/bushwookie/ws_orbot/install/custom_interfaces/include/custom_interfaces/custom_interfaces/srv/detail/image_request__struct.hpp
[0.330s] -- Up-to-date: /home/bushwookie/ws_orbot/install/custom_interfaces/include/custom_interfaces/custom_interfaces/srv/image_request.hpp
[0.330s] -- Up-to-date: /home/bushwookie/ws_orbot/install/custom_interfaces/include/custom_interfaces/custom_interfaces
[0.330s] -- Up-to-date: /home/bushwookie/ws_orbot/install/custom_interfaces/include/custom_interfaces/custom_interfaces/srv
[0.330s] -- Up-to-date: /home/bushwookie/ws_orbot/install/custom_interfaces/include/custom_interfaces/custom_interfaces/srv/detail
[0.330s] -- Up-to-date: /home/bushwookie/ws_orbot/install/custom_interfaces/include/custom_interfaces/custom_interfaces/srv/detail/image_request__rosidl_typesupport_fastrtps_cpp.hpp
[0.330s] -- Up-to-date: /home/bushwookie/ws_orbot/install/custom_interfaces/include/custom_interfaces/custom_interfaces/srv/detail/dds_fastrtps
[0.330s] -- Up-to-date: /home/bushwookie/ws_orbot/install/custom_interfaces/include/custom_interfaces/custom_interfaces/msg
[0.330s] -- Up-to-date: /home/bushwookie/ws_orbot/install/custom_interfaces/include/custom_interfaces/custom_interfaces/msg/rosidl_typesupport_fastrtps_cpp__visibility_control.h
[0.330s] -- Up-to-date: /home/bushwookie/ws_orbot/install/custom_interfaces/lib/libcustom_interfaces__rosidl_typesupport_fastrtps_cpp.so
[0.330s] -- Up-to-date: /home/bushwookie/ws_orbot/install/custom_interfaces/include/custom_interfaces/custom_interfaces
[0.330s] -- Up-to-date: /home/bushwookie/ws_orbot/install/custom_interfaces/include/custom_interfaces/custom_interfaces/srv
[0.330s] -- Up-to-date: /home/bushwookie/ws_orbot/install/custom_interfaces/include/custom_interfaces/custom_interfaces/srv/detail
[0.331s] -- Up-to-date: /home/bushwookie/ws_orbot/install/custom_interfaces/include/custom_interfaces/custom_interfaces/srv/detail/image_request__rosidl_typesupport_introspection_cpp.hpp
[0.331s] -- Up-to-date: /home/bushwookie/ws_orbot/install/custom_interfaces/include/custom_interfaces/custom_interfaces/srv/detail/image_request__type_support.cpp
[0.331s] -- Up-to-date: /home/bushwookie/ws_orbot/install/custom_interfaces/lib/libcustom_interfaces__rosidl_typesupport_introspection_cpp.so
[0.331s] -- Up-to-date: /home/bushwookie/ws_orbot/install/custom_interfaces/lib/libcustom_interfaces__rosidl_typesupport_cpp.so
[0.331s] -- Up-to-date: /home/bushwookie/ws_orbot/install/custom_interfaces/share/custom_interfaces/environment/pythonpath.sh
[0.331s] -- Up-to-date: /home/bushwookie/ws_orbot/install/custom_interfaces/share/custom_interfaces/environment/pythonpath.dsv
[0.331s] -- Up-to-date: /home/bushwookie/ws_orbot/install/custom_interfaces/local/lib/python3.10/dist-packages/custom_interfaces-0.0.0-py3.10.egg-info
[0.331s] -- Installing: /home/bushwookie/ws_orbot/install/custom_interfaces/local/lib/python3.10/dist-packages/custom_interfaces-0.0.0-py3.10.egg-info/SOURCES.txt
[0.331s] -- Installing: /home/bushwookie/ws_orbot/install/custom_interfaces/local/lib/python3.10/dist-packages/custom_interfaces-0.0.0-py3.10.egg-info/dependency_links.txt
[0.331s] -- Installing: /home/bushwookie/ws_orbot/install/custom_interfaces/local/lib/python3.10/dist-packages/custom_interfaces-0.0.0-py3.10.egg-info/PKG-INFO
[0.331s] -- Installing: /home/bushwookie/ws_orbot/install/custom_interfaces/local/lib/python3.10/dist-packages/custom_interfaces-0.0.0-py3.10.egg-info/top_level.txt
[0.331s] -- Up-to-date: /home/bushwookie/ws_orbot/install/custom_interfaces/local/lib/python3.10/dist-packages/custom_interfaces
[0.331s] -- Up-to-date: /home/bushwookie/ws_orbot/install/custom_interfaces/local/lib/python3.10/dist-packages/custom_interfaces/srv
[0.331s] -- Up-to-date: /home/bushwookie/ws_orbot/install/custom_interfaces/local/lib/python3.10/dist-packages/custom_interfaces/srv/__init__.py
[0.331s] -- Up-to-date: /home/bushwookie/ws_orbot/install/custom_interfaces/local/lib/python3.10/dist-packages/custom_interfaces/srv/_image_request_s.c
[0.331s] -- Up-to-date: /home/bushwookie/ws_orbot/install/custom_interfaces/local/lib/python3.10/dist-packages/custom_interfaces/srv/_image_request.py
[0.331s] -- Up-to-date: /home/bushwookie/ws_orbot/install/custom_interfaces/local/lib/python3.10/dist-packages/custom_interfaces/custom_interfaces_s__rosidl_typesupport_fastrtps_c.cpython-310-x86_64-linux-gnu.so
[0.331s] -- Up-to-date: /home/bushwookie/ws_orbot/install/custom_interfaces/local/lib/python3.10/dist-packages/custom_interfaces/_custom_interfaces_s.ep.rosidl_typesupport_introspection_c.c
[0.331s] -- Up-to-date: /home/bushwookie/ws_orbot/install/custom_interfaces/local/lib/python3.10/dist-packages/custom_interfaces/__init__.py
[0.331s] -- Up-to-date: /home/bushwookie/ws_orbot/install/custom_interfaces/local/lib/python3.10/dist-packages/custom_interfaces/custom_interfaces_s__rosidl_typesupport_c.cpython-310-x86_64-linux-gnu.so
[0.331s] -- Up-to-date: /home/bushwookie/ws_orbot/install/custom_interfaces/local/lib/python3.10/dist-packages/custom_interfaces/_custom_interfaces_s.ep.rosidl_typesupport_fastrtps_c.c
[0.331s] -- Up-to-date: /home/bushwookie/ws_orbot/install/custom_interfaces/local/lib/python3.10/dist-packages/custom_interfaces/_custom_interfaces_s.ep.rosidl_typesupport_c.c
[0.331s] -- Up-to-date: /home/bushwookie/ws_orbot/install/custom_interfaces/local/lib/python3.10/dist-packages/custom_interfaces/libcustom_interfaces__rosidl_generator_py.so
[0.331s] -- Up-to-date: /home/bushwookie/ws_orbot/install/custom_interfaces/local/lib/python3.10/dist-packages/custom_interfaces/custom_interfaces_s__rosidl_typesupport_introspection_c.cpython-310-x86_64-linux-gnu.so
[0.348s] Listing '/home/bushwookie/ws_orbot/install/custom_interfaces/local/lib/python3.10/dist-packages/custom_interfaces'...
[0.348s] Listing '/home/bushwookie/ws_orbot/install/custom_interfaces/local/lib/python3.10/dist-packages/custom_interfaces/srv'...
[0.351s] -- Up-to-date: /home/bushwookie/ws_orbot/install/custom_interfaces/local/lib/python3.10/dist-packages/custom_interfaces/custom_interfaces_s__rosidl_typesupport_fastrtps_c.cpython-310-x86_64-linux-gnu.so
[0.351s] -- Up-to-date: /home/bushwookie/ws_orbot/install/custom_interfaces/local/lib/python3.10/dist-packages/custom_interfaces/custom_interfaces_s__rosidl_typesupport_introspection_c.cpython-310-x86_64-linux-gnu.so
[0.351s] -- Up-to-date: /home/bushwookie/ws_orbot/install/custom_interfaces/local/lib/python3.10/dist-packages/custom_interfaces/custom_interfaces_s__rosidl_typesupport_c.cpython-310-x86_64-linux-gnu.so
[0.351s] -- Up-to-date: /home/bushwookie/ws_orbot/install/custom_interfaces/lib/libcustom_interfaces__rosidl_generator_py.so
[0.352s] -- Up-to-date: /home/bushwookie/ws_orbot/install/custom_interfaces/share/custom_interfaces/srv/ImageRequest.idl
[0.352s] -- Up-to-date: /home/bushwookie/ws_orbot/install/custom_interfaces/share/custom_interfaces/srv/ImageRequest.srv
[0.352s] -- Up-to-date: /home/bushwookie/ws_orbot/install/custom_interfaces/share/custom_interfaces/srv/ImageRequest_Request.msg
[0.352s] -- Up-to-date: /home/bushwookie/ws_orbot/install/custom_interfaces/share/custom_interfaces/srv/ImageRequest_Response.msg
[0.352s] -- Up-to-date: /home/bushwookie/ws_orbot/install/custom_interfaces/share/ament_index/resource_index/package_run_dependencies/custom_interfaces
[0.352s] -- Up-to-date: /home/bushwookie/ws_orbot/install/custom_interfaces/share/ament_index/resource_index/parent_prefix_path/custom_interfaces
[0.352s] -- Up-to-date: /home/bushwookie/ws_orbot/install/custom_interfaces/share/custom_interfaces/environment/ament_prefix_path.sh
[0.352s] -- Up-to-date: /home/bushwookie/ws_orbot/install/custom_interfaces/share/custom_interfaces/environment/ament_prefix_path.dsv
[0.352s] -- Up-to-date: /home/bushwookie/ws_orbot/install/custom_interfaces/share/custom_interfaces/environment/path.sh
[0.352s] -- Up-to-date: /home/bushwookie/ws_orbot/install/custom_interfaces/share/custom_interfaces/environment/path.dsv
[0.353s] -- Up-to-date: /home/bushwookie/ws_orbot/install/custom_interfaces/share/custom_interfaces/local_setup.bash
[0.353s] -- Up-to-date: /home/bushwookie/ws_orbot/install/custom_interfaces/share/custom_interfaces/local_setup.sh
[0.353s] -- Up-to-date: /home/bushwookie/ws_orbot/install/custom_interfaces/share/custom_interfaces/local_setup.zsh
[0.353s] -- Up-to-date: /home/bushwookie/ws_orbot/install/custom_interfaces/share/custom_interfaces/local_setup.dsv
[0.353s] -- Installing: /home/bushwookie/ws_orbot/install/custom_interfaces/share/custom_interfaces/package.dsv
[0.354s] -- Up-to-date: /home/bushwookie/ws_orbot/install/custom_interfaces/share/ament_index/resource_index/packages/custom_interfaces
[0.354s] -- Up-to-date: /home/bushwookie/ws_orbot/install/custom_interfaces/share/custom_interfaces/cmake/export_custom_interfaces__rosidl_generator_cExport.cmake
[0.354s] -- Up-to-date: /home/bushwookie/ws_orbot/install/custom_interfaces/share/custom_interfaces/cmake/export_custom_interfaces__rosidl_generator_cExport-noconfig.cmake
[0.354s] -- Up-to-date: /home/bushwookie/ws_orbot/install/custom_interfaces/share/custom_interfaces/cmake/export_custom_interfaces__rosidl_typesupport_fastrtps_cExport.cmake
[0.354s] -- Up-to-date: /home/bushwookie/ws_orbot/install/custom_interfaces/share/custom_interfaces/cmake/export_custom_interfaces__rosidl_typesupport_fastrtps_cExport-noconfig.cmake
[0.354s] -- Up-to-date: /home/bushwookie/ws_orbot/install/custom_interfaces/share/custom_interfaces/cmake/custom_interfaces__rosidl_typesupport_introspection_cExport.cmake
[0.354s] -- Up-to-date: /home/bushwookie/ws_orbot/install/custom_interfaces/share/custom_interfaces/cmake/custom_interfaces__rosidl_typesupport_introspection_cExport-noconfig.cmake
[0.354s] -- Up-to-date: /home/bushwookie/ws_orbot/install/custom_interfaces/share/custom_interfaces/cmake/custom_interfaces__rosidl_typesupport_cExport.cmake
[0.354s] -- Up-to-date: /home/bushwookie/ws_orbot/install/custom_interfaces/share/custom_interfaces/cmake/custom_interfaces__rosidl_typesupport_cExport-noconfig.cmake
[0.354s] -- Up-to-date: /home/bushwookie/ws_orbot/install/custom_interfaces/share/custom_interfaces/cmake/export_custom_interfaces__rosidl_generator_cppExport.cmake
[0.354s] -- Up-to-date: /home/bushwookie/ws_orbot/install/custom_interfaces/share/custom_interfaces/cmake/export_custom_interfaces__rosidl_typesupport_fastrtps_cppExport.cmake
[0.354s] -- Up-to-date: /home/bushwookie/ws_orbot/install/custom_interfaces/share/custom_interfaces/cmake/export_custom_interfaces__rosidl_typesupport_fastrtps_cppExport-noconfig.cmake
[0.355s] -- Up-to-date: /home/bushwookie/ws_orbot/install/custom_interfaces/share/custom_interfaces/cmake/custom_interfaces__rosidl_typesupport_introspection_cppExport.cmake
[0.355s] -- Up-to-date: /home/bushwookie/ws_orbot/install/custom_interfaces/share/custom_interfaces/cmake/custom_interfaces__rosidl_typesupport_introspection_cppExport-noconfig.cmake
[0.355s] -- Up-to-date: /home/bushwookie/ws_orbot/install/custom_interfaces/share/custom_interfaces/cmake/custom_interfaces__rosidl_typesupport_cppExport.cmake
[0.355s] -- Up-to-date: /home/bushwookie/ws_orbot/install/custom_interfaces/share/custom_interfaces/cmake/custom_interfaces__rosidl_typesupport_cppExport-noconfig.cmake
[0.355s] -- Up-to-date: /home/bushwookie/ws_orbot/install/custom_interfaces/share/custom_interfaces/cmake/export_custom_interfaces__rosidl_generator_pyExport.cmake
[0.355s] -- Up-to-date: /home/bushwookie/ws_orbot/install/custom_interfaces/share/custom_interfaces/cmake/export_custom_interfaces__rosidl_generator_pyExport-noconfig.cmake
[0.355s] -- Up-to-date: /home/bushwookie/ws_orbot/install/custom_interfaces/share/custom_interfaces/cmake/rosidl_cmake-extras.cmake
[0.356s] -- Up-to-date: /home/bushwookie/ws_orbot/install/custom_interfaces/share/custom_interfaces/cmake/ament_cmake_export_dependencies-extras.cmake
[0.356s] -- Up-to-date: /home/bushwookie/ws_orbot/install/custom_interfaces/share/custom_interfaces/cmake/ament_cmake_export_include_directories-extras.cmake
[0.356s] -- Up-to-date: /home/bushwookie/ws_orbot/install/custom_interfaces/share/custom_interfaces/cmake/ament_cmake_export_libraries-extras.cmake
[0.356s] -- Up-to-date: /home/bushwookie/ws_orbot/install/custom_interfaces/share/custom_interfaces/cmake/ament_cmake_export_targets-extras.cmake
[0.356s] -- Up-to-date: /home/bushwookie/ws_orbot/install/custom_interfaces/share/custom_interfaces/cmake/rosidl_cmake_export_typesupport_targets-extras.cmake
[0.356s] -- Up-to-date: /home/bushwookie/ws_orbot/install/custom_interfaces/share/custom_interfaces/cmake/rosidl_cmake_export_typesupport_libraries-extras.cmake
[0.356s] -- Up-to-date: /home/bushwookie/ws_orbot/install/custom_interfaces/share/custom_interfaces/cmake/custom_interfacesConfig.cmake
[0.356s] -- Up-to-date: /home/bushwookie/ws_orbot/install/custom_interfaces/share/custom_interfaces/cmake/custom_interfacesConfig-version.cmake
[0.356s] -- Up-to-date: /home/bushwookie/ws_orbot/install/custom_interfaces/share/custom_interfaces/package.xml
[0.357s] Invoked command in '/home/bushwookie/ws_orbot/build/custom_interfaces' returned '0': CMAKE_PREFIX_PATH=/opt/ros/humble WSLENV=ELECTRON_RUN_AS_NODE/w: /usr/bin/cmake --install /home/bushwookie/ws_orbot/build/custom_interfaces
