[0.570s] Invoking command in '/home/bushwookie/ws_orbot/src/image_processing': PYTHONPATH=/home/bushwookie/ws_orbot/build/image_processing/prefix_override:/home/bushwookie/ws_orbot/install/image_processing/lib/python3.10/site-packages:${PYTHONPATH} WSLENV=ELECTRON_RUN_AS_NODE/w: /usr/bin/python3 -W ignore:setup.py install is deprecated setup.py egg_info --egg-base ../../build/image_processing build --build-base /home/bushwookie/ws_orbot/build/image_processing/build install --record /home/bushwookie/ws_orbot/build/image_processing/install.log --single-version-externally-managed install_data
[0.768s] running egg_info
[0.768s] creating ../../build/image_processing/image_processing.egg-info
[0.769s] writing ../../build/image_processing/image_processing.egg-info/PKG-INFO
[0.769s] writing dependency_links to ../../build/image_processing/image_processing.egg-info/dependency_links.txt
[0.769s] writing entry points to ../../build/image_processing/image_processing.egg-info/entry_points.txt
[0.769s] writing requirements to ../../build/image_processing/image_processing.egg-info/requires.txt
[0.769s] writing top-level names to ../../build/image_processing/image_processing.egg-info/top_level.txt
[0.770s] writing manifest file '../../build/image_processing/image_processing.egg-info/SOURCES.txt'
[0.771s] reading manifest file '../../build/image_processing/image_processing.egg-info/SOURCES.txt'
[0.771s] adding license file 'LICENSE'
[0.771s] writing manifest file '../../build/image_processing/image_processing.egg-info/SOURCES.txt'
[0.771s] running build
[0.771s] running build_py
[0.772s] creating /home/bushwookie/ws_orbot/build/image_processing/build
[0.772s] creating /home/bushwookie/ws_orbot/build/image_processing/build/lib
[0.772s] creating /home/bushwookie/ws_orbot/build/image_processing/build/lib/image_processing
[0.773s] copying image_processing/__init__.py -> /home/bushwookie/ws_orbot/build/image_processing/build/lib/image_processing
[0.773s] copying image_processing/service_function.py -> /home/bushwookie/ws_orbot/build/image_processing/build/lib/image_processing
[0.773s] running install
[0.773s] running install_lib
[0.774s] creating /home/bushwookie/ws_orbot/install/image_processing/lib/python3.10/site-packages/image_processing
[0.774s] copying /home/bushwookie/ws_orbot/build/image_processing/build/lib/image_processing/__init__.py -> /home/bushwookie/ws_orbot/install/image_processing/lib/python3.10/site-packages/image_processing
[0.774s] copying /home/bushwookie/ws_orbot/build/image_processing/build/lib/image_processing/service_function.py -> /home/bushwookie/ws_orbot/install/image_processing/lib/python3.10/site-packages/image_processing
[0.775s] byte-compiling /home/bushwookie/ws_orbot/install/image_processing/lib/python3.10/site-packages/image_processing/__init__.py to __init__.cpython-310.pyc
[0.775s] byte-compiling /home/bushwookie/ws_orbot/install/image_processing/lib/python3.10/site-packages/image_processing/service_function.py to service_function.cpython-310.pyc
[0.775s] running install_data
[0.775s] creating /home/bushwookie/ws_orbot/install/image_processing/share/ament_index
[0.776s] creating /home/bushwookie/ws_orbot/install/image_processing/share/ament_index/resource_index
[0.776s] creating /home/bushwookie/ws_orbot/install/image_processing/share/ament_index/resource_index/packages
[0.776s] copying resource/image_processing -> /home/bushwookie/ws_orbot/install/image_processing/share/ament_index/resource_index/packages
[0.776s] copying package.xml -> /home/bushwookie/ws_orbot/install/image_processing/share/image_processing
[0.776s] running install_egg_info
[0.777s] Copying ../../build/image_processing/image_processing.egg-info to /home/bushwookie/ws_orbot/install/image_processing/lib/python3.10/site-packages/image_processing-0.0.0-py3.10.egg-info
[0.778s] running install_scripts
[0.794s] writing list of installed files to '/home/bushwookie/ws_orbot/build/image_processing/install.log'
[0.814s] Invoked command in '/home/bushwookie/ws_orbot/src/image_processing' returned '0': PYTHONPATH=/home/bushwookie/ws_orbot/build/image_processing/prefix_override:/home/bushwookie/ws_orbot/install/image_processing/lib/python3.10/site-packages:${PYTHONPATH} WSLENV=ELECTRON_RUN_AS_NODE/w: /usr/bin/python3 -W ignore:setup.py install is deprecated setup.py egg_info --egg-base ../../build/image_processing build --build-base /home/bushwookie/ws_orbot/build/image_processing/build install --record /home/bushwookie/ws_orbot/build/image_processing/install.log --single-version-externally-managed install_data
